ARM GAS  C:\Users\ACER\AppData\Local\Temp\ccmam2ii.s 			page 1


   1              		.cpu cortex-m4
   2              		.arch armv7e-m
   3              		.fpu fpv4-sp-d16
   4              		.eabi_attribute 27, 1
   5              		.eabi_attribute 28, 1
   6              		.eabi_attribute 20, 1
   7              		.eabi_attribute 21, 1
   8              		.eabi_attribute 23, 3
   9              		.eabi_attribute 24, 1
  10              		.eabi_attribute 25, 1
  11              		.eabi_attribute 26, 1
  12              		.eabi_attribute 30, 1
  13              		.eabi_attribute 34, 1
  14              		.eabi_attribute 18, 4
  15              		.file	"arm_q31_to_q15.c"
  16              		.text
  17              	.Ltext0:
  18              		.cfi_sections	.debug_frame
  19              		.file 1 "Drivers/CMSIS/DSP/Source/SupportFunctions/arm_q31_to_q15.c"
  20              		.section	.text.arm_q31_to_q15,"ax",%progbits
  21              		.align	1
  22              		.global	arm_q31_to_q15
  23              		.syntax unified
  24              		.thumb
  25              		.thumb_func
  27              	arm_q31_to_q15:
  28              	.LVL0:
  29              	.LFB135:
   1:Drivers/CMSIS/DSP/Source/SupportFunctions/arm_q31_to_q15.c **** /* ----------------------------------------------------------------------
   2:Drivers/CMSIS/DSP/Source/SupportFunctions/arm_q31_to_q15.c ****  * Project:      CMSIS DSP Library
   3:Drivers/CMSIS/DSP/Source/SupportFunctions/arm_q31_to_q15.c ****  * Title:        arm_q31_to_q15.c
   4:Drivers/CMSIS/DSP/Source/SupportFunctions/arm_q31_to_q15.c ****  * Description:  Converts the elements of the Q31 vector to Q15 vector
   5:Drivers/CMSIS/DSP/Source/SupportFunctions/arm_q31_to_q15.c ****  *
   6:Drivers/CMSIS/DSP/Source/SupportFunctions/arm_q31_to_q15.c ****  * $Date:        27. January 2017
   7:Drivers/CMSIS/DSP/Source/SupportFunctions/arm_q31_to_q15.c ****  * $Revision:    V.1.5.1
   8:Drivers/CMSIS/DSP/Source/SupportFunctions/arm_q31_to_q15.c ****  *
   9:Drivers/CMSIS/DSP/Source/SupportFunctions/arm_q31_to_q15.c ****  * Target Processor: Cortex-M cores
  10:Drivers/CMSIS/DSP/Source/SupportFunctions/arm_q31_to_q15.c ****  * -------------------------------------------------------------------- */
  11:Drivers/CMSIS/DSP/Source/SupportFunctions/arm_q31_to_q15.c **** /*
  12:Drivers/CMSIS/DSP/Source/SupportFunctions/arm_q31_to_q15.c ****  * Copyright (C) 2010-2017 ARM Limited or its affiliates. All rights reserved.
  13:Drivers/CMSIS/DSP/Source/SupportFunctions/arm_q31_to_q15.c ****  *
  14:Drivers/CMSIS/DSP/Source/SupportFunctions/arm_q31_to_q15.c ****  * SPDX-License-Identifier: Apache-2.0
  15:Drivers/CMSIS/DSP/Source/SupportFunctions/arm_q31_to_q15.c ****  *
  16:Drivers/CMSIS/DSP/Source/SupportFunctions/arm_q31_to_q15.c ****  * Licensed under the Apache License, Version 2.0 (the License); you may
  17:Drivers/CMSIS/DSP/Source/SupportFunctions/arm_q31_to_q15.c ****  * not use this file except in compliance with the License.
  18:Drivers/CMSIS/DSP/Source/SupportFunctions/arm_q31_to_q15.c ****  * You may obtain a copy of the License at
  19:Drivers/CMSIS/DSP/Source/SupportFunctions/arm_q31_to_q15.c ****  *
  20:Drivers/CMSIS/DSP/Source/SupportFunctions/arm_q31_to_q15.c ****  * www.apache.org/licenses/LICENSE-2.0
  21:Drivers/CMSIS/DSP/Source/SupportFunctions/arm_q31_to_q15.c ****  *
  22:Drivers/CMSIS/DSP/Source/SupportFunctions/arm_q31_to_q15.c ****  * Unless required by applicable law or agreed to in writing, software
  23:Drivers/CMSIS/DSP/Source/SupportFunctions/arm_q31_to_q15.c ****  * distributed under the License is distributed on an AS IS BASIS, WITHOUT
  24:Drivers/CMSIS/DSP/Source/SupportFunctions/arm_q31_to_q15.c ****  * WARRANTIES OR CONDITIONS OF ANY KIND, either express or implied.
  25:Drivers/CMSIS/DSP/Source/SupportFunctions/arm_q31_to_q15.c ****  * See the License for the specific language governing permissions and
  26:Drivers/CMSIS/DSP/Source/SupportFunctions/arm_q31_to_q15.c ****  * limitations under the License.
  27:Drivers/CMSIS/DSP/Source/SupportFunctions/arm_q31_to_q15.c ****  */
  28:Drivers/CMSIS/DSP/Source/SupportFunctions/arm_q31_to_q15.c **** 
  29:Drivers/CMSIS/DSP/Source/SupportFunctions/arm_q31_to_q15.c **** #include "arm_math.h"
ARM GAS  C:\Users\ACER\AppData\Local\Temp\ccmam2ii.s 			page 2


  30:Drivers/CMSIS/DSP/Source/SupportFunctions/arm_q31_to_q15.c **** 
  31:Drivers/CMSIS/DSP/Source/SupportFunctions/arm_q31_to_q15.c **** /**
  32:Drivers/CMSIS/DSP/Source/SupportFunctions/arm_q31_to_q15.c ****  * @ingroup groupSupport
  33:Drivers/CMSIS/DSP/Source/SupportFunctions/arm_q31_to_q15.c ****  */
  34:Drivers/CMSIS/DSP/Source/SupportFunctions/arm_q31_to_q15.c **** 
  35:Drivers/CMSIS/DSP/Source/SupportFunctions/arm_q31_to_q15.c **** /**
  36:Drivers/CMSIS/DSP/Source/SupportFunctions/arm_q31_to_q15.c ****  * @addtogroup q31_to_x
  37:Drivers/CMSIS/DSP/Source/SupportFunctions/arm_q31_to_q15.c ****  * @{
  38:Drivers/CMSIS/DSP/Source/SupportFunctions/arm_q31_to_q15.c ****  */
  39:Drivers/CMSIS/DSP/Source/SupportFunctions/arm_q31_to_q15.c **** 
  40:Drivers/CMSIS/DSP/Source/SupportFunctions/arm_q31_to_q15.c **** /**
  41:Drivers/CMSIS/DSP/Source/SupportFunctions/arm_q31_to_q15.c ****  * @brief Converts the elements of the Q31 vector to Q15 vector.
  42:Drivers/CMSIS/DSP/Source/SupportFunctions/arm_q31_to_q15.c ****  * @param[in]       *pSrc points to the Q31 input vector
  43:Drivers/CMSIS/DSP/Source/SupportFunctions/arm_q31_to_q15.c ****  * @param[out]      *pDst points to the Q15 output vector
  44:Drivers/CMSIS/DSP/Source/SupportFunctions/arm_q31_to_q15.c ****  * @param[in]       blockSize length of the input vector
  45:Drivers/CMSIS/DSP/Source/SupportFunctions/arm_q31_to_q15.c ****  * @return none.
  46:Drivers/CMSIS/DSP/Source/SupportFunctions/arm_q31_to_q15.c ****  *
  47:Drivers/CMSIS/DSP/Source/SupportFunctions/arm_q31_to_q15.c ****  * \par Description:
  48:Drivers/CMSIS/DSP/Source/SupportFunctions/arm_q31_to_q15.c ****  *
  49:Drivers/CMSIS/DSP/Source/SupportFunctions/arm_q31_to_q15.c ****  * The equation used for the conversion process is:
  50:Drivers/CMSIS/DSP/Source/SupportFunctions/arm_q31_to_q15.c ****  *
  51:Drivers/CMSIS/DSP/Source/SupportFunctions/arm_q31_to_q15.c ****  * <pre>
  52:Drivers/CMSIS/DSP/Source/SupportFunctions/arm_q31_to_q15.c ****  * 	pDst[n] = (q15_t) pSrc[n] >> 16;   0 <= n < blockSize.
  53:Drivers/CMSIS/DSP/Source/SupportFunctions/arm_q31_to_q15.c ****  * </pre>
  54:Drivers/CMSIS/DSP/Source/SupportFunctions/arm_q31_to_q15.c ****  *
  55:Drivers/CMSIS/DSP/Source/SupportFunctions/arm_q31_to_q15.c ****  */
  56:Drivers/CMSIS/DSP/Source/SupportFunctions/arm_q31_to_q15.c **** 
  57:Drivers/CMSIS/DSP/Source/SupportFunctions/arm_q31_to_q15.c **** 
  58:Drivers/CMSIS/DSP/Source/SupportFunctions/arm_q31_to_q15.c **** void arm_q31_to_q15(
  59:Drivers/CMSIS/DSP/Source/SupportFunctions/arm_q31_to_q15.c ****   q31_t * pSrc,
  60:Drivers/CMSIS/DSP/Source/SupportFunctions/arm_q31_to_q15.c ****   q15_t * pDst,
  61:Drivers/CMSIS/DSP/Source/SupportFunctions/arm_q31_to_q15.c ****   uint32_t blockSize)
  62:Drivers/CMSIS/DSP/Source/SupportFunctions/arm_q31_to_q15.c **** {
  30              		.loc 1 62 1 view -0
  31              		.cfi_startproc
  32              		@ args = 0, pretend = 0, frame = 0
  33              		@ frame_needed = 0, uses_anonymous_args = 0
  34              		@ link register save eliminated.
  35              		.loc 1 62 1 is_stmt 0 view .LVU1
  36 0000 70B4     		push	{r4, r5, r6}
  37              	.LCFI0:
  38              		.cfi_def_cfa_offset 12
  39              		.cfi_offset 4, -12
  40              		.cfi_offset 5, -8
  41              		.cfi_offset 6, -4
  63:Drivers/CMSIS/DSP/Source/SupportFunctions/arm_q31_to_q15.c ****   q31_t *pIn = pSrc;                             /* Src pointer */
  42              		.loc 1 63 3 is_stmt 1 view .LVU2
  43              	.LVL1:
  64:Drivers/CMSIS/DSP/Source/SupportFunctions/arm_q31_to_q15.c ****   uint32_t blkCnt;                               /* loop counter */
  44              		.loc 1 64 3 view .LVU3
  65:Drivers/CMSIS/DSP/Source/SupportFunctions/arm_q31_to_q15.c **** 
  66:Drivers/CMSIS/DSP/Source/SupportFunctions/arm_q31_to_q15.c **** #if defined (ARM_MATH_DSP)
  67:Drivers/CMSIS/DSP/Source/SupportFunctions/arm_q31_to_q15.c **** 
  68:Drivers/CMSIS/DSP/Source/SupportFunctions/arm_q31_to_q15.c ****   /* Run the below code for Cortex-M4 and Cortex-M3 */
  69:Drivers/CMSIS/DSP/Source/SupportFunctions/arm_q31_to_q15.c ****   q31_t in1, in2, in3, in4;
  45              		.loc 1 69 3 view .LVU4
  70:Drivers/CMSIS/DSP/Source/SupportFunctions/arm_q31_to_q15.c ****   q31_t out1, out2;
ARM GAS  C:\Users\ACER\AppData\Local\Temp\ccmam2ii.s 			page 3


  46              		.loc 1 70 3 view .LVU5
  71:Drivers/CMSIS/DSP/Source/SupportFunctions/arm_q31_to_q15.c **** 
  72:Drivers/CMSIS/DSP/Source/SupportFunctions/arm_q31_to_q15.c ****   /*loop Unrolling */
  73:Drivers/CMSIS/DSP/Source/SupportFunctions/arm_q31_to_q15.c ****   blkCnt = blockSize >> 2U;
  47              		.loc 1 73 3 view .LVU6
  48              		.loc 1 73 10 is_stmt 0 view .LVU7
  49 0002 9608     		lsrs	r6, r2, #2
  50              	.LVL2:
  74:Drivers/CMSIS/DSP/Source/SupportFunctions/arm_q31_to_q15.c **** 
  75:Drivers/CMSIS/DSP/Source/SupportFunctions/arm_q31_to_q15.c ****   /* First part of the processing with loop unrolling.  Compute 4 outputs at a time.
  76:Drivers/CMSIS/DSP/Source/SupportFunctions/arm_q31_to_q15.c ****    ** a second loop below computes the remaining 1 to 3 samples. */
  77:Drivers/CMSIS/DSP/Source/SupportFunctions/arm_q31_to_q15.c ****   while (blkCnt > 0U)
  51              		.loc 1 77 3 is_stmt 1 view .LVU8
  52              		.loc 1 77 9 is_stmt 0 view .LVU9
  53 0004 0EE0     		b	.L2
  54              	.LVL3:
  55              	.L3:
  78:Drivers/CMSIS/DSP/Source/SupportFunctions/arm_q31_to_q15.c ****   {
  79:Drivers/CMSIS/DSP/Source/SupportFunctions/arm_q31_to_q15.c ****     /* C = (q15_t) A >> 16 */
  80:Drivers/CMSIS/DSP/Source/SupportFunctions/arm_q31_to_q15.c ****     /* convert from q31 to q15 and then store the results in the destination buffer */
  81:Drivers/CMSIS/DSP/Source/SupportFunctions/arm_q31_to_q15.c ****     in1 = *pIn++;
  56              		.loc 1 81 5 is_stmt 1 view .LVU10
  82:Drivers/CMSIS/DSP/Source/SupportFunctions/arm_q31_to_q15.c ****     in2 = *pIn++;
  57              		.loc 1 82 5 view .LVU11
  83:Drivers/CMSIS/DSP/Source/SupportFunctions/arm_q31_to_q15.c ****     in3 = *pIn++;
  58              		.loc 1 83 5 view .LVU12
  84:Drivers/CMSIS/DSP/Source/SupportFunctions/arm_q31_to_q15.c ****     in4 = *pIn++;
  59              		.loc 1 84 5 view .LVU13
  85:Drivers/CMSIS/DSP/Source/SupportFunctions/arm_q31_to_q15.c **** 
  86:Drivers/CMSIS/DSP/Source/SupportFunctions/arm_q31_to_q15.c ****     /* pack two higher 16-bit values from two 32-bit values */
  87:Drivers/CMSIS/DSP/Source/SupportFunctions/arm_q31_to_q15.c **** #ifndef ARM_MATH_BIG_ENDIAN
  88:Drivers/CMSIS/DSP/Source/SupportFunctions/arm_q31_to_q15.c **** 
  89:Drivers/CMSIS/DSP/Source/SupportFunctions/arm_q31_to_q15.c ****     out1 = __PKHTB(in2, in1, 16);
  60              		.loc 1 89 5 view .LVU14
  61              		.loc 1 89 12 is_stmt 0 view .LVU15
  62 0006 4588     		ldrh	r5, [r0, #2]
  63              		.loc 1 89 10 view .LVU16
  64 0008 C388     		ldrh	r3, [r0, #6]
  65 000a 45EA0345 		orr	r5, r5, r3, lsl #16
  66              	.LVL4:
  90:Drivers/CMSIS/DSP/Source/SupportFunctions/arm_q31_to_q15.c ****     out2 = __PKHTB(in4, in3, 16);
  67              		.loc 1 90 5 is_stmt 1 view .LVU17
  68              		.loc 1 90 12 is_stmt 0 view .LVU18
  69 000e 4489     		ldrh	r4, [r0, #10]
  70              		.loc 1 90 10 view .LVU19
  71 0010 C389     		ldrh	r3, [r0, #14]
  72 0012 44EA0344 		orr	r4, r4, r3, lsl #16
  73              	.LVL5:
  91:Drivers/CMSIS/DSP/Source/SupportFunctions/arm_q31_to_q15.c **** 
  92:Drivers/CMSIS/DSP/Source/SupportFunctions/arm_q31_to_q15.c **** #else
  93:Drivers/CMSIS/DSP/Source/SupportFunctions/arm_q31_to_q15.c **** 
  94:Drivers/CMSIS/DSP/Source/SupportFunctions/arm_q31_to_q15.c ****     out1 = __PKHTB(in1, in2, 16);
  95:Drivers/CMSIS/DSP/Source/SupportFunctions/arm_q31_to_q15.c ****     out2 = __PKHTB(in3, in4, 16);
  96:Drivers/CMSIS/DSP/Source/SupportFunctions/arm_q31_to_q15.c **** 
  97:Drivers/CMSIS/DSP/Source/SupportFunctions/arm_q31_to_q15.c **** #endif //      #ifdef ARM_MATH_BIG_ENDIAN
  98:Drivers/CMSIS/DSP/Source/SupportFunctions/arm_q31_to_q15.c **** 
  99:Drivers/CMSIS/DSP/Source/SupportFunctions/arm_q31_to_q15.c ****     *__SIMD32(pDst)++ = out1;
ARM GAS  C:\Users\ACER\AppData\Local\Temp\ccmam2ii.s 			page 4


  74              		.loc 1 99 5 is_stmt 1 view .LVU20
  75              		.loc 1 99 23 is_stmt 0 view .LVU21
  76 0016 0B46     		mov	r3, r1
  77 0018 43F8085B 		str	r5, [r3], #8
  78              	.LVL6:
 100:Drivers/CMSIS/DSP/Source/SupportFunctions/arm_q31_to_q15.c ****     *__SIMD32(pDst)++ = out2;
  79              		.loc 1 100 5 is_stmt 1 view .LVU22
  80              		.loc 1 100 23 is_stmt 0 view .LVU23
  81 001c 4C60     		str	r4, [r1, #4]
 101:Drivers/CMSIS/DSP/Source/SupportFunctions/arm_q31_to_q15.c **** 
 102:Drivers/CMSIS/DSP/Source/SupportFunctions/arm_q31_to_q15.c ****     /* Decrement the loop counter */
 103:Drivers/CMSIS/DSP/Source/SupportFunctions/arm_q31_to_q15.c ****     blkCnt--;
  82              		.loc 1 103 5 is_stmt 1 view .LVU24
  83              		.loc 1 103 11 is_stmt 0 view .LVU25
  84 001e 013E     		subs	r6, r6, #1
  85              	.LVL7:
 100:Drivers/CMSIS/DSP/Source/SupportFunctions/arm_q31_to_q15.c ****     *__SIMD32(pDst)++ = out2;
  86              		.loc 1 100 20 view .LVU26
  87 0020 1946     		mov	r1, r3
  84:Drivers/CMSIS/DSP/Source/SupportFunctions/arm_q31_to_q15.c **** 
  88              		.loc 1 84 15 view .LVU27
  89 0022 1030     		adds	r0, r0, #16
  90              	.LVL8:
  91              	.L2:
  77:Drivers/CMSIS/DSP/Source/SupportFunctions/arm_q31_to_q15.c ****   {
  92              		.loc 1 77 17 is_stmt 1 view .LVU28
  93 0024 002E     		cmp	r6, #0
  94 0026 EED1     		bne	.L3
 104:Drivers/CMSIS/DSP/Source/SupportFunctions/arm_q31_to_q15.c ****   }
 105:Drivers/CMSIS/DSP/Source/SupportFunctions/arm_q31_to_q15.c **** 
 106:Drivers/CMSIS/DSP/Source/SupportFunctions/arm_q31_to_q15.c ****   /* If the blockSize is not a multiple of 4, compute any remaining output samples here.
 107:Drivers/CMSIS/DSP/Source/SupportFunctions/arm_q31_to_q15.c ****    ** No loop unrolling is used. */
 108:Drivers/CMSIS/DSP/Source/SupportFunctions/arm_q31_to_q15.c ****   blkCnt = blockSize % 0x4U;
  95              		.loc 1 108 3 view .LVU29
  96              		.loc 1 108 10 is_stmt 0 view .LVU30
  97 0028 02F00302 		and	r2, r2, #3
  98              	.LVL9:
 109:Drivers/CMSIS/DSP/Source/SupportFunctions/arm_q31_to_q15.c **** 
 110:Drivers/CMSIS/DSP/Source/SupportFunctions/arm_q31_to_q15.c **** #else
 111:Drivers/CMSIS/DSP/Source/SupportFunctions/arm_q31_to_q15.c **** 
 112:Drivers/CMSIS/DSP/Source/SupportFunctions/arm_q31_to_q15.c ****   /* Run the below code for Cortex-M0 */
 113:Drivers/CMSIS/DSP/Source/SupportFunctions/arm_q31_to_q15.c **** 
 114:Drivers/CMSIS/DSP/Source/SupportFunctions/arm_q31_to_q15.c ****   /* Loop over blockSize number of values */
 115:Drivers/CMSIS/DSP/Source/SupportFunctions/arm_q31_to_q15.c ****   blkCnt = blockSize;
 116:Drivers/CMSIS/DSP/Source/SupportFunctions/arm_q31_to_q15.c **** 
 117:Drivers/CMSIS/DSP/Source/SupportFunctions/arm_q31_to_q15.c **** #endif /* #if defined (ARM_MATH_DSP) */
 118:Drivers/CMSIS/DSP/Source/SupportFunctions/arm_q31_to_q15.c **** 
 119:Drivers/CMSIS/DSP/Source/SupportFunctions/arm_q31_to_q15.c ****   while (blkCnt > 0U)
  99              		.loc 1 119 3 is_stmt 1 view .LVU31
 100              		.loc 1 119 9 is_stmt 0 view .LVU32
 101 002c 05E0     		b	.L4
 102              	.L5:
 120:Drivers/CMSIS/DSP/Source/SupportFunctions/arm_q31_to_q15.c ****   {
 121:Drivers/CMSIS/DSP/Source/SupportFunctions/arm_q31_to_q15.c ****     /* C = (q15_t) A >> 16 */
 122:Drivers/CMSIS/DSP/Source/SupportFunctions/arm_q31_to_q15.c ****     /* convert from q31 to q15 and then store the results in the destination buffer */
 123:Drivers/CMSIS/DSP/Source/SupportFunctions/arm_q31_to_q15.c ****     *pDst++ = (q15_t) (*pIn++ >> 16);
 103              		.loc 1 123 5 is_stmt 1 view .LVU33
ARM GAS  C:\Users\ACER\AppData\Local\Temp\ccmam2ii.s 			page 5


 104              	.LVL10:
 105              		.loc 1 123 24 is_stmt 0 view .LVU34
 106 002e 50F8043B 		ldr	r3, [r0], #4
 107              	.LVL11:
 108              		.loc 1 123 15 view .LVU35
 109 0032 1B14     		asrs	r3, r3, #16
 110              		.loc 1 123 13 view .LVU36
 111 0034 21F8023B 		strh	r3, [r1], #2	@ movhi
 112              	.LVL12:
 124:Drivers/CMSIS/DSP/Source/SupportFunctions/arm_q31_to_q15.c **** 
 125:Drivers/CMSIS/DSP/Source/SupportFunctions/arm_q31_to_q15.c ****     /* Decrement the loop counter */
 126:Drivers/CMSIS/DSP/Source/SupportFunctions/arm_q31_to_q15.c ****     blkCnt--;
 113              		.loc 1 126 5 is_stmt 1 view .LVU37
 114              		.loc 1 126 11 is_stmt 0 view .LVU38
 115 0038 013A     		subs	r2, r2, #1
 116              	.LVL13:
 117              	.L4:
 119:Drivers/CMSIS/DSP/Source/SupportFunctions/arm_q31_to_q15.c ****   {
 118              		.loc 1 119 17 is_stmt 1 view .LVU39
 119 003a 002A     		cmp	r2, #0
 120 003c F7D1     		bne	.L5
 127:Drivers/CMSIS/DSP/Source/SupportFunctions/arm_q31_to_q15.c ****   }
 128:Drivers/CMSIS/DSP/Source/SupportFunctions/arm_q31_to_q15.c **** 
 129:Drivers/CMSIS/DSP/Source/SupportFunctions/arm_q31_to_q15.c **** }
 121              		.loc 1 129 1 is_stmt 0 view .LVU40
 122 003e 70BC     		pop	{r4, r5, r6}
 123              	.LCFI1:
 124              		.cfi_restore 6
 125              		.cfi_restore 5
 126              		.cfi_restore 4
 127              		.cfi_def_cfa_offset 0
 128 0040 7047     		bx	lr
 129              		.cfi_endproc
 130              	.LFE135:
 132              		.text
 133              	.Letext0:
 134              		.file 2 "D:/Software/Arm Toolchain/arm-gnu-toolchain-13.2.rel1-mingw-w64-i686-arm-none-eabi/arm-gn
 135              		.file 3 "D:/Software/Arm Toolchain/arm-gnu-toolchain-13.2.rel1-mingw-w64-i686-arm-none-eabi/arm-gn
 136              		.file 4 "Drivers/CMSIS/DSP/Include/arm_math.h"
ARM GAS  C:\Users\ACER\AppData\Local\Temp\ccmam2ii.s 			page 6


DEFINED SYMBOLS
                            *ABS*:00000000 arm_q31_to_q15.c
C:\Users\ACER\AppData\Local\Temp\ccmam2ii.s:21     .text.arm_q31_to_q15:00000000 $t
C:\Users\ACER\AppData\Local\Temp\ccmam2ii.s:27     .text.arm_q31_to_q15:00000000 arm_q31_to_q15

NO UNDEFINED SYMBOLS
