ARM GAS  C:\Users\ACER\AppData\Local\Temp\cc1kSoG7.s 			page 1


   1              		.cpu cortex-m4
   2              		.arch armv7e-m
   3              		.fpu fpv4-sp-d16
   4              		.eabi_attribute 27, 1
   5              		.eabi_attribute 28, 1
   6              		.eabi_attribute 20, 1
   7              		.eabi_attribute 21, 1
   8              		.eabi_attribute 23, 3
   9              		.eabi_attribute 24, 1
  10              		.eabi_attribute 25, 1
  11              		.eabi_attribute 26, 1
  12              		.eabi_attribute 30, 1
  13              		.eabi_attribute 34, 1
  14              		.eabi_attribute 18, 4
  15              		.file	"motor_communicator.c"
  16              		.text
  17              	.Ltext0:
  18              		.cfi_sections	.debug_frame
  19              		.file 1 "Core/Src/Drivers/Motor_Communicator/motor_communicator.c"
  20              		.section	.text.UART_Init,"ax",%progbits
  21              		.align	1
  22              		.syntax unified
  23              		.thumb
  24              		.thumb_func
  26              	UART_Init:
  27              	.LVL0:
  28              	.LFB137:
   1:Core/Src/Drivers/Motor_Communicator/motor_communicator.c **** #include "motor_communicator.h"
   2:Core/Src/Drivers/Motor_Communicator/motor_communicator.c **** 
   3:Core/Src/Drivers/Motor_Communicator/motor_communicator.c **** /*Private Interfacce*/
   4:Core/Src/Drivers/Motor_Communicator/motor_communicator.c **** static UART_HandleTypeDef huart2;
   5:Core/Src/Drivers/Motor_Communicator/motor_communicator.c **** // static char rx_data[9];
   6:Core/Src/Drivers/Motor_Communicator/motor_communicator.c **** // static char tx_data[20];
   7:Core/Src/Drivers/Motor_Communicator/motor_communicator.c **** static void UART_Init(UART_HandleTypeDef* huart);
   8:Core/Src/Drivers/Motor_Communicator/motor_communicator.c **** 
   9:Core/Src/Drivers/Motor_Communicator/motor_communicator.c **** 
  10:Core/Src/Drivers/Motor_Communicator/motor_communicator.c **** /**
  11:Core/Src/Drivers/Motor_Communicator/motor_communicator.c ****   * @brief This function handles USART1 global interrupt.
  12:Core/Src/Drivers/Motor_Communicator/motor_communicator.c ****   */
  13:Core/Src/Drivers/Motor_Communicator/motor_communicator.c **** void USART2_IRQHandler(void)
  14:Core/Src/Drivers/Motor_Communicator/motor_communicator.c **** {
  15:Core/Src/Drivers/Motor_Communicator/motor_communicator.c ****   HAL_UART_IRQHandler(&huart2);
  16:Core/Src/Drivers/Motor_Communicator/motor_communicator.c **** }
  17:Core/Src/Drivers/Motor_Communicator/motor_communicator.c **** 
  18:Core/Src/Drivers/Motor_Communicator/motor_communicator.c **** /**
  19:Core/Src/Drivers/Motor_Communicator/motor_communicator.c ****   * @brief This function will be called if number of 
  20:Core/Src/Drivers/Motor_Communicator/motor_communicator.c ****   * recived bytes equal data Size declared in HAL_UART_Receive_IT.
  21:Core/Src/Drivers/Motor_Communicator/motor_communicator.c ****   */
  22:Core/Src/Drivers/Motor_Communicator/motor_communicator.c **** void HAL_UART_RxCpltCallback(UART_HandleTypeDef *huart)
  23:Core/Src/Drivers/Motor_Communicator/motor_communicator.c **** {
  24:Core/Src/Drivers/Motor_Communicator/motor_communicator.c ****   // sprintf(tx_data, "Hello World Hi\n");
  25:Core/Src/Drivers/Motor_Communicator/motor_communicator.c ****   // HAL_UART_Transmit_IT(&huart2, tx_data, (unsigned)strlen(tx_data));
  26:Core/Src/Drivers/Motor_Communicator/motor_communicator.c ****   // HAL_UART_Receive_IT(&huart2, rx_data, 3);
  27:Core/Src/Drivers/Motor_Communicator/motor_communicator.c **** }
  28:Core/Src/Drivers/Motor_Communicator/motor_communicator.c **** 
  29:Core/Src/Drivers/Motor_Communicator/motor_communicator.c **** /**
  30:Core/Src/Drivers/Motor_Communicator/motor_communicator.c ****   * @brief This function initialize USART1.
ARM GAS  C:\Users\ACER\AppData\Local\Temp\cc1kSoG7.s 			page 2


  31:Core/Src/Drivers/Motor_Communicator/motor_communicator.c ****   */
  32:Core/Src/Drivers/Motor_Communicator/motor_communicator.c **** void Driver_MotorCommunicator_Init()
  33:Core/Src/Drivers/Motor_Communicator/motor_communicator.c **** {
  34:Core/Src/Drivers/Motor_Communicator/motor_communicator.c ****   UART_Init(&huart2);
  35:Core/Src/Drivers/Motor_Communicator/motor_communicator.c ****   // HAL_UART_Receive_IT(&huart2, rx_data, 3);
  36:Core/Src/Drivers/Motor_Communicator/motor_communicator.c **** }
  37:Core/Src/Drivers/Motor_Communicator/motor_communicator.c **** 
  38:Core/Src/Drivers/Motor_Communicator/motor_communicator.c **** 
  39:Core/Src/Drivers/Motor_Communicator/motor_communicator.c **** void HAL_UART_MspInit(UART_HandleTypeDef* huart)
  40:Core/Src/Drivers/Motor_Communicator/motor_communicator.c **** {
  41:Core/Src/Drivers/Motor_Communicator/motor_communicator.c ****   GPIO_InitTypeDef GPIO_InitStruct = {0};
  42:Core/Src/Drivers/Motor_Communicator/motor_communicator.c ****   if(huart->Instance==USART2)
  43:Core/Src/Drivers/Motor_Communicator/motor_communicator.c ****   {
  44:Core/Src/Drivers/Motor_Communicator/motor_communicator.c ****     /* Peripheral clock enable */
  45:Core/Src/Drivers/Motor_Communicator/motor_communicator.c ****     __HAL_RCC_USART2_CLK_ENABLE();
  46:Core/Src/Drivers/Motor_Communicator/motor_communicator.c ****     __HAL_RCC_GPIOA_CLK_ENABLE();
  47:Core/Src/Drivers/Motor_Communicator/motor_communicator.c ****     
  48:Core/Src/Drivers/Motor_Communicator/motor_communicator.c ****     /**USART2 GPIO Configuration
  49:Core/Src/Drivers/Motor_Communicator/motor_communicator.c ****     PA2     ------> USART2_TX
  50:Core/Src/Drivers/Motor_Communicator/motor_communicator.c ****     PA3     ------> USART2_RX
  51:Core/Src/Drivers/Motor_Communicator/motor_communicator.c ****     */
  52:Core/Src/Drivers/Motor_Communicator/motor_communicator.c ****     GPIO_InitStruct.Pin = GPIO_PIN_2|GPIO_PIN_3;
  53:Core/Src/Drivers/Motor_Communicator/motor_communicator.c ****     GPIO_InitStruct.Mode = GPIO_MODE_AF_PP;
  54:Core/Src/Drivers/Motor_Communicator/motor_communicator.c ****     GPIO_InitStruct.Pull = GPIO_NOPULL;
  55:Core/Src/Drivers/Motor_Communicator/motor_communicator.c ****     GPIO_InitStruct.Speed = GPIO_SPEED_FREQ_VERY_HIGH;
  56:Core/Src/Drivers/Motor_Communicator/motor_communicator.c ****     GPIO_InitStruct.Alternate = GPIO_AF7_USART2;
  57:Core/Src/Drivers/Motor_Communicator/motor_communicator.c ****     HAL_GPIO_Init(GPIOA, &GPIO_InitStruct);
  58:Core/Src/Drivers/Motor_Communicator/motor_communicator.c **** 
  59:Core/Src/Drivers/Motor_Communicator/motor_communicator.c ****     /* USART1 interrupt Init */
  60:Core/Src/Drivers/Motor_Communicator/motor_communicator.c ****     HAL_NVIC_SetPriority(USART2_IRQn, 9, 0);
  61:Core/Src/Drivers/Motor_Communicator/motor_communicator.c ****     HAL_NVIC_EnableIRQ(USART2_IRQn);
  62:Core/Src/Drivers/Motor_Communicator/motor_communicator.c ****   }
  63:Core/Src/Drivers/Motor_Communicator/motor_communicator.c ****   else if(huart->Instance==USART3)
  64:Core/Src/Drivers/Motor_Communicator/motor_communicator.c ****   {
  65:Core/Src/Drivers/Motor_Communicator/motor_communicator.c ****     /* Peripheral clock enable */
  66:Core/Src/Drivers/Motor_Communicator/motor_communicator.c ****     __HAL_RCC_USART3_CLK_ENABLE();
  67:Core/Src/Drivers/Motor_Communicator/motor_communicator.c ****     __HAL_RCC_GPIOB_CLK_ENABLE();
  68:Core/Src/Drivers/Motor_Communicator/motor_communicator.c **** 
  69:Core/Src/Drivers/Motor_Communicator/motor_communicator.c ****     /**USART3 GPIO Configuration
  70:Core/Src/Drivers/Motor_Communicator/motor_communicator.c ****     PB10     ------> USART3_TX
  71:Core/Src/Drivers/Motor_Communicator/motor_communicator.c ****     PB11     ------> USART3_RX
  72:Core/Src/Drivers/Motor_Communicator/motor_communicator.c ****     */
  73:Core/Src/Drivers/Motor_Communicator/motor_communicator.c ****     GPIO_InitStruct.Pin = GPIO_PIN_10|GPIO_PIN_11;
  74:Core/Src/Drivers/Motor_Communicator/motor_communicator.c ****     GPIO_InitStruct.Mode = GPIO_MODE_AF_PP;
  75:Core/Src/Drivers/Motor_Communicator/motor_communicator.c ****     GPIO_InitStruct.Pull = GPIO_NOPULL;
  76:Core/Src/Drivers/Motor_Communicator/motor_communicator.c ****     GPIO_InitStruct.Speed = GPIO_SPEED_FREQ_VERY_HIGH;
  77:Core/Src/Drivers/Motor_Communicator/motor_communicator.c ****     GPIO_InitStruct.Alternate = GPIO_AF7_USART3;
  78:Core/Src/Drivers/Motor_Communicator/motor_communicator.c ****     HAL_GPIO_Init(GPIOB, &GPIO_InitStruct);
  79:Core/Src/Drivers/Motor_Communicator/motor_communicator.c **** 
  80:Core/Src/Drivers/Motor_Communicator/motor_communicator.c ****     /* USART3 interrupt Init */
  81:Core/Src/Drivers/Motor_Communicator/motor_communicator.c ****     HAL_NVIC_SetPriority(USART3_IRQn, 10, 0);
  82:Core/Src/Drivers/Motor_Communicator/motor_communicator.c ****     HAL_NVIC_EnableIRQ(USART3_IRQn);
  83:Core/Src/Drivers/Motor_Communicator/motor_communicator.c ****   }
  84:Core/Src/Drivers/Motor_Communicator/motor_communicator.c **** }
  85:Core/Src/Drivers/Motor_Communicator/motor_communicator.c **** 
  86:Core/Src/Drivers/Motor_Communicator/motor_communicator.c **** static void UART_Init(UART_HandleTypeDef* huart)
  87:Core/Src/Drivers/Motor_Communicator/motor_communicator.c **** {
ARM GAS  C:\Users\ACER\AppData\Local\Temp\cc1kSoG7.s 			page 3


  29              		.loc 1 87 1 view -0
  30              		.cfi_startproc
  31              		@ args = 0, pretend = 0, frame = 0
  32              		@ frame_needed = 0, uses_anonymous_args = 0
  33              		.loc 1 87 1 is_stmt 0 view .LVU1
  34 0000 08B5     		push	{r3, lr}
  35              	.LCFI0:
  36              		.cfi_def_cfa_offset 8
  37              		.cfi_offset 3, -8
  38              		.cfi_offset 14, -4
  88:Core/Src/Drivers/Motor_Communicator/motor_communicator.c ****   huart->Instance = USART2;
  39              		.loc 1 88 3 is_stmt 1 view .LVU2
  40              		.loc 1 88 19 is_stmt 0 view .LVU3
  41 0002 084A     		ldr	r2, .L3
  42 0004 0260     		str	r2, [r0]
  89:Core/Src/Drivers/Motor_Communicator/motor_communicator.c ****   huart->Init.BaudRate = 115200;
  43              		.loc 1 89 3 is_stmt 1 view .LVU4
  44              		.loc 1 89 24 is_stmt 0 view .LVU5
  45 0006 4FF4E132 		mov	r2, #115200
  46 000a 4260     		str	r2, [r0, #4]
  90:Core/Src/Drivers/Motor_Communicator/motor_communicator.c ****   huart->Init.WordLength = UART_WORDLENGTH_8B;
  47              		.loc 1 90 3 is_stmt 1 view .LVU6
  48              		.loc 1 90 26 is_stmt 0 view .LVU7
  49 000c 0022     		movs	r2, #0
  50 000e 8260     		str	r2, [r0, #8]
  91:Core/Src/Drivers/Motor_Communicator/motor_communicator.c ****   huart->Init.StopBits = UART_STOPBITS_1;
  51              		.loc 1 91 3 is_stmt 1 view .LVU8
  52              		.loc 1 91 24 is_stmt 0 view .LVU9
  53 0010 C260     		str	r2, [r0, #12]
  92:Core/Src/Drivers/Motor_Communicator/motor_communicator.c ****   huart->Init.Parity = UART_PARITY_NONE;
  54              		.loc 1 92 3 is_stmt 1 view .LVU10
  55              		.loc 1 92 22 is_stmt 0 view .LVU11
  56 0012 0261     		str	r2, [r0, #16]
  93:Core/Src/Drivers/Motor_Communicator/motor_communicator.c ****   huart->Init.Mode = UART_MODE_TX_RX;
  57              		.loc 1 93 3 is_stmt 1 view .LVU12
  58              		.loc 1 93 20 is_stmt 0 view .LVU13
  59 0014 0C21     		movs	r1, #12
  60 0016 4161     		str	r1, [r0, #20]
  94:Core/Src/Drivers/Motor_Communicator/motor_communicator.c ****   huart->Init.HwFlowCtl = UART_HWCONTROL_NONE;
  61              		.loc 1 94 3 is_stmt 1 view .LVU14
  62              		.loc 1 94 25 is_stmt 0 view .LVU15
  63 0018 8261     		str	r2, [r0, #24]
  95:Core/Src/Drivers/Motor_Communicator/motor_communicator.c ****   huart->Init.OverSampling = UART_OVERSAMPLING_16;
  64              		.loc 1 95 3 is_stmt 1 view .LVU16
  65              		.loc 1 95 28 is_stmt 0 view .LVU17
  66 001a C261     		str	r2, [r0, #28]
  96:Core/Src/Drivers/Motor_Communicator/motor_communicator.c ****   if (HAL_UART_Init(huart) != HAL_OK)
  67              		.loc 1 96 3 is_stmt 1 view .LVU18
  68              		.loc 1 96 7 is_stmt 0 view .LVU19
  69 001c FFF7FEFF 		bl	HAL_UART_Init
  70              	.LVL1:
  97:Core/Src/Drivers/Motor_Communicator/motor_communicator.c ****   {
  98:Core/Src/Drivers/Motor_Communicator/motor_communicator.c ****     // Error_Handler();
  99:Core/Src/Drivers/Motor_Communicator/motor_communicator.c ****   }
  71              		.loc 1 99 3 is_stmt 1 view .LVU20
 100:Core/Src/Drivers/Motor_Communicator/motor_communicator.c **** }...
  72              		.loc 1 100 1 is_stmt 0 view .LVU21
ARM GAS  C:\Users\ACER\AppData\Local\Temp\cc1kSoG7.s 			page 4


  73 0020 08BD     		pop	{r3, pc}
  74              	.L4:
  75 0022 00BF     		.align	2
  76              	.L3:
  77 0024 00440040 		.word	1073759232
  78              		.cfi_endproc
  79              	.LFE137:
  81              		.section	.text.USART2_IRQHandler,"ax",%progbits
  82              		.align	1
  83              		.global	USART2_IRQHandler
  84              		.syntax unified
  85              		.thumb
  86              		.thumb_func
  88              	USART2_IRQHandler:
  89              	.LFB133:
  14:Core/Src/Drivers/Motor_Communicator/motor_communicator.c **** {
  90              		.loc 1 14 1 is_stmt 1 view -0
  91              		.cfi_startproc
  92              		@ args = 0, pretend = 0, frame = 0
  93              		@ frame_needed = 0, uses_anonymous_args = 0
  94 0000 08B5     		push	{r3, lr}
  95              	.LCFI1:
  96              		.cfi_def_cfa_offset 8
  97              		.cfi_offset 3, -8
  98              		.cfi_offset 14, -4
  15:Core/Src/Drivers/Motor_Communicator/motor_communicator.c ****   HAL_UART_IRQHandler(&huart2);
  99              		.loc 1 15 3 view .LVU23
 100 0002 0248     		ldr	r0, .L7
 101 0004 FFF7FEFF 		bl	HAL_UART_IRQHandler
 102              	.LVL2:
  16:Core/Src/Drivers/Motor_Communicator/motor_communicator.c **** }
 103              		.loc 1 16 1 is_stmt 0 view .LVU24
 104 0008 08BD     		pop	{r3, pc}
 105              	.L8:
 106 000a 00BF     		.align	2
 107              	.L7:
 108 000c 00000000 		.word	huart2
 109              		.cfi_endproc
 110              	.LFE133:
 112              		.section	.text.HAL_UART_RxCpltCallback,"ax",%progbits
 113              		.align	1
 114              		.global	HAL_UART_RxCpltCallback
 115              		.syntax unified
 116              		.thumb
 117              		.thumb_func
 119              	HAL_UART_RxCpltCallback:
 120              	.LVL3:
 121              	.LFB134:
  23:Core/Src/Drivers/Motor_Communicator/motor_communicator.c **** {
 122              		.loc 1 23 1 is_stmt 1 view -0
 123              		.cfi_startproc
 124              		@ args = 0, pretend = 0, frame = 0
 125              		@ frame_needed = 0, uses_anonymous_args = 0
 126              		@ link register save eliminated.
  27:Core/Src/Drivers/Motor_Communicator/motor_communicator.c **** }
 127              		.loc 1 27 1 view .LVU26
 128 0000 7047     		bx	lr
ARM GAS  C:\Users\ACER\AppData\Local\Temp\cc1kSoG7.s 			page 5


 129              		.cfi_endproc
 130              	.LFE134:
 132              		.section	.text.Driver_MotorCommunicator_Init,"ax",%progbits
 133              		.align	1
 134              		.global	Driver_MotorCommunicator_Init
 135              		.syntax unified
 136              		.thumb
 137              		.thumb_func
 139              	Driver_MotorCommunicator_Init:
 140              	.LFB135:
  33:Core/Src/Drivers/Motor_Communicator/motor_communicator.c **** {
 141              		.loc 1 33 1 view -0
 142              		.cfi_startproc
 143              		@ args = 0, pretend = 0, frame = 0
 144              		@ frame_needed = 0, uses_anonymous_args = 0
 145 0000 08B5     		push	{r3, lr}
 146              	.LCFI2:
 147              		.cfi_def_cfa_offset 8
 148              		.cfi_offset 3, -8
 149              		.cfi_offset 14, -4
  34:Core/Src/Drivers/Motor_Communicator/motor_communicator.c ****   UART_Init(&huart2);
 150              		.loc 1 34 3 view .LVU28
 151 0002 0248     		ldr	r0, .L12
 152 0004 FFF7FEFF 		bl	UART_Init
 153              	.LVL4:
  36:Core/Src/Drivers/Motor_Communicator/motor_communicator.c **** }
 154              		.loc 1 36 1 is_stmt 0 view .LVU29
 155 0008 08BD     		pop	{r3, pc}
 156              	.L13:
 157 000a 00BF     		.align	2
 158              	.L12:
 159 000c 00000000 		.word	huart2
 160              		.cfi_endproc
 161              	.LFE135:
 163              		.section	.text.HAL_UART_MspInit,"ax",%progbits
 164              		.align	1
 165              		.global	HAL_UART_MspInit
 166              		.syntax unified
 167              		.thumb
 168              		.thumb_func
 170              	HAL_UART_MspInit:
 171              	.LVL5:
 172              	.LFB136:
  40:Core/Src/Drivers/Motor_Communicator/motor_communicator.c **** {
 173              		.loc 1 40 1 is_stmt 1 view -0
 174              		.cfi_startproc
 175              		@ args = 0, pretend = 0, frame = 40
 176              		@ frame_needed = 0, uses_anonymous_args = 0
  40:Core/Src/Drivers/Motor_Communicator/motor_communicator.c **** {
 177              		.loc 1 40 1 is_stmt 0 view .LVU31
 178 0000 10B5     		push	{r4, lr}
 179              	.LCFI3:
 180              		.cfi_def_cfa_offset 8
 181              		.cfi_offset 4, -8
 182              		.cfi_offset 14, -4
 183 0002 8AB0     		sub	sp, sp, #40
 184              	.LCFI4:
ARM GAS  C:\Users\ACER\AppData\Local\Temp\cc1kSoG7.s 			page 6


 185              		.cfi_def_cfa_offset 48
  41:Core/Src/Drivers/Motor_Communicator/motor_communicator.c ****   GPIO_InitTypeDef GPIO_InitStruct = {0};
 186              		.loc 1 41 3 is_stmt 1 view .LVU32
  41:Core/Src/Drivers/Motor_Communicator/motor_communicator.c ****   GPIO_InitTypeDef GPIO_InitStruct = {0};
 187              		.loc 1 41 20 is_stmt 0 view .LVU33
 188 0004 0023     		movs	r3, #0
 189 0006 0593     		str	r3, [sp, #20]
 190 0008 0693     		str	r3, [sp, #24]
 191 000a 0793     		str	r3, [sp, #28]
 192 000c 0893     		str	r3, [sp, #32]
 193 000e 0993     		str	r3, [sp, #36]
  42:Core/Src/Drivers/Motor_Communicator/motor_communicator.c ****   if(huart->Instance==USART2)
 194              		.loc 1 42 3 is_stmt 1 view .LVU34
  42:Core/Src/Drivers/Motor_Communicator/motor_communicator.c ****   if(huart->Instance==USART2)
 195              		.loc 1 42 11 is_stmt 0 view .LVU35
 196 0010 0368     		ldr	r3, [r0]
  42:Core/Src/Drivers/Motor_Communicator/motor_communicator.c ****   if(huart->Instance==USART2)
 197              		.loc 1 42 5 view .LVU36
 198 0012 2F4A     		ldr	r2, .L20
 199 0014 9342     		cmp	r3, r2
 200 0016 04D0     		beq	.L18
  63:Core/Src/Drivers/Motor_Communicator/motor_communicator.c ****   else if(huart->Instance==USART3)
 201              		.loc 1 63 8 is_stmt 1 view .LVU37
  63:Core/Src/Drivers/Motor_Communicator/motor_communicator.c ****   else if(huart->Instance==USART3)
 202              		.loc 1 63 10 is_stmt 0 view .LVU38
 203 0018 2E4A     		ldr	r2, .L20+4
 204 001a 9342     		cmp	r3, r2
 205 001c 2CD0     		beq	.L19
 206              	.LVL6:
 207              	.L14:
  84:Core/Src/Drivers/Motor_Communicator/motor_communicator.c **** }
 208              		.loc 1 84 1 view .LVU39
 209 001e 0AB0     		add	sp, sp, #40
 210              	.LCFI5:
 211              		.cfi_remember_state
 212              		.cfi_def_cfa_offset 8
 213              		@ sp needed
 214 0020 10BD     		pop	{r4, pc}
 215              	.LVL7:
 216              	.L18:
 217              	.LCFI6:
 218              		.cfi_restore_state
  45:Core/Src/Drivers/Motor_Communicator/motor_communicator.c ****     __HAL_RCC_USART2_CLK_ENABLE();
 219              		.loc 1 45 5 is_stmt 1 view .LVU40
 220              	.LBB2:
  45:Core/Src/Drivers/Motor_Communicator/motor_communicator.c ****     __HAL_RCC_USART2_CLK_ENABLE();
 221              		.loc 1 45 5 view .LVU41
 222 0022 0024     		movs	r4, #0
 223 0024 0194     		str	r4, [sp, #4]
  45:Core/Src/Drivers/Motor_Communicator/motor_communicator.c ****     __HAL_RCC_USART2_CLK_ENABLE();
 224              		.loc 1 45 5 view .LVU42
 225 0026 2C4B     		ldr	r3, .L20+8
 226 0028 1A6C     		ldr	r2, [r3, #64]
 227 002a 42F40032 		orr	r2, r2, #131072
 228 002e 1A64     		str	r2, [r3, #64]
  45:Core/Src/Drivers/Motor_Communicator/motor_communicator.c ****     __HAL_RCC_USART2_CLK_ENABLE();
 229              		.loc 1 45 5 view .LVU43
ARM GAS  C:\Users\ACER\AppData\Local\Temp\cc1kSoG7.s 			page 7


 230 0030 1A6C     		ldr	r2, [r3, #64]
 231 0032 02F40032 		and	r2, r2, #131072
 232 0036 0192     		str	r2, [sp, #4]
  45:Core/Src/Drivers/Motor_Communicator/motor_communicator.c ****     __HAL_RCC_USART2_CLK_ENABLE();
 233              		.loc 1 45 5 view .LVU44
 234 0038 019A     		ldr	r2, [sp, #4]
 235              	.LBE2:
  45:Core/Src/Drivers/Motor_Communicator/motor_communicator.c ****     __HAL_RCC_USART2_CLK_ENABLE();
 236              		.loc 1 45 5 view .LVU45
  46:Core/Src/Drivers/Motor_Communicator/motor_communicator.c ****     __HAL_RCC_GPIOA_CLK_ENABLE();
 237              		.loc 1 46 5 view .LVU46
 238              	.LBB3:
  46:Core/Src/Drivers/Motor_Communicator/motor_communicator.c ****     __HAL_RCC_GPIOA_CLK_ENABLE();
 239              		.loc 1 46 5 view .LVU47
 240 003a 0294     		str	r4, [sp, #8]
  46:Core/Src/Drivers/Motor_Communicator/motor_communicator.c ****     __HAL_RCC_GPIOA_CLK_ENABLE();
 241              		.loc 1 46 5 view .LVU48
 242 003c 1A6B     		ldr	r2, [r3, #48]
 243 003e 42F00102 		orr	r2, r2, #1
 244 0042 1A63     		str	r2, [r3, #48]
  46:Core/Src/Drivers/Motor_Communicator/motor_communicator.c ****     __HAL_RCC_GPIOA_CLK_ENABLE();
 245              		.loc 1 46 5 view .LVU49
 246 0044 1B6B     		ldr	r3, [r3, #48]
 247 0046 03F00103 		and	r3, r3, #1
 248 004a 0293     		str	r3, [sp, #8]
  46:Core/Src/Drivers/Motor_Communicator/motor_communicator.c ****     __HAL_RCC_GPIOA_CLK_ENABLE();
 249              		.loc 1 46 5 view .LVU50
 250 004c 029B     		ldr	r3, [sp, #8]
 251              	.LBE3:
  46:Core/Src/Drivers/Motor_Communicator/motor_communicator.c ****     __HAL_RCC_GPIOA_CLK_ENABLE();
 252              		.loc 1 46 5 view .LVU51
  52:Core/Src/Drivers/Motor_Communicator/motor_communicator.c ****     GPIO_InitStruct.Pin = GPIO_PIN_2|GPIO_PIN_3;
 253              		.loc 1 52 5 view .LVU52
  52:Core/Src/Drivers/Motor_Communicator/motor_communicator.c ****     GPIO_InitStruct.Pin = GPIO_PIN_2|GPIO_PIN_3;
 254              		.loc 1 52 25 is_stmt 0 view .LVU53
 255 004e 0C23     		movs	r3, #12
 256 0050 0593     		str	r3, [sp, #20]
  53:Core/Src/Drivers/Motor_Communicator/motor_communicator.c ****     GPIO_InitStruct.Mode = GPIO_MODE_AF_PP;
 257              		.loc 1 53 5 is_stmt 1 view .LVU54
  53:Core/Src/Drivers/Motor_Communicator/motor_communicator.c ****     GPIO_InitStruct.Mode = GPIO_MODE_AF_PP;
 258              		.loc 1 53 26 is_stmt 0 view .LVU55
 259 0052 0223     		movs	r3, #2
 260 0054 0693     		str	r3, [sp, #24]
  54:Core/Src/Drivers/Motor_Communicator/motor_communicator.c ****     GPIO_InitStruct.Pull = GPIO_NOPULL;
 261              		.loc 1 54 5 is_stmt 1 view .LVU56
  55:Core/Src/Drivers/Motor_Communicator/motor_communicator.c ****     GPIO_InitStruct.Speed = GPIO_SPEED_FREQ_VERY_HIGH;
 262              		.loc 1 55 5 view .LVU57
  55:Core/Src/Drivers/Motor_Communicator/motor_communicator.c ****     GPIO_InitStruct.Speed = GPIO_SPEED_FREQ_VERY_HIGH;
 263              		.loc 1 55 27 is_stmt 0 view .LVU58
 264 0056 0323     		movs	r3, #3
 265 0058 0893     		str	r3, [sp, #32]
  56:Core/Src/Drivers/Motor_Communicator/motor_communicator.c ****     GPIO_InitStruct.Alternate = GPIO_AF7_USART2;
 266              		.loc 1 56 5 is_stmt 1 view .LVU59
  56:Core/Src/Drivers/Motor_Communicator/motor_communicator.c ****     GPIO_InitStruct.Alternate = GPIO_AF7_USART2;
 267              		.loc 1 56 31 is_stmt 0 view .LVU60
 268 005a 0723     		movs	r3, #7
 269 005c 0993     		str	r3, [sp, #36]
ARM GAS  C:\Users\ACER\AppData\Local\Temp\cc1kSoG7.s 			page 8


  57:Core/Src/Drivers/Motor_Communicator/motor_communicator.c ****     HAL_GPIO_Init(GPIOA, &GPIO_InitStruct);
 270              		.loc 1 57 5 is_stmt 1 view .LVU61
 271 005e 05A9     		add	r1, sp, #20
 272 0060 1E48     		ldr	r0, .L20+12
 273              	.LVL8:
  57:Core/Src/Drivers/Motor_Communicator/motor_communicator.c ****     HAL_GPIO_Init(GPIOA, &GPIO_InitStruct);
 274              		.loc 1 57 5 is_stmt 0 view .LVU62
 275 0062 FFF7FEFF 		bl	HAL_GPIO_Init
 276              	.LVL9:
  60:Core/Src/Drivers/Motor_Communicator/motor_communicator.c ****     HAL_NVIC_SetPriority(USART2_IRQn, 9, 0);
 277              		.loc 1 60 5 is_stmt 1 view .LVU63
 278 0066 2246     		mov	r2, r4
 279 0068 0921     		movs	r1, #9
 280 006a 2620     		movs	r0, #38
 281 006c FFF7FEFF 		bl	HAL_NVIC_SetPriority
 282              	.LVL10:
  61:Core/Src/Drivers/Motor_Communicator/motor_communicator.c ****     HAL_NVIC_EnableIRQ(USART2_IRQn);
 283              		.loc 1 61 5 view .LVU64
 284 0070 2620     		movs	r0, #38
 285 0072 FFF7FEFF 		bl	HAL_NVIC_EnableIRQ
 286              	.LVL11:
 287 0076 D2E7     		b	.L14
 288              	.LVL12:
 289              	.L19:
  66:Core/Src/Drivers/Motor_Communicator/motor_communicator.c ****     __HAL_RCC_USART3_CLK_ENABLE();
 290              		.loc 1 66 5 view .LVU65
 291              	.LBB4:
  66:Core/Src/Drivers/Motor_Communicator/motor_communicator.c ****     __HAL_RCC_USART3_CLK_ENABLE();
 292              		.loc 1 66 5 view .LVU66
 293 0078 0024     		movs	r4, #0
 294 007a 0394     		str	r4, [sp, #12]
  66:Core/Src/Drivers/Motor_Communicator/motor_communicator.c ****     __HAL_RCC_USART3_CLK_ENABLE();
 295              		.loc 1 66 5 view .LVU67
 296 007c 164B     		ldr	r3, .L20+8
 297 007e 1A6C     		ldr	r2, [r3, #64]
 298 0080 42F48022 		orr	r2, r2, #262144
 299 0084 1A64     		str	r2, [r3, #64]
  66:Core/Src/Drivers/Motor_Communicator/motor_communicator.c ****     __HAL_RCC_USART3_CLK_ENABLE();
 300              		.loc 1 66 5 view .LVU68
 301 0086 1A6C     		ldr	r2, [r3, #64]
 302 0088 02F48022 		and	r2, r2, #262144
 303 008c 0392     		str	r2, [sp, #12]
  66:Core/Src/Drivers/Motor_Communicator/motor_communicator.c ****     __HAL_RCC_USART3_CLK_ENABLE();
 304              		.loc 1 66 5 view .LVU69
 305 008e 039A     		ldr	r2, [sp, #12]
 306              	.LBE4:
  66:Core/Src/Drivers/Motor_Communicator/motor_communicator.c ****     __HAL_RCC_USART3_CLK_ENABLE();
 307              		.loc 1 66 5 view .LVU70
  67:Core/Src/Drivers/Motor_Communicator/motor_communicator.c ****     __HAL_RCC_GPIOB_CLK_ENABLE();
 308              		.loc 1 67 5 view .LVU71
 309              	.LBB5:
  67:Core/Src/Drivers/Motor_Communicator/motor_communicator.c ****     __HAL_RCC_GPIOB_CLK_ENABLE();
 310              		.loc 1 67 5 view .LVU72
 311 0090 0494     		str	r4, [sp, #16]
  67:Core/Src/Drivers/Motor_Communicator/motor_communicator.c ****     __HAL_RCC_GPIOB_CLK_ENABLE();
 312              		.loc 1 67 5 view .LVU73
 313 0092 1A6B     		ldr	r2, [r3, #48]
ARM GAS  C:\Users\ACER\AppData\Local\Temp\cc1kSoG7.s 			page 9


 314 0094 42F00202 		orr	r2, r2, #2
 315 0098 1A63     		str	r2, [r3, #48]
  67:Core/Src/Drivers/Motor_Communicator/motor_communicator.c ****     __HAL_RCC_GPIOB_CLK_ENABLE();
 316              		.loc 1 67 5 view .LVU74
 317 009a 1B6B     		ldr	r3, [r3, #48]
 318 009c 03F00203 		and	r3, r3, #2
 319 00a0 0493     		str	r3, [sp, #16]
  67:Core/Src/Drivers/Motor_Communicator/motor_communicator.c ****     __HAL_RCC_GPIOB_CLK_ENABLE();
 320              		.loc 1 67 5 view .LVU75
 321 00a2 049B     		ldr	r3, [sp, #16]
 322              	.LBE5:
  67:Core/Src/Drivers/Motor_Communicator/motor_communicator.c ****     __HAL_RCC_GPIOB_CLK_ENABLE();
 323              		.loc 1 67 5 view .LVU76
  73:Core/Src/Drivers/Motor_Communicator/motor_communicator.c ****     GPIO_InitStruct.Pin = GPIO_PIN_10|GPIO_PIN_11;
 324              		.loc 1 73 5 view .LVU77
  73:Core/Src/Drivers/Motor_Communicator/motor_communicator.c ****     GPIO_InitStruct.Pin = GPIO_PIN_10|GPIO_PIN_11;
 325              		.loc 1 73 25 is_stmt 0 view .LVU78
 326 00a4 4FF44063 		mov	r3, #3072
 327 00a8 0593     		str	r3, [sp, #20]
  74:Core/Src/Drivers/Motor_Communicator/motor_communicator.c ****     GPIO_InitStruct.Mode = GPIO_MODE_AF_PP;
 328              		.loc 1 74 5 is_stmt 1 view .LVU79
  74:Core/Src/Drivers/Motor_Communicator/motor_communicator.c ****     GPIO_InitStruct.Mode = GPIO_MODE_AF_PP;
 329              		.loc 1 74 26 is_stmt 0 view .LVU80
 330 00aa 0223     		movs	r3, #2
 331 00ac 0693     		str	r3, [sp, #24]
  75:Core/Src/Drivers/Motor_Communicator/motor_communicator.c ****     GPIO_InitStruct.Pull = GPIO_NOPULL;
 332              		.loc 1 75 5 is_stmt 1 view .LVU81
  76:Core/Src/Drivers/Motor_Communicator/motor_communicator.c ****     GPIO_InitStruct.Speed = GPIO_SPEED_FREQ_VERY_HIGH;
 333              		.loc 1 76 5 view .LVU82
  76:Core/Src/Drivers/Motor_Communicator/motor_communicator.c ****     GPIO_InitStruct.Speed = GPIO_SPEED_FREQ_VERY_HIGH;
 334              		.loc 1 76 27 is_stmt 0 view .LVU83
 335 00ae 0323     		movs	r3, #3
 336 00b0 0893     		str	r3, [sp, #32]
  77:Core/Src/Drivers/Motor_Communicator/motor_communicator.c ****     GPIO_InitStruct.Alternate = GPIO_AF7_USART3;
 337              		.loc 1 77 5 is_stmt 1 view .LVU84
  77:Core/Src/Drivers/Motor_Communicator/motor_communicator.c ****     GPIO_InitStruct.Alternate = GPIO_AF7_USART3;
 338              		.loc 1 77 31 is_stmt 0 view .LVU85
 339 00b2 0723     		movs	r3, #7
 340 00b4 0993     		str	r3, [sp, #36]
  78:Core/Src/Drivers/Motor_Communicator/motor_communicator.c ****     HAL_GPIO_Init(GPIOB, &GPIO_InitStruct);
 341              		.loc 1 78 5 is_stmt 1 view .LVU86
 342 00b6 05A9     		add	r1, sp, #20
 343 00b8 0948     		ldr	r0, .L20+16
 344              	.LVL13:
  78:Core/Src/Drivers/Motor_Communicator/motor_communicator.c ****     HAL_GPIO_Init(GPIOB, &GPIO_InitStruct);
 345              		.loc 1 78 5 is_stmt 0 view .LVU87
 346 00ba FFF7FEFF 		bl	HAL_GPIO_Init
 347              	.LVL14:
  81:Core/Src/Drivers/Motor_Communicator/motor_communicator.c ****     HAL_NVIC_SetPriority(USART3_IRQn, 10, 0);
 348              		.loc 1 81 5 is_stmt 1 view .LVU88
 349 00be 2246     		mov	r2, r4
 350 00c0 0A21     		movs	r1, #10
 351 00c2 2720     		movs	r0, #39
 352 00c4 FFF7FEFF 		bl	HAL_NVIC_SetPriority
 353              	.LVL15:
  82:Core/Src/Drivers/Motor_Communicator/motor_communicator.c ****     HAL_NVIC_EnableIRQ(USART3_IRQn);
 354              		.loc 1 82 5 view .LVU89
ARM GAS  C:\Users\ACER\AppData\Local\Temp\cc1kSoG7.s 			page 10


 355 00c8 2720     		movs	r0, #39
 356 00ca FFF7FEFF 		bl	HAL_NVIC_EnableIRQ
 357              	.LVL16:
  84:Core/Src/Drivers/Motor_Communicator/motor_communicator.c **** }
 358              		.loc 1 84 1 is_stmt 0 view .LVU90
 359 00ce A6E7     		b	.L14
 360              	.L21:
 361              		.align	2
 362              	.L20:
 363 00d0 00440040 		.word	1073759232
 364 00d4 00480040 		.word	1073760256
 365 00d8 00380240 		.word	1073887232
 366 00dc 00000240 		.word	1073872896
 367 00e0 00040240 		.word	1073873920
 368              		.cfi_endproc
 369              	.LFE136:
 371              		.section	.bss.huart2,"aw",%nobits
 372              		.align	2
 375              	huart2:
 376 0000 00000000 		.space	68
 376      00000000 
 376      00000000 
 376      00000000 
 376      00000000 
 377              		.text
 378              	.Letext0:
 379              		.file 2 "Drivers/CMSIS/Device/ST/STM32F4xx/Include/stm32f407xx.h"
 380              		.file 3 "D:/Software/Arm Toolchain/arm-gnu-toolchain-13.2.rel1-mingw-w64-i686-arm-none-eabi/arm-gn
 381              		.file 4 "D:/Software/Arm Toolchain/arm-gnu-toolchain-13.2.rel1-mingw-w64-i686-arm-none-eabi/arm-gn
 382              		.file 5 "Drivers/STM32F4xx_HAL_Driver/Inc/stm32f4xx_hal_def.h"
 383              		.file 6 "Drivers/STM32F4xx_HAL_Driver/Inc/stm32f4xx_hal_gpio.h"
 384              		.file 7 "Drivers/STM32F4xx_HAL_Driver/Inc/stm32f4xx_hal_dma.h"
 385              		.file 8 "Drivers/STM32F4xx_HAL_Driver/Inc/stm32f4xx_hal_uart.h"
 386              		.file 9 "Drivers/STM32F4xx_HAL_Driver/Inc/stm32f4xx_hal_cortex.h"
ARM GAS  C:\Users\ACER\AppData\Local\Temp\cc1kSoG7.s 			page 11


DEFINED SYMBOLS
                            *ABS*:00000000 motor_communicator.c
C:\Users\ACER\AppData\Local\Temp\cc1kSoG7.s:21     .text.UART_Init:00000000 $t
C:\Users\ACER\AppData\Local\Temp\cc1kSoG7.s:26     .text.UART_Init:00000000 UART_Init
C:\Users\ACER\AppData\Local\Temp\cc1kSoG7.s:77     .text.UART_Init:00000024 $d
C:\Users\ACER\AppData\Local\Temp\cc1kSoG7.s:82     .text.USART2_IRQHandler:00000000 $t
C:\Users\ACER\AppData\Local\Temp\cc1kSoG7.s:88     .text.USART2_IRQHandler:00000000 USART2_IRQHandler
C:\Users\ACER\AppData\Local\Temp\cc1kSoG7.s:108    .text.USART2_IRQHandler:0000000c $d
C:\Users\ACER\AppData\Local\Temp\cc1kSoG7.s:375    .bss.huart2:00000000 huart2
C:\Users\ACER\AppData\Local\Temp\cc1kSoG7.s:113    .text.HAL_UART_RxCpltCallback:00000000 $t
C:\Users\ACER\AppData\Local\Temp\cc1kSoG7.s:119    .text.HAL_UART_RxCpltCallback:00000000 HAL_UART_RxCpltCallback
C:\Users\ACER\AppData\Local\Temp\cc1kSoG7.s:133    .text.Driver_MotorCommunicator_Init:00000000 $t
C:\Users\ACER\AppData\Local\Temp\cc1kSoG7.s:139    .text.Driver_MotorCommunicator_Init:00000000 Driver_MotorCommunicator_Init
C:\Users\ACER\AppData\Local\Temp\cc1kSoG7.s:159    .text.Driver_MotorCommunicator_Init:0000000c $d
C:\Users\ACER\AppData\Local\Temp\cc1kSoG7.s:164    .text.HAL_UART_MspInit:00000000 $t
C:\Users\ACER\AppData\Local\Temp\cc1kSoG7.s:170    .text.HAL_UART_MspInit:00000000 HAL_UART_MspInit
C:\Users\ACER\AppData\Local\Temp\cc1kSoG7.s:363    .text.HAL_UART_MspInit:000000d0 $d
C:\Users\ACER\AppData\Local\Temp\cc1kSoG7.s:372    .bss.huart2:00000000 $d

UNDEFINED SYMBOLS
HAL_UART_Init
HAL_UART_IRQHandler
HAL_GPIO_Init
HAL_NVIC_SetPriority
HAL_NVIC_EnableIRQ
