ARM GAS  C:\Users\ACER\AppData\Local\Temp\ccdeb3qc.s 			page 1


   1              		.cpu cortex-m4
   2              		.arch armv7e-m
   3              		.fpu fpv4-sp-d16
   4              		.eabi_attribute 27, 1
   5              		.eabi_attribute 28, 1
   6              		.eabi_attribute 20, 1
   7              		.eabi_attribute 21, 1
   8              		.eabi_attribute 23, 3
   9              		.eabi_attribute 24, 1
  10              		.eabi_attribute 25, 1
  11              		.eabi_attribute 26, 1
  12              		.eabi_attribute 30, 1
  13              		.eabi_attribute 34, 1
  14              		.eabi_attribute 18, 4
  15              		.file	"system_config.c"
  16              		.text
  17              	.Ltext0:
  18              		.cfi_sections	.debug_frame
  19              		.file 1 "Core/Src/Drivers/System_Config/system_config.c"
  20              		.section	.text.Error_Handler,"ax",%progbits
  21              		.align	1
  22              		.global	Error_Handler
  23              		.syntax unified
  24              		.thumb
  25              		.thumb_func
  27              	Error_Handler:
  28              	.LFB130:
   1:Core/Src/Drivers/System_Config/system_config.c **** #include "system_config.h"
   2:Core/Src/Drivers/System_Config/system_config.c **** 
   3:Core/Src/Drivers/System_Config/system_config.c **** void Error_Handler(void)
   4:Core/Src/Drivers/System_Config/system_config.c **** {
  29              		.loc 1 4 1 view -0
  30              		.cfi_startproc
  31              		@ Volatile: function does not return.
  32              		@ args = 0, pretend = 0, frame = 0
  33              		@ frame_needed = 0, uses_anonymous_args = 0
  34              		@ link register save eliminated.
   5:Core/Src/Drivers/System_Config/system_config.c ****   __disable_irq();
  35              		.loc 1 5 3 view .LVU1
  36              	.LBB4:
  37              	.LBI4:
  38              		.file 2 "Drivers/CMSIS/Include/cmsis_gcc.h"
   1:Drivers/CMSIS/Include/cmsis_gcc.h **** /**************************************************************************//**
   2:Drivers/CMSIS/Include/cmsis_gcc.h ****  * @file     cmsis_gcc.h
   3:Drivers/CMSIS/Include/cmsis_gcc.h ****  * @brief    CMSIS compiler GCC header file
   4:Drivers/CMSIS/Include/cmsis_gcc.h ****  * @version  V5.0.4
   5:Drivers/CMSIS/Include/cmsis_gcc.h ****  * @date     09. April 2018
   6:Drivers/CMSIS/Include/cmsis_gcc.h ****  ******************************************************************************/
   7:Drivers/CMSIS/Include/cmsis_gcc.h **** /*
   8:Drivers/CMSIS/Include/cmsis_gcc.h ****  * Copyright (c) 2009-2018 Arm Limited. All rights reserved.
   9:Drivers/CMSIS/Include/cmsis_gcc.h ****  *
  10:Drivers/CMSIS/Include/cmsis_gcc.h ****  * SPDX-License-Identifier: Apache-2.0
  11:Drivers/CMSIS/Include/cmsis_gcc.h ****  *
  12:Drivers/CMSIS/Include/cmsis_gcc.h ****  * Licensed under the Apache License, Version 2.0 (the License); you may
  13:Drivers/CMSIS/Include/cmsis_gcc.h ****  * not use this file except in compliance with the License.
  14:Drivers/CMSIS/Include/cmsis_gcc.h ****  * You may obtain a copy of the License at
  15:Drivers/CMSIS/Include/cmsis_gcc.h ****  *
ARM GAS  C:\Users\ACER\AppData\Local\Temp\ccdeb3qc.s 			page 2


  16:Drivers/CMSIS/Include/cmsis_gcc.h ****  * www.apache.org/licenses/LICENSE-2.0
  17:Drivers/CMSIS/Include/cmsis_gcc.h ****  *
  18:Drivers/CMSIS/Include/cmsis_gcc.h ****  * Unless required by applicable law or agreed to in writing, software
  19:Drivers/CMSIS/Include/cmsis_gcc.h ****  * distributed under the License is distributed on an AS IS BASIS, WITHOUT
  20:Drivers/CMSIS/Include/cmsis_gcc.h ****  * WARRANTIES OR CONDITIONS OF ANY KIND, either express or implied.
  21:Drivers/CMSIS/Include/cmsis_gcc.h ****  * See the License for the specific language governing permissions and
  22:Drivers/CMSIS/Include/cmsis_gcc.h ****  * limitations under the License.
  23:Drivers/CMSIS/Include/cmsis_gcc.h ****  */
  24:Drivers/CMSIS/Include/cmsis_gcc.h **** 
  25:Drivers/CMSIS/Include/cmsis_gcc.h **** #ifndef __CMSIS_GCC_H
  26:Drivers/CMSIS/Include/cmsis_gcc.h **** #define __CMSIS_GCC_H
  27:Drivers/CMSIS/Include/cmsis_gcc.h **** 
  28:Drivers/CMSIS/Include/cmsis_gcc.h **** /* ignore some GCC warnings */
  29:Drivers/CMSIS/Include/cmsis_gcc.h **** #pragma GCC diagnostic push
  30:Drivers/CMSIS/Include/cmsis_gcc.h **** #pragma GCC diagnostic ignored "-Wsign-conversion"
  31:Drivers/CMSIS/Include/cmsis_gcc.h **** #pragma GCC diagnostic ignored "-Wconversion"
  32:Drivers/CMSIS/Include/cmsis_gcc.h **** #pragma GCC diagnostic ignored "-Wunused-parameter"
  33:Drivers/CMSIS/Include/cmsis_gcc.h **** 
  34:Drivers/CMSIS/Include/cmsis_gcc.h **** /* Fallback for __has_builtin */
  35:Drivers/CMSIS/Include/cmsis_gcc.h **** #ifndef __has_builtin
  36:Drivers/CMSIS/Include/cmsis_gcc.h ****   #define __has_builtin(x) (0)
  37:Drivers/CMSIS/Include/cmsis_gcc.h **** #endif
  38:Drivers/CMSIS/Include/cmsis_gcc.h **** 
  39:Drivers/CMSIS/Include/cmsis_gcc.h **** /* CMSIS compiler specific defines */
  40:Drivers/CMSIS/Include/cmsis_gcc.h **** #ifndef   __ASM
  41:Drivers/CMSIS/Include/cmsis_gcc.h ****   #define __ASM                                  __asm
  42:Drivers/CMSIS/Include/cmsis_gcc.h **** #endif
  43:Drivers/CMSIS/Include/cmsis_gcc.h **** #ifndef   __INLINE
  44:Drivers/CMSIS/Include/cmsis_gcc.h ****   #define __INLINE                               inline
  45:Drivers/CMSIS/Include/cmsis_gcc.h **** #endif
  46:Drivers/CMSIS/Include/cmsis_gcc.h **** #ifndef   __STATIC_INLINE
  47:Drivers/CMSIS/Include/cmsis_gcc.h ****   #define __STATIC_INLINE                        static inline
  48:Drivers/CMSIS/Include/cmsis_gcc.h **** #endif
  49:Drivers/CMSIS/Include/cmsis_gcc.h **** #ifndef   __STATIC_FORCEINLINE                 
  50:Drivers/CMSIS/Include/cmsis_gcc.h ****   #define __STATIC_FORCEINLINE                   __attribute__((always_inline)) static inline
  51:Drivers/CMSIS/Include/cmsis_gcc.h **** #endif                                           
  52:Drivers/CMSIS/Include/cmsis_gcc.h **** #ifndef   __NO_RETURN
  53:Drivers/CMSIS/Include/cmsis_gcc.h ****   #define __NO_RETURN                            __attribute__((__noreturn__))
  54:Drivers/CMSIS/Include/cmsis_gcc.h **** #endif
  55:Drivers/CMSIS/Include/cmsis_gcc.h **** #ifndef   __USED
  56:Drivers/CMSIS/Include/cmsis_gcc.h ****   #define __USED                                 __attribute__((used))
  57:Drivers/CMSIS/Include/cmsis_gcc.h **** #endif
  58:Drivers/CMSIS/Include/cmsis_gcc.h **** #ifndef   __WEAK
  59:Drivers/CMSIS/Include/cmsis_gcc.h ****   #define __WEAK                                 __attribute__((weak))
  60:Drivers/CMSIS/Include/cmsis_gcc.h **** #endif
  61:Drivers/CMSIS/Include/cmsis_gcc.h **** #ifndef   __PACKED
  62:Drivers/CMSIS/Include/cmsis_gcc.h ****   #define __PACKED                               __attribute__((packed, aligned(1)))
  63:Drivers/CMSIS/Include/cmsis_gcc.h **** #endif
  64:Drivers/CMSIS/Include/cmsis_gcc.h **** #ifndef   __PACKED_STRUCT
  65:Drivers/CMSIS/Include/cmsis_gcc.h ****   #define __PACKED_STRUCT                        struct __attribute__((packed, aligned(1)))
  66:Drivers/CMSIS/Include/cmsis_gcc.h **** #endif
  67:Drivers/CMSIS/Include/cmsis_gcc.h **** #ifndef   __PACKED_UNION
  68:Drivers/CMSIS/Include/cmsis_gcc.h ****   #define __PACKED_UNION                         union __attribute__((packed, aligned(1)))
  69:Drivers/CMSIS/Include/cmsis_gcc.h **** #endif
  70:Drivers/CMSIS/Include/cmsis_gcc.h **** #ifndef   __UNALIGNED_UINT32        /* deprecated */
  71:Drivers/CMSIS/Include/cmsis_gcc.h ****   #pragma GCC diagnostic push
  72:Drivers/CMSIS/Include/cmsis_gcc.h ****   #pragma GCC diagnostic ignored "-Wpacked"
ARM GAS  C:\Users\ACER\AppData\Local\Temp\ccdeb3qc.s 			page 3


  73:Drivers/CMSIS/Include/cmsis_gcc.h ****   #pragma GCC diagnostic ignored "-Wattributes"
  74:Drivers/CMSIS/Include/cmsis_gcc.h ****   struct __attribute__((packed)) T_UINT32 { uint32_t v; };
  75:Drivers/CMSIS/Include/cmsis_gcc.h ****   #pragma GCC diagnostic pop
  76:Drivers/CMSIS/Include/cmsis_gcc.h ****   #define __UNALIGNED_UINT32(x)                  (((struct T_UINT32 *)(x))->v)
  77:Drivers/CMSIS/Include/cmsis_gcc.h **** #endif
  78:Drivers/CMSIS/Include/cmsis_gcc.h **** #ifndef   __UNALIGNED_UINT16_WRITE
  79:Drivers/CMSIS/Include/cmsis_gcc.h ****   #pragma GCC diagnostic push
  80:Drivers/CMSIS/Include/cmsis_gcc.h ****   #pragma GCC diagnostic ignored "-Wpacked"
  81:Drivers/CMSIS/Include/cmsis_gcc.h ****   #pragma GCC diagnostic ignored "-Wattributes"
  82:Drivers/CMSIS/Include/cmsis_gcc.h ****   __PACKED_STRUCT T_UINT16_WRITE { uint16_t v; };
  83:Drivers/CMSIS/Include/cmsis_gcc.h ****   #pragma GCC diagnostic pop
  84:Drivers/CMSIS/Include/cmsis_gcc.h ****   #define __UNALIGNED_UINT16_WRITE(addr, val)    (void)((((struct T_UINT16_WRITE *)(void *)(addr))-
  85:Drivers/CMSIS/Include/cmsis_gcc.h **** #endif
  86:Drivers/CMSIS/Include/cmsis_gcc.h **** #ifndef   __UNALIGNED_UINT16_READ
  87:Drivers/CMSIS/Include/cmsis_gcc.h ****   #pragma GCC diagnostic push
  88:Drivers/CMSIS/Include/cmsis_gcc.h ****   #pragma GCC diagnostic ignored "-Wpacked"
  89:Drivers/CMSIS/Include/cmsis_gcc.h ****   #pragma GCC diagnostic ignored "-Wattributes"
  90:Drivers/CMSIS/Include/cmsis_gcc.h ****   __PACKED_STRUCT T_UINT16_READ { uint16_t v; };
  91:Drivers/CMSIS/Include/cmsis_gcc.h ****   #pragma GCC diagnostic pop
  92:Drivers/CMSIS/Include/cmsis_gcc.h ****   #define __UNALIGNED_UINT16_READ(addr)          (((const struct T_UINT16_READ *)(const void *)(add
  93:Drivers/CMSIS/Include/cmsis_gcc.h **** #endif
  94:Drivers/CMSIS/Include/cmsis_gcc.h **** #ifndef   __UNALIGNED_UINT32_WRITE
  95:Drivers/CMSIS/Include/cmsis_gcc.h ****   #pragma GCC diagnostic push
  96:Drivers/CMSIS/Include/cmsis_gcc.h ****   #pragma GCC diagnostic ignored "-Wpacked"
  97:Drivers/CMSIS/Include/cmsis_gcc.h ****   #pragma GCC diagnostic ignored "-Wattributes"
  98:Drivers/CMSIS/Include/cmsis_gcc.h ****   __PACKED_STRUCT T_UINT32_WRITE { uint32_t v; };
  99:Drivers/CMSIS/Include/cmsis_gcc.h ****   #pragma GCC diagnostic pop
 100:Drivers/CMSIS/Include/cmsis_gcc.h ****   #define __UNALIGNED_UINT32_WRITE(addr, val)    (void)((((struct T_UINT32_WRITE *)(void *)(addr))-
 101:Drivers/CMSIS/Include/cmsis_gcc.h **** #endif
 102:Drivers/CMSIS/Include/cmsis_gcc.h **** #ifndef   __UNALIGNED_UINT32_READ
 103:Drivers/CMSIS/Include/cmsis_gcc.h ****   #pragma GCC diagnostic push
 104:Drivers/CMSIS/Include/cmsis_gcc.h ****   #pragma GCC diagnostic ignored "-Wpacked"
 105:Drivers/CMSIS/Include/cmsis_gcc.h ****   #pragma GCC diagnostic ignored "-Wattributes"
 106:Drivers/CMSIS/Include/cmsis_gcc.h ****   __PACKED_STRUCT T_UINT32_READ { uint32_t v; };
 107:Drivers/CMSIS/Include/cmsis_gcc.h ****   #pragma GCC diagnostic pop
 108:Drivers/CMSIS/Include/cmsis_gcc.h ****   #define __UNALIGNED_UINT32_READ(addr)          (((const struct T_UINT32_READ *)(const void *)(add
 109:Drivers/CMSIS/Include/cmsis_gcc.h **** #endif
 110:Drivers/CMSIS/Include/cmsis_gcc.h **** #ifndef   __ALIGNED
 111:Drivers/CMSIS/Include/cmsis_gcc.h ****   #define __ALIGNED(x)                           __attribute__((aligned(x)))
 112:Drivers/CMSIS/Include/cmsis_gcc.h **** #endif
 113:Drivers/CMSIS/Include/cmsis_gcc.h **** #ifndef   __RESTRICT
 114:Drivers/CMSIS/Include/cmsis_gcc.h ****   #define __RESTRICT                             __restrict
 115:Drivers/CMSIS/Include/cmsis_gcc.h **** #endif
 116:Drivers/CMSIS/Include/cmsis_gcc.h **** 
 117:Drivers/CMSIS/Include/cmsis_gcc.h **** 
 118:Drivers/CMSIS/Include/cmsis_gcc.h **** /* ###########################  Core Function Access  ########################### */
 119:Drivers/CMSIS/Include/cmsis_gcc.h **** /** \ingroup  CMSIS_Core_FunctionInterface
 120:Drivers/CMSIS/Include/cmsis_gcc.h ****     \defgroup CMSIS_Core_RegAccFunctions CMSIS Core Register Access Functions
 121:Drivers/CMSIS/Include/cmsis_gcc.h ****   @{
 122:Drivers/CMSIS/Include/cmsis_gcc.h ****  */
 123:Drivers/CMSIS/Include/cmsis_gcc.h **** 
 124:Drivers/CMSIS/Include/cmsis_gcc.h **** /**
 125:Drivers/CMSIS/Include/cmsis_gcc.h ****   \brief   Enable IRQ Interrupts
 126:Drivers/CMSIS/Include/cmsis_gcc.h ****   \details Enables IRQ interrupts by clearing the I-bit in the CPSR.
 127:Drivers/CMSIS/Include/cmsis_gcc.h ****            Can only be executed in Privileged modes.
 128:Drivers/CMSIS/Include/cmsis_gcc.h ****  */
 129:Drivers/CMSIS/Include/cmsis_gcc.h **** __STATIC_FORCEINLINE void __enable_irq(void)
ARM GAS  C:\Users\ACER\AppData\Local\Temp\ccdeb3qc.s 			page 4


 130:Drivers/CMSIS/Include/cmsis_gcc.h **** {
 131:Drivers/CMSIS/Include/cmsis_gcc.h ****   __ASM volatile ("cpsie i" : : : "memory");
 132:Drivers/CMSIS/Include/cmsis_gcc.h **** }
 133:Drivers/CMSIS/Include/cmsis_gcc.h **** 
 134:Drivers/CMSIS/Include/cmsis_gcc.h **** 
 135:Drivers/CMSIS/Include/cmsis_gcc.h **** /**
 136:Drivers/CMSIS/Include/cmsis_gcc.h ****   \brief   Disable IRQ Interrupts
 137:Drivers/CMSIS/Include/cmsis_gcc.h ****   \details Disables IRQ interrupts by setting the I-bit in the CPSR.
 138:Drivers/CMSIS/Include/cmsis_gcc.h ****            Can only be executed in Privileged modes.
 139:Drivers/CMSIS/Include/cmsis_gcc.h ****  */
 140:Drivers/CMSIS/Include/cmsis_gcc.h **** __STATIC_FORCEINLINE void __disable_irq(void)
  39              		.loc 2 140 27 view .LVU2
  40              	.LBB5:
 141:Drivers/CMSIS/Include/cmsis_gcc.h **** {
 142:Drivers/CMSIS/Include/cmsis_gcc.h ****   __ASM volatile ("cpsid i" : : : "memory");
  41              		.loc 2 142 3 view .LVU3
  42              		.syntax unified
  43              	@ 142 "Drivers/CMSIS/Include/cmsis_gcc.h" 1
  44 0000 72B6     		cpsid i
  45              	@ 0 "" 2
  46              		.thumb
  47              		.syntax unified
  48              	.L2:
  49              	.LBE5:
  50              	.LBE4:
   6:Core/Src/Drivers/System_Config/system_config.c ****   while (1)
  51              		.loc 1 6 3 view .LVU4
   7:Core/Src/Drivers/System_Config/system_config.c ****   {
   8:Core/Src/Drivers/System_Config/system_config.c ****   }
  52              		.loc 1 8 3 view .LVU5
   6:Core/Src/Drivers/System_Config/system_config.c ****   while (1)
  53              		.loc 1 6 9 view .LVU6
  54 0002 FEE7     		b	.L2
  55              		.cfi_endproc
  56              	.LFE130:
  58              		.section	.text.SystemClock_Config,"ax",%progbits
  59              		.align	1
  60              		.global	SystemClock_Config
  61              		.syntax unified
  62              		.thumb
  63              		.thumb_func
  65              	SystemClock_Config:
  66              	.LFB131:
   9:Core/Src/Drivers/System_Config/system_config.c **** }
  10:Core/Src/Drivers/System_Config/system_config.c **** 
  11:Core/Src/Drivers/System_Config/system_config.c **** 
  12:Core/Src/Drivers/System_Config/system_config.c **** void SystemClock_Config(void)
  13:Core/Src/Drivers/System_Config/system_config.c **** {
  67              		.loc 1 13 1 view -0
  68              		.cfi_startproc
  69              		@ args = 0, pretend = 0, frame = 80
  70              		@ frame_needed = 0, uses_anonymous_args = 0
  71 0000 00B5     		push	{lr}
  72              	.LCFI0:
  73              		.cfi_def_cfa_offset 4
  74              		.cfi_offset 14, -4
  75 0002 95B0     		sub	sp, sp, #84
ARM GAS  C:\Users\ACER\AppData\Local\Temp\ccdeb3qc.s 			page 5


  76              	.LCFI1:
  77              		.cfi_def_cfa_offset 88
  14:Core/Src/Drivers/System_Config/system_config.c ****   RCC_OscInitTypeDef RCC_OscInitStruct = {0};
  78              		.loc 1 14 3 view .LVU8
  79              		.loc 1 14 22 is_stmt 0 view .LVU9
  80 0004 3022     		movs	r2, #48
  81 0006 0021     		movs	r1, #0
  82 0008 08A8     		add	r0, sp, #32
  83 000a FFF7FEFF 		bl	memset
  84              	.LVL0:
  15:Core/Src/Drivers/System_Config/system_config.c ****   RCC_ClkInitTypeDef RCC_ClkInitStruct = {0};
  85              		.loc 1 15 3 is_stmt 1 view .LVU10
  86              		.loc 1 15 22 is_stmt 0 view .LVU11
  87 000e 0023     		movs	r3, #0
  88 0010 0393     		str	r3, [sp, #12]
  89 0012 0493     		str	r3, [sp, #16]
  90 0014 0593     		str	r3, [sp, #20]
  91 0016 0693     		str	r3, [sp, #24]
  92 0018 0793     		str	r3, [sp, #28]
  16:Core/Src/Drivers/System_Config/system_config.c **** 
  17:Core/Src/Drivers/System_Config/system_config.c ****   /** Configure the main internal regulator output voltage
  18:Core/Src/Drivers/System_Config/system_config.c ****   */
  19:Core/Src/Drivers/System_Config/system_config.c ****   __HAL_RCC_PWR_CLK_ENABLE();
  93              		.loc 1 19 3 is_stmt 1 view .LVU12
  94              	.LBB6:
  95              		.loc 1 19 3 view .LVU13
  96 001a 0193     		str	r3, [sp, #4]
  97              		.loc 1 19 3 view .LVU14
  98 001c 204A     		ldr	r2, .L9
  99 001e 116C     		ldr	r1, [r2, #64]
 100 0020 41F08051 		orr	r1, r1, #268435456
 101 0024 1164     		str	r1, [r2, #64]
 102              		.loc 1 19 3 view .LVU15
 103 0026 126C     		ldr	r2, [r2, #64]
 104 0028 02F08052 		and	r2, r2, #268435456
 105 002c 0192     		str	r2, [sp, #4]
 106              		.loc 1 19 3 view .LVU16
 107 002e 019A     		ldr	r2, [sp, #4]
 108              	.LBE6:
 109              		.loc 1 19 3 view .LVU17
  20:Core/Src/Drivers/System_Config/system_config.c ****   __HAL_PWR_VOLTAGESCALING_CONFIG(PWR_REGULATOR_VOLTAGE_SCALE1);
 110              		.loc 1 20 3 view .LVU18
 111              	.LBB7:
 112              		.loc 1 20 3 view .LVU19
 113 0030 0293     		str	r3, [sp, #8]
 114              		.loc 1 20 3 view .LVU20
 115 0032 1C4B     		ldr	r3, .L9+4
 116 0034 1A68     		ldr	r2, [r3]
 117 0036 42F48042 		orr	r2, r2, #16384
 118 003a 1A60     		str	r2, [r3]
 119              		.loc 1 20 3 view .LVU21
 120 003c 1B68     		ldr	r3, [r3]
 121 003e 03F48043 		and	r3, r3, #16384
 122 0042 0293     		str	r3, [sp, #8]
 123              		.loc 1 20 3 view .LVU22
 124 0044 029B     		ldr	r3, [sp, #8]
 125              	.LBE7:
ARM GAS  C:\Users\ACER\AppData\Local\Temp\ccdeb3qc.s 			page 6


 126              		.loc 1 20 3 view .LVU23
  21:Core/Src/Drivers/System_Config/system_config.c **** 
  22:Core/Src/Drivers/System_Config/system_config.c ****   /** Initializes the RCC Oscillators according to the specified parameters
  23:Core/Src/Drivers/System_Config/system_config.c ****   * in the RCC_OscInitTypeDef structure.
  24:Core/Src/Drivers/System_Config/system_config.c ****   */
  25:Core/Src/Drivers/System_Config/system_config.c ****   RCC_OscInitStruct.OscillatorType = RCC_OSCILLATORTYPE_HSE;
 127              		.loc 1 25 3 view .LVU24
 128              		.loc 1 25 36 is_stmt 0 view .LVU25
 129 0046 0123     		movs	r3, #1
 130 0048 0893     		str	r3, [sp, #32]
  26:Core/Src/Drivers/System_Config/system_config.c ****   RCC_OscInitStruct.HSEState = RCC_HSE_ON;
 131              		.loc 1 26 3 is_stmt 1 view .LVU26
 132              		.loc 1 26 30 is_stmt 0 view .LVU27
 133 004a 4FF48033 		mov	r3, #65536
 134 004e 0993     		str	r3, [sp, #36]
  27:Core/Src/Drivers/System_Config/system_config.c ****   RCC_OscInitStruct.PLL.PLLState = RCC_PLL_ON;
 135              		.loc 1 27 3 is_stmt 1 view .LVU28
 136              		.loc 1 27 34 is_stmt 0 view .LVU29
 137 0050 0222     		movs	r2, #2
 138 0052 0E92     		str	r2, [sp, #56]
  28:Core/Src/Drivers/System_Config/system_config.c ****   RCC_OscInitStruct.PLL.PLLSource = RCC_PLLSOURCE_HSE;
 139              		.loc 1 28 3 is_stmt 1 view .LVU30
 140              		.loc 1 28 35 is_stmt 0 view .LVU31
 141 0054 4FF48003 		mov	r3, #4194304
 142 0058 0F93     		str	r3, [sp, #60]
  29:Core/Src/Drivers/System_Config/system_config.c ****   RCC_OscInitStruct.PLL.PLLM = 4;
 143              		.loc 1 29 3 is_stmt 1 view .LVU32
 144              		.loc 1 29 30 is_stmt 0 view .LVU33
 145 005a 0423     		movs	r3, #4
 146 005c 1093     		str	r3, [sp, #64]
  30:Core/Src/Drivers/System_Config/system_config.c ****   RCC_OscInitStruct.PLL.PLLN = 168;
 147              		.loc 1 30 3 is_stmt 1 view .LVU34
 148              		.loc 1 30 30 is_stmt 0 view .LVU35
 149 005e A821     		movs	r1, #168
 150 0060 1191     		str	r1, [sp, #68]
  31:Core/Src/Drivers/System_Config/system_config.c ****   RCC_OscInitStruct.PLL.PLLP = RCC_PLLP_DIV2;
 151              		.loc 1 31 3 is_stmt 1 view .LVU36
 152              		.loc 1 31 30 is_stmt 0 view .LVU37
 153 0062 1292     		str	r2, [sp, #72]
  32:Core/Src/Drivers/System_Config/system_config.c ****   RCC_OscInitStruct.PLL.PLLQ = 4;
 154              		.loc 1 32 3 is_stmt 1 view .LVU38
 155              		.loc 1 32 30 is_stmt 0 view .LVU39
 156 0064 1393     		str	r3, [sp, #76]
  33:Core/Src/Drivers/System_Config/system_config.c ****   if (HAL_RCC_OscConfig(&RCC_OscInitStruct) != HAL_OK)
 157              		.loc 1 33 3 is_stmt 1 view .LVU40
 158              		.loc 1 33 7 is_stmt 0 view .LVU41
 159 0066 08A8     		add	r0, sp, #32
 160 0068 FFF7FEFF 		bl	HAL_RCC_OscConfig
 161              	.LVL1:
 162              		.loc 1 33 6 discriminator 1 view .LVU42
 163 006c 98B9     		cbnz	r0, .L7
  34:Core/Src/Drivers/System_Config/system_config.c ****   {
  35:Core/Src/Drivers/System_Config/system_config.c ****     Error_Handler();
  36:Core/Src/Drivers/System_Config/system_config.c ****   }
  37:Core/Src/Drivers/System_Config/system_config.c **** 
  38:Core/Src/Drivers/System_Config/system_config.c ****   /** Initializes the CPU, AHB and APB buses clocks
  39:Core/Src/Drivers/System_Config/system_config.c ****   */
ARM GAS  C:\Users\ACER\AppData\Local\Temp\ccdeb3qc.s 			page 7


  40:Core/Src/Drivers/System_Config/system_config.c ****   RCC_ClkInitStruct.ClockType = RCC_CLOCKTYPE_HCLK|RCC_CLOCKTYPE_SYSCLK
 164              		.loc 1 40 3 is_stmt 1 view .LVU43
 165              		.loc 1 40 31 is_stmt 0 view .LVU44
 166 006e 0F23     		movs	r3, #15
 167 0070 0393     		str	r3, [sp, #12]
  41:Core/Src/Drivers/System_Config/system_config.c ****                               |RCC_CLOCKTYPE_PCLK1|RCC_CLOCKTYPE_PCLK2;
  42:Core/Src/Drivers/System_Config/system_config.c ****   RCC_ClkInitStruct.SYSCLKSource = RCC_SYSCLKSOURCE_PLLCLK;
 168              		.loc 1 42 3 is_stmt 1 view .LVU45
 169              		.loc 1 42 34 is_stmt 0 view .LVU46
 170 0072 0223     		movs	r3, #2
 171 0074 0493     		str	r3, [sp, #16]
  43:Core/Src/Drivers/System_Config/system_config.c ****   RCC_ClkInitStruct.AHBCLKDivider = RCC_SYSCLK_DIV1;
 172              		.loc 1 43 3 is_stmt 1 view .LVU47
 173              		.loc 1 43 35 is_stmt 0 view .LVU48
 174 0076 0023     		movs	r3, #0
 175 0078 0593     		str	r3, [sp, #20]
  44:Core/Src/Drivers/System_Config/system_config.c ****   RCC_ClkInitStruct.APB1CLKDivider = RCC_HCLK_DIV4;
 176              		.loc 1 44 3 is_stmt 1 view .LVU49
 177              		.loc 1 44 36 is_stmt 0 view .LVU50
 178 007a 4FF4A053 		mov	r3, #5120
 179 007e 0693     		str	r3, [sp, #24]
  45:Core/Src/Drivers/System_Config/system_config.c ****   RCC_ClkInitStruct.APB2CLKDivider = RCC_HCLK_DIV2;
 180              		.loc 1 45 3 is_stmt 1 view .LVU51
 181              		.loc 1 45 36 is_stmt 0 view .LVU52
 182 0080 4FF48053 		mov	r3, #4096
 183 0084 0793     		str	r3, [sp, #28]
  46:Core/Src/Drivers/System_Config/system_config.c **** 
  47:Core/Src/Drivers/System_Config/system_config.c ****   if (HAL_RCC_ClockConfig(&RCC_ClkInitStruct, FLASH_LATENCY_5) != HAL_OK)
 184              		.loc 1 47 3 is_stmt 1 view .LVU53
 185              		.loc 1 47 7 is_stmt 0 view .LVU54
 186 0086 0521     		movs	r1, #5
 187 0088 03A8     		add	r0, sp, #12
 188 008a FFF7FEFF 		bl	HAL_RCC_ClockConfig
 189              	.LVL2:
 190              		.loc 1 47 6 discriminator 1 view .LVU55
 191 008e 20B9     		cbnz	r0, .L8
  48:Core/Src/Drivers/System_Config/system_config.c ****   {
  49:Core/Src/Drivers/System_Config/system_config.c ****     Error_Handler();
  50:Core/Src/Drivers/System_Config/system_config.c ****   }
  51:Core/Src/Drivers/System_Config/system_config.c **** }
 192              		.loc 1 51 1 view .LVU56
 193 0090 15B0     		add	sp, sp, #84
 194              	.LCFI2:
 195              		.cfi_remember_state
 196              		.cfi_def_cfa_offset 4
 197              		@ sp needed
 198 0092 5DF804FB 		ldr	pc, [sp], #4
 199              	.L7:
 200              	.LCFI3:
 201              		.cfi_restore_state
  35:Core/Src/Drivers/System_Config/system_config.c ****   }
 202              		.loc 1 35 5 is_stmt 1 view .LVU57
 203 0096 FFF7FEFF 		bl	Error_Handler
 204              	.LVL3:
 205              	.L8:
  49:Core/Src/Drivers/System_Config/system_config.c ****   }
 206              		.loc 1 49 5 view .LVU58
ARM GAS  C:\Users\ACER\AppData\Local\Temp\ccdeb3qc.s 			page 8


 207 009a FFF7FEFF 		bl	Error_Handler
 208              	.LVL4:
 209              	.L10:
 210 009e 00BF     		.align	2
 211              	.L9:
 212 00a0 00380240 		.word	1073887232
 213 00a4 00700040 		.word	1073770496
 214              		.cfi_endproc
 215              	.LFE131:
 217              		.section	.text.MX_GPIO_Init,"ax",%progbits
 218              		.align	1
 219              		.global	MX_GPIO_Init
 220              		.syntax unified
 221              		.thumb
 222              		.thumb_func
 224              	MX_GPIO_Init:
 225              	.LFB132:
  52:Core/Src/Drivers/System_Config/system_config.c **** 
  53:Core/Src/Drivers/System_Config/system_config.c **** void MX_GPIO_Init(void)
  54:Core/Src/Drivers/System_Config/system_config.c **** {
 226              		.loc 1 54 1 view -0
 227              		.cfi_startproc
 228              		@ args = 0, pretend = 0, frame = 16
 229              		@ frame_needed = 0, uses_anonymous_args = 0
 230              		@ link register save eliminated.
 231 0000 84B0     		sub	sp, sp, #16
 232              	.LCFI4:
 233              		.cfi_def_cfa_offset 16
  55:Core/Src/Drivers/System_Config/system_config.c ****   /* GPIO Ports Clock Enable */
  56:Core/Src/Drivers/System_Config/system_config.c ****   __HAL_RCC_GPIOH_CLK_ENABLE();
 234              		.loc 1 56 3 view .LVU60
 235              	.LBB8:
 236              		.loc 1 56 3 view .LVU61
 237 0002 0022     		movs	r2, #0
 238 0004 0092     		str	r2, [sp]
 239              		.loc 1 56 3 view .LVU62
 240 0006 154B     		ldr	r3, .L13
 241 0008 196B     		ldr	r1, [r3, #48]
 242 000a 41F08001 		orr	r1, r1, #128
 243 000e 1963     		str	r1, [r3, #48]
 244              		.loc 1 56 3 view .LVU63
 245 0010 196B     		ldr	r1, [r3, #48]
 246 0012 01F08001 		and	r1, r1, #128
 247 0016 0091     		str	r1, [sp]
 248              		.loc 1 56 3 view .LVU64
 249 0018 0099     		ldr	r1, [sp]
 250              	.LBE8:
 251              		.loc 1 56 3 view .LVU65
  57:Core/Src/Drivers/System_Config/system_config.c ****   __HAL_RCC_GPIOA_CLK_ENABLE();
 252              		.loc 1 57 3 view .LVU66
 253              	.LBB9:
 254              		.loc 1 57 3 view .LVU67
 255 001a 0192     		str	r2, [sp, #4]
 256              		.loc 1 57 3 view .LVU68
 257 001c 196B     		ldr	r1, [r3, #48]
 258 001e 41F00101 		orr	r1, r1, #1
 259 0022 1963     		str	r1, [r3, #48]
ARM GAS  C:\Users\ACER\AppData\Local\Temp\ccdeb3qc.s 			page 9


 260              		.loc 1 57 3 view .LVU69
 261 0024 196B     		ldr	r1, [r3, #48]
 262 0026 01F00101 		and	r1, r1, #1
 263 002a 0191     		str	r1, [sp, #4]
 264              		.loc 1 57 3 view .LVU70
 265 002c 0199     		ldr	r1, [sp, #4]
 266              	.LBE9:
 267              		.loc 1 57 3 view .LVU71
  58:Core/Src/Drivers/System_Config/system_config.c ****   __HAL_RCC_GPIOB_CLK_ENABLE();
 268              		.loc 1 58 3 view .LVU72
 269              	.LBB10:
 270              		.loc 1 58 3 view .LVU73
 271 002e 0292     		str	r2, [sp, #8]
 272              		.loc 1 58 3 view .LVU74
 273 0030 196B     		ldr	r1, [r3, #48]
 274 0032 41F00201 		orr	r1, r1, #2
 275 0036 1963     		str	r1, [r3, #48]
 276              		.loc 1 58 3 view .LVU75
 277 0038 196B     		ldr	r1, [r3, #48]
 278 003a 01F00201 		and	r1, r1, #2
 279 003e 0291     		str	r1, [sp, #8]
 280              		.loc 1 58 3 view .LVU76
 281 0040 0299     		ldr	r1, [sp, #8]
 282              	.LBE10:
 283              		.loc 1 58 3 view .LVU77
  59:Core/Src/Drivers/System_Config/system_config.c ****   __HAL_RCC_GPIOD_CLK_ENABLE();
 284              		.loc 1 59 3 view .LVU78
 285              	.LBB11:
 286              		.loc 1 59 3 view .LVU79
 287 0042 0392     		str	r2, [sp, #12]
 288              		.loc 1 59 3 view .LVU80
 289 0044 1A6B     		ldr	r2, [r3, #48]
 290 0046 42F00802 		orr	r2, r2, #8
 291 004a 1A63     		str	r2, [r3, #48]
 292              		.loc 1 59 3 view .LVU81
 293 004c 1B6B     		ldr	r3, [r3, #48]
 294 004e 03F00803 		and	r3, r3, #8
 295 0052 0393     		str	r3, [sp, #12]
 296              		.loc 1 59 3 view .LVU82
 297 0054 039B     		ldr	r3, [sp, #12]
 298              	.LBE11:
 299              		.loc 1 59 3 view .LVU83
  60:Core/Src/Drivers/System_Config/system_config.c **** }...
 300              		.loc 1 60 1 is_stmt 0 view .LVU84
 301 0056 04B0     		add	sp, sp, #16
 302              	.LCFI5:
 303              		.cfi_def_cfa_offset 0
 304              		@ sp needed
 305 0058 7047     		bx	lr
 306              	.L14:
 307 005a 00BF     		.align	2
 308              	.L13:
 309 005c 00380240 		.word	1073887232
 310              		.cfi_endproc
 311              	.LFE132:
 313              		.text
 314              	.Letext0:
ARM GAS  C:\Users\ACER\AppData\Local\Temp\ccdeb3qc.s 			page 10


 315              		.file 3 "D:/Software/Arm Toolchain/arm-gnu-toolchain-13.2.rel1-mingw-w64-i686-arm-none-eabi/arm-gn
 316              		.file 4 "D:/Software/Arm Toolchain/arm-gnu-toolchain-13.2.rel1-mingw-w64-i686-arm-none-eabi/arm-gn
 317              		.file 5 "Drivers/CMSIS/Device/ST/STM32F4xx/Include/stm32f407xx.h"
 318              		.file 6 "Drivers/STM32F4xx_HAL_Driver/Inc/stm32f4xx_hal_def.h"
 319              		.file 7 "Drivers/STM32F4xx_HAL_Driver/Inc/stm32f4xx_hal_rcc_ex.h"
 320              		.file 8 "Drivers/STM32F4xx_HAL_Driver/Inc/stm32f4xx_hal_rcc.h"
 321              		.file 9 "<built-in>"
ARM GAS  C:\Users\ACER\AppData\Local\Temp\ccdeb3qc.s 			page 11


DEFINED SYMBOLS
                            *ABS*:00000000 system_config.c
C:\Users\ACER\AppData\Local\Temp\ccdeb3qc.s:21     .text.Error_Handler:00000000 $t
C:\Users\ACER\AppData\Local\Temp\ccdeb3qc.s:27     .text.Error_Handler:00000000 Error_Handler
C:\Users\ACER\AppData\Local\Temp\ccdeb3qc.s:59     .text.SystemClock_Config:00000000 $t
C:\Users\ACER\AppData\Local\Temp\ccdeb3qc.s:65     .text.SystemClock_Config:00000000 SystemClock_Config
C:\Users\ACER\AppData\Local\Temp\ccdeb3qc.s:212    .text.SystemClock_Config:000000a0 $d
C:\Users\ACER\AppData\Local\Temp\ccdeb3qc.s:218    .text.MX_GPIO_Init:00000000 $t
C:\Users\ACER\AppData\Local\Temp\ccdeb3qc.s:224    .text.MX_GPIO_Init:00000000 MX_GPIO_Init
C:\Users\ACER\AppData\Local\Temp\ccdeb3qc.s:309    .text.MX_GPIO_Init:0000005c $d

UNDEFINED SYMBOLS
memset
HAL_RCC_OscConfig
HAL_RCC_ClockConfig
