ARM GAS  C:\Users\ACER\AppData\Local\Temp\cc1EOreK.s 			page 1


   1              		.cpu cortex-m4
   2              		.arch armv7e-m
   3              		.fpu fpv4-sp-d16
   4              		.eabi_attribute 27, 1
   5              		.eabi_attribute 28, 1
   6              		.eabi_attribute 20, 1
   7              		.eabi_attribute 21, 1
   8              		.eabi_attribute 23, 3
   9              		.eabi_attribute 24, 1
  10              		.eabi_attribute 25, 1
  11              		.eabi_attribute 26, 1
  12              		.eabi_attribute 30, 1
  13              		.eabi_attribute 34, 1
  14              		.eabi_attribute 18, 4
  15              		.file	"usart.c"
  16              		.text
  17              	.Ltext0:
  18              		.cfi_sections	.debug_frame
  19              		.file 1 "Core/Src/Drivers/Usart/usart.c"
  20              		.section	.text.ExtractMessage,"ax",%progbits
  21              		.align	1
  22              		.syntax unified
  23              		.thumb
  24              		.thumb_func
  26              	ExtractMessage:
  27              	.LVL0:
  28              	.LFB171:
   1:Core/Src/Drivers/Usart/usart.c **** #include "usart.h"
   2:Core/Src/Drivers/Usart/usart.c **** 
   3:Core/Src/Drivers/Usart/usart.c **** /*Private Interfacce*/
   4:Core/Src/Drivers/Usart/usart.c **** UART_HandleTypeDef huart2;
   5:Core/Src/Drivers/Usart/usart.c **** UART_HandleTypeDef huart3;
   6:Core/Src/Drivers/Usart/usart.c **** extern struct Ao * ao_motor_communicator;
   7:Core/Src/Drivers/Usart/usart.c **** extern struct Ao * ao_computer_communicator;
   8:Core/Src/Drivers/Usart/usart.c **** extern struct ComputerCommunicator * computer_communicator;
   9:Core/Src/Drivers/Usart/usart.c **** extern struct MotorCommunicator * motor_communicator;
  10:Core/Src/Drivers/Usart/usart.c **** extern char rx_byte_data;
  11:Core/Src/Drivers/Usart/usart.c **** 
  12:Core/Src/Drivers/Usart/usart.c **** static const uint32_t TEN_POWER[] = {1, 10, 100, 1000};
  13:Core/Src/Drivers/Usart/usart.c **** 
  14:Core/Src/Drivers/Usart/usart.c **** static int16_t ExtractMessage(RecivedMessage * received_message)
  15:Core/Src/Drivers/Usart/usart.c **** {
  29              		.loc 1 15 1 view -0
  30              		.cfi_startproc
  31              		@ args = 0, pretend = 0, frame = 0
  32              		@ frame_needed = 0, uses_anonymous_args = 0
  33              		.loc 1 15 1 is_stmt 0 view .LVU1
  34 0000 30B5     		push	{r4, r5, lr}
  35              	.LCFI0:
  36              		.cfi_def_cfa_offset 12
  37              		.cfi_offset 4, -12
  38              		.cfi_offset 5, -8
  39              		.cfi_offset 14, -4
  16:Core/Src/Drivers/Usart/usart.c ****     int16_t d = 0;
  40              		.loc 1 16 5 is_stmt 1 view .LVU2
  41              	.LVL1:
  17:Core/Src/Drivers/Usart/usart.c ****     int16_t sign = 1;
ARM GAS  C:\Users\ACER\AppData\Local\Temp\cc1EOreK.s 			page 2


  42              		.loc 1 17 5 view .LVU3
  18:Core/Src/Drivers/Usart/usart.c ****     uint8_t n = received_message->length;
  43              		.loc 1 18 5 view .LVU4
  44              		.loc 1 18 13 is_stmt 0 view .LVU5
  45 0002 90F807E0 		ldrb	lr, [r0, #7]	@ zero_extendqisi2
  46              	.LVL2:
  19:Core/Src/Drivers/Usart/usart.c ****     uint8_t num;
  47              		.loc 1 19 5 is_stmt 1 view .LVU6
  20:Core/Src/Drivers/Usart/usart.c **** 
  21:Core/Src/Drivers/Usart/usart.c ****     for(int index = 0; index < n; index++)
  48              		.loc 1 21 5 view .LVU7
  49              	.LBB2:
  50              		.loc 1 21 9 view .LVU8
  51              		.loc 1 21 13 is_stmt 0 view .LVU9
  52 0006 0022     		movs	r2, #0
  53              	.LBE2:
  17:Core/Src/Drivers/Usart/usart.c ****     uint8_t n = received_message->length;
  54              		.loc 1 17 13 view .LVU10
  55 0008 0125     		movs	r5, #1
  16:Core/Src/Drivers/Usart/usart.c ****     int16_t sign = 1;
  56              		.loc 1 16 13 view .LVU11
  57 000a 1146     		mov	r1, r2
  58              	.LBB3:
  59              		.loc 1 21 5 view .LVU12
  60 000c 02E0     		b	.L2
  61              	.LVL3:
  62              	.L5:
  22:Core/Src/Drivers/Usart/usart.c ****     {
  23:Core/Src/Drivers/Usart/usart.c ****         if(received_message->message[index] == '-')
  24:Core/Src/Drivers/Usart/usart.c ****         {
  25:Core/Src/Drivers/Usart/usart.c ****             sign = -1;
  63              		.loc 1 25 18 view .LVU13
  64 000e 4FF0FF35 		mov	r5, #-1
  65              	.LVL4:
  66              	.L3:
  21:Core/Src/Drivers/Usart/usart.c ****     {
  67              		.loc 1 21 40 is_stmt 1 discriminator 2 view .LVU14
  68 0012 0132     		adds	r2, r2, #1
  69              	.LVL5:
  70              	.L2:
  21:Core/Src/Drivers/Usart/usart.c ****     {
  71              		.loc 1 21 30 discriminator 1 view .LVU15
  72 0014 9645     		cmp	lr, r2
  73 0016 10DD     		ble	.L7
  23:Core/Src/Drivers/Usart/usart.c ****         {
  74              		.loc 1 23 9 view .LVU16
  23:Core/Src/Drivers/Usart/usart.c ****         {
  75              		.loc 1 23 37 is_stmt 0 view .LVU17
  76 0018 835C     		ldrb	r3, [r0, r2]	@ zero_extendqisi2
  23:Core/Src/Drivers/Usart/usart.c ****         {
  77              		.loc 1 23 11 view .LVU18
  78 001a 2D2B     		cmp	r3, #45
  79 001c F7D0     		beq	.L5
  26:Core/Src/Drivers/Usart/usart.c ****             continue;
  27:Core/Src/Drivers/Usart/usart.c ****         }
  28:Core/Src/Drivers/Usart/usart.c **** 
  29:Core/Src/Drivers/Usart/usart.c ****         num = received_message->message[index] - '0';
ARM GAS  C:\Users\ACER\AppData\Local\Temp\cc1EOreK.s 			page 3


  80              		.loc 1 29 9 is_stmt 1 view .LVU19
  81              		.loc 1 29 13 is_stmt 0 view .LVU20
  82 001e 303B     		subs	r3, r3, #48
  83 0020 DBB2     		uxtb	r3, r3
  84              	.LVL6:
  30:Core/Src/Drivers/Usart/usart.c ****         d = d + (int16_t)(num * TEN_POWER[n - 1 - index]);
  85              		.loc 1 30 9 is_stmt 1 view .LVU21
  86              		.loc 1 30 45 is_stmt 0 view .LVU22
  87 0022 0EF1FF3C 		add	ip, lr, #-1
  88              		.loc 1 30 49 view .LVU23
  89 0026 ACEB020C 		sub	ip, ip, r2
  90              		.loc 1 30 42 view .LVU24
  91 002a 064C     		ldr	r4, .L8
  92 002c 54F82C40 		ldr	r4, [r4, ip, lsl #2]
  93              		.loc 1 30 15 view .LVU25
  94 0030 13FB04F3 		smulbb	r3, r3, r4
  95              	.LVL7:
  96              		.loc 1 30 15 view .LVU26
  97 0034 1944     		add	r1, r1, r3
  98              	.LVL8:
  99              		.loc 1 30 11 view .LVU27
 100 0036 09B2     		sxth	r1, r1
 101              	.LVL9:
 102              		.loc 1 30 11 view .LVU28
 103 0038 EBE7     		b	.L3
 104              	.LVL10:
 105              	.L7:
 106              		.loc 1 30 11 view .LVU29
 107              	.LBE3:
  31:Core/Src/Drivers/Usart/usart.c ****     }
  32:Core/Src/Drivers/Usart/usart.c **** 
  33:Core/Src/Drivers/Usart/usart.c ****     return d * sign;
 108              		.loc 1 33 5 is_stmt 1 view .LVU30
 109              		.loc 1 33 14 is_stmt 0 view .LVU31
 110 003a 11FB05F0 		smulbb	r0, r1, r5
 111              	.LVL11:
  34:Core/Src/Drivers/Usart/usart.c **** }
 112              		.loc 1 34 1 view .LVU32
 113 003e 00B2     		sxth	r0, r0
 114 0040 30BD     		pop	{r4, r5, pc}
 115              	.LVL12:
 116              	.L9:
 117              		.loc 1 34 1 view .LVU33
 118 0042 00BF     		.align	2
 119              	.L8:
 120 0044 00000000 		.word	TEN_POWER
 121              		.cfi_endproc
 122              	.LFE171:
 124              		.section	.text.UART_Init,"ax",%progbits
 125              		.align	1
 126              		.syntax unified
 127              		.thumb
 128              		.thumb_func
 130              	UART_Init:
 131              	.LVL13:
 132              	.LFB178:
  35:Core/Src/Drivers/Usart/usart.c **** 
ARM GAS  C:\Users\ACER\AppData\Local\Temp\cc1EOreK.s 			page 4


  36:Core/Src/Drivers/Usart/usart.c **** static void UART_Init(UART_HandleTypeDef* huart);
  37:Core/Src/Drivers/Usart/usart.c **** 
  38:Core/Src/Drivers/Usart/usart.c **** /**
  39:Core/Src/Drivers/Usart/usart.c ****   * @brief  Tx Transfer completed callbacks.
  40:Core/Src/Drivers/Usart/usart.c ****   * @param  huart  Pointer to a UART_HandleTypeDef structure that contains
  41:Core/Src/Drivers/Usart/usart.c ****   *                the configuration information for the specified UART module.
  42:Core/Src/Drivers/Usart/usart.c ****   * @retval None
  43:Core/Src/Drivers/Usart/usart.c ****   */
  44:Core/Src/Drivers/Usart/usart.c **** void HAL_UART_TxCpltCallback(UART_HandleTypeDef *huart)
  45:Core/Src/Drivers/Usart/usart.c **** {
  46:Core/Src/Drivers/Usart/usart.c ****     BaseType_t xHigherPriorityTaskWoken = pdFALSE;
  47:Core/Src/Drivers/Usart/usart.c **** 
  48:Core/Src/Drivers/Usart/usart.c ****     if(huart->Instance == USART2)
  49:Core/Src/Drivers/Usart/usart.c ****     {
  50:Core/Src/Drivers/Usart/usart.c ****         static const Event motor_sended_event = {COMMAND_SENDED_SIG};
  51:Core/Src/Drivers/Usart/usart.c ****         ao_motor_communicator->postFromISR(ao_motor_communicator, &motor_sended_event, &xHigherPrio
  52:Core/Src/Drivers/Usart/usart.c ****     }
  53:Core/Src/Drivers/Usart/usart.c ****     else if(huart->Instance == USART3)
  54:Core/Src/Drivers/Usart/usart.c ****     {
  55:Core/Src/Drivers/Usart/usart.c ****         static const Event sensor_event = {SENSOR_SENDED_SIG};
  56:Core/Src/Drivers/Usart/usart.c ****         ao_computer_communicator->postFromISR(ao_computer_communicator, &sensor_event, &xHigherPrio
  57:Core/Src/Drivers/Usart/usart.c ****     }
  58:Core/Src/Drivers/Usart/usart.c **** 
  59:Core/Src/Drivers/Usart/usart.c ****     portEND_SWITCHING_ISR(xHigherPriorityTaskWoken);
  60:Core/Src/Drivers/Usart/usart.c **** }
  61:Core/Src/Drivers/Usart/usart.c **** 
  62:Core/Src/Drivers/Usart/usart.c **** /**
  63:Core/Src/Drivers/Usart/usart.c ****   * @brief This function will be called if number of 
  64:Core/Src/Drivers/Usart/usart.c ****   * recived bytes equal data Size declared in HAL_UART_Receive_IT.
  65:Core/Src/Drivers/Usart/usart.c ****   */
  66:Core/Src/Drivers/Usart/usart.c **** void HAL_UART_RxCpltCallback(UART_HandleTypeDef *huart)
  67:Core/Src/Drivers/Usart/usart.c **** {
  68:Core/Src/Drivers/Usart/usart.c ****     BaseType_t xHigherPriorityTaskWoken = pdFALSE;
  69:Core/Src/Drivers/Usart/usart.c **** 
  70:Core/Src/Drivers/Usart/usart.c ****     if(huart->Instance == USART3)
  71:Core/Src/Drivers/Usart/usart.c ****     {
  72:Core/Src/Drivers/Usart/usart.c ****         static RecivedMessage recived_message = {.length = 0}; 
  73:Core/Src/Drivers/Usart/usart.c ****         static uint8_t is_data_comming = 0;
  74:Core/Src/Drivers/Usart/usart.c ****         static char byte_data;
  75:Core/Src/Drivers/Usart/usart.c ****         static const uint8_t max_length = 4;
  76:Core/Src/Drivers/Usart/usart.c ****         byte_data = rx_byte_data; 
  77:Core/Src/Drivers/Usart/usart.c ****     
  78:Core/Src/Drivers/Usart/usart.c ****         if(is_data_comming == 1) /*Have recived 'S'*/
  79:Core/Src/Drivers/Usart/usart.c ****         {
  80:Core/Src/Drivers/Usart/usart.c ****             
  81:Core/Src/Drivers/Usart/usart.c ****             if(byte_data != 'S' && byte_data != 10) /*Not 'S' and '\n'*/
  82:Core/Src/Drivers/Usart/usart.c ****             {
  83:Core/Src/Drivers/Usart/usart.c ****                 recived_message.message[recived_message.length] = byte_data;
  84:Core/Src/Drivers/Usart/usart.c ****                 recived_message.length++;
  85:Core/Src/Drivers/Usart/usart.c ****                 if(recived_message.length > max_length)
  86:Core/Src/Drivers/Usart/usart.c ****                 {
  87:Core/Src/Drivers/Usart/usart.c ****                     recived_message.length = 0;
  88:Core/Src/Drivers/Usart/usart.c ****                     is_data_comming = 0;
  89:Core/Src/Drivers/Usart/usart.c ****                 }
  90:Core/Src/Drivers/Usart/usart.c ****             }
  91:Core/Src/Drivers/Usart/usart.c ****             else if(byte_data == 10)  /*End of Line '\n'*/
  92:Core/Src/Drivers/Usart/usart.c ****             {
ARM GAS  C:\Users\ACER\AppData\Local\Temp\cc1EOreK.s 			page 5


  93:Core/Src/Drivers/Usart/usart.c ****                 static PWC pulse_width_command;
  94:Core/Src/Drivers/Usart/usart.c ****                 static int16_t d;
  95:Core/Src/Drivers/Usart/usart.c ****                 static const Event pwc_evt = {PWC_TRIGGER_SIG};
  96:Core/Src/Drivers/Usart/usart.c ****                 d = ExtractMessage(&recived_message);
  97:Core/Src/Drivers/Usart/usart.c ****                 pulse_width_command.d = d;
  98:Core/Src/Drivers/Usart/usart.c ****                 xQueueOverwriteFromISR(motor_communicator->pwc_sub, &pulse_width_command, &xHigherP
  99:Core/Src/Drivers/Usart/usart.c ****                 ao_motor_communicator->postFromISR(ao_motor_communicator, &pwc_evt, &xHigherPriorit
 100:Core/Src/Drivers/Usart/usart.c ****                 recived_message.length = 0;
 101:Core/Src/Drivers/Usart/usart.c ****                 is_data_comming = 0;
 102:Core/Src/Drivers/Usart/usart.c ****             }
 103:Core/Src/Drivers/Usart/usart.c ****         }
 104:Core/Src/Drivers/Usart/usart.c ****         else 
 105:Core/Src/Drivers/Usart/usart.c ****         {
 106:Core/Src/Drivers/Usart/usart.c ****             if(byte_data == 'S') /*Witnessed double 'S'*/
 107:Core/Src/Drivers/Usart/usart.c ****             {
 108:Core/Src/Drivers/Usart/usart.c ****                 if(recived_message.length != 0) recived_message.length = 0;
 109:Core/Src/Drivers/Usart/usart.c ****                 is_data_comming = 1;
 110:Core/Src/Drivers/Usart/usart.c ****             }          
 111:Core/Src/Drivers/Usart/usart.c ****         }
 112:Core/Src/Drivers/Usart/usart.c **** 
 113:Core/Src/Drivers/Usart/usart.c ****         /*Enable Rx Interrupt, waiting for new byte data*/
 114:Core/Src/Drivers/Usart/usart.c ****         HAL_UART_Receive_IT(huart, &rx_byte_data, 1);
 115:Core/Src/Drivers/Usart/usart.c ****     }
 116:Core/Src/Drivers/Usart/usart.c **** 
 117:Core/Src/Drivers/Usart/usart.c ****     portEND_SWITCHING_ISR(xHigherPriorityTaskWoken);
 118:Core/Src/Drivers/Usart/usart.c **** }
 119:Core/Src/Drivers/Usart/usart.c **** 
 120:Core/Src/Drivers/Usart/usart.c **** /**
 121:Core/Src/Drivers/Usart/usart.c ****   * @brief This function handles USART2 global interrupt.
 122:Core/Src/Drivers/Usart/usart.c ****   */
 123:Core/Src/Drivers/Usart/usart.c **** void USART2_IRQHandler(void)
 124:Core/Src/Drivers/Usart/usart.c **** {
 125:Core/Src/Drivers/Usart/usart.c ****     HAL_UART_IRQHandler(&huart2);
 126:Core/Src/Drivers/Usart/usart.c **** }
 127:Core/Src/Drivers/Usart/usart.c **** 
 128:Core/Src/Drivers/Usart/usart.c **** /**
 129:Core/Src/Drivers/Usart/usart.c ****   * @brief This function handles USART3 global interrupt.
 130:Core/Src/Drivers/Usart/usart.c ****   */
 131:Core/Src/Drivers/Usart/usart.c **** void USART3_IRQHandler(void)
 132:Core/Src/Drivers/Usart/usart.c **** {
 133:Core/Src/Drivers/Usart/usart.c ****     HAL_UART_IRQHandler(&huart3);
 134:Core/Src/Drivers/Usart/usart.c **** }
 135:Core/Src/Drivers/Usart/usart.c **** 
 136:Core/Src/Drivers/Usart/usart.c **** 
 137:Core/Src/Drivers/Usart/usart.c **** /**
 138:Core/Src/Drivers/Usart/usart.c ****   * @brief This function initialize USART1.
 139:Core/Src/Drivers/Usart/usart.c ****   */
 140:Core/Src/Drivers/Usart/usart.c **** void Driver_USART_Init()
 141:Core/Src/Drivers/Usart/usart.c **** {
 142:Core/Src/Drivers/Usart/usart.c ****     huart2.Instance = USART2;
 143:Core/Src/Drivers/Usart/usart.c ****     huart3.Instance = USART3;
 144:Core/Src/Drivers/Usart/usart.c ****     UART_Init(&huart2);
 145:Core/Src/Drivers/Usart/usart.c ****     UART_Init(&huart3);
 146:Core/Src/Drivers/Usart/usart.c **** }
 147:Core/Src/Drivers/Usart/usart.c **** 
 148:Core/Src/Drivers/Usart/usart.c **** 
 149:Core/Src/Drivers/Usart/usart.c **** void HAL_UART_MspInit(UART_HandleTypeDef* huart)
ARM GAS  C:\Users\ACER\AppData\Local\Temp\cc1EOreK.s 			page 6


 150:Core/Src/Drivers/Usart/usart.c **** {
 151:Core/Src/Drivers/Usart/usart.c ****     GPIO_InitTypeDef GPIO_InitStruct = {0};
 152:Core/Src/Drivers/Usart/usart.c ****     if(huart->Instance==USART2)
 153:Core/Src/Drivers/Usart/usart.c ****     {
 154:Core/Src/Drivers/Usart/usart.c ****         /* Peripheral clock enable */
 155:Core/Src/Drivers/Usart/usart.c ****         __HAL_RCC_USART2_CLK_ENABLE();
 156:Core/Src/Drivers/Usart/usart.c ****         __HAL_RCC_GPIOA_CLK_ENABLE();
 157:Core/Src/Drivers/Usart/usart.c ****         
 158:Core/Src/Drivers/Usart/usart.c ****         /**USART2 GPIO Configuration
 159:Core/Src/Drivers/Usart/usart.c ****         PA2     ------> USART2_TX
 160:Core/Src/Drivers/Usart/usart.c ****         PA3     ------> USART2_RX
 161:Core/Src/Drivers/Usart/usart.c ****         */
 162:Core/Src/Drivers/Usart/usart.c ****         GPIO_InitStruct.Pin = GPIO_PIN_2|GPIO_PIN_3;
 163:Core/Src/Drivers/Usart/usart.c ****         GPIO_InitStruct.Mode = GPIO_MODE_AF_PP;
 164:Core/Src/Drivers/Usart/usart.c ****         GPIO_InitStruct.Pull = GPIO_NOPULL;
 165:Core/Src/Drivers/Usart/usart.c ****         GPIO_InitStruct.Speed = GPIO_SPEED_FREQ_VERY_HIGH;
 166:Core/Src/Drivers/Usart/usart.c ****         GPIO_InitStruct.Alternate = GPIO_AF7_USART2;
 167:Core/Src/Drivers/Usart/usart.c ****         HAL_GPIO_Init(GPIOA, &GPIO_InitStruct);
 168:Core/Src/Drivers/Usart/usart.c **** 
 169:Core/Src/Drivers/Usart/usart.c ****         /* USART1 interrupt Init */
 170:Core/Src/Drivers/Usart/usart.c ****         HAL_NVIC_SetPriority(USART2_IRQn, 9, 0);
 171:Core/Src/Drivers/Usart/usart.c ****         HAL_NVIC_EnableIRQ(USART2_IRQn);
 172:Core/Src/Drivers/Usart/usart.c ****     }
 173:Core/Src/Drivers/Usart/usart.c ****     else if(huart->Instance==USART3)
 174:Core/Src/Drivers/Usart/usart.c ****     {
 175:Core/Src/Drivers/Usart/usart.c ****         /* Peripheral clock enable */
 176:Core/Src/Drivers/Usart/usart.c ****         __HAL_RCC_USART3_CLK_ENABLE();
 177:Core/Src/Drivers/Usart/usart.c ****         __HAL_RCC_GPIOB_CLK_ENABLE();
 178:Core/Src/Drivers/Usart/usart.c **** 
 179:Core/Src/Drivers/Usart/usart.c ****         /**USART3 GPIO Configuration
 180:Core/Src/Drivers/Usart/usart.c ****         PB10     ------> USART3_TX
 181:Core/Src/Drivers/Usart/usart.c ****         PB11     ------> USART3_RX
 182:Core/Src/Drivers/Usart/usart.c ****         */
 183:Core/Src/Drivers/Usart/usart.c ****         GPIO_InitStruct.Pin = GPIO_PIN_10|GPIO_PIN_11;
 184:Core/Src/Drivers/Usart/usart.c ****         GPIO_InitStruct.Mode = GPIO_MODE_AF_PP;
 185:Core/Src/Drivers/Usart/usart.c ****         GPIO_InitStruct.Pull = GPIO_NOPULL;
 186:Core/Src/Drivers/Usart/usart.c ****         GPIO_InitStruct.Speed = GPIO_SPEED_FREQ_VERY_HIGH;
 187:Core/Src/Drivers/Usart/usart.c ****         GPIO_InitStruct.Alternate = GPIO_AF7_USART3;
 188:Core/Src/Drivers/Usart/usart.c ****         HAL_GPIO_Init(GPIOB, &GPIO_InitStruct);
 189:Core/Src/Drivers/Usart/usart.c **** 
 190:Core/Src/Drivers/Usart/usart.c ****         /* USART3 interrupt Init */
 191:Core/Src/Drivers/Usart/usart.c ****         HAL_NVIC_SetPriority(USART3_IRQn, 10, 0);
 192:Core/Src/Drivers/Usart/usart.c ****         HAL_NVIC_EnableIRQ(USART3_IRQn);
 193:Core/Src/Drivers/Usart/usart.c ****     }
 194:Core/Src/Drivers/Usart/usart.c **** }
 195:Core/Src/Drivers/Usart/usart.c **** 
 196:Core/Src/Drivers/Usart/usart.c **** static void UART_Init(UART_HandleTypeDef* huart)
 197:Core/Src/Drivers/Usart/usart.c **** {
 133              		.loc 1 197 1 is_stmt 1 view -0
 134              		.cfi_startproc
 135              		@ args = 0, pretend = 0, frame = 0
 136              		@ frame_needed = 0, uses_anonymous_args = 0
 137              		.loc 1 197 1 is_stmt 0 view .LVU35
 138 0000 08B5     		push	{r3, lr}
 139              	.LCFI1:
 140              		.cfi_def_cfa_offset 8
 141              		.cfi_offset 3, -8
ARM GAS  C:\Users\ACER\AppData\Local\Temp\cc1EOreK.s 			page 7


 142              		.cfi_offset 14, -4
 198:Core/Src/Drivers/Usart/usart.c **** 
 199:Core/Src/Drivers/Usart/usart.c ****     if(huart->Instance==USART2)
 143              		.loc 1 199 5 is_stmt 1 view .LVU36
 144              		.loc 1 199 13 is_stmt 0 view .LVU37
 145 0002 0368     		ldr	r3, [r0]
 146              		.loc 1 199 7 view .LVU38
 147 0004 104A     		ldr	r2, .L16
 148 0006 9342     		cmp	r3, r2
 149 0008 03D0     		beq	.L14
 200:Core/Src/Drivers/Usart/usart.c ****     {
 201:Core/Src/Drivers/Usart/usart.c ****         huart->Init.BaudRate = 115200;
 202:Core/Src/Drivers/Usart/usart.c ****         huart->Init.WordLength = UART_WORDLENGTH_8B;
 203:Core/Src/Drivers/Usart/usart.c ****         huart->Init.StopBits = UART_STOPBITS_1;
 204:Core/Src/Drivers/Usart/usart.c ****         huart->Init.Parity = UART_PARITY_NONE;
 205:Core/Src/Drivers/Usart/usart.c ****         huart->Init.Mode = UART_MODE_TX_RX;
 206:Core/Src/Drivers/Usart/usart.c ****         huart->Init.HwFlowCtl = UART_HWCONTROL_NONE;
 207:Core/Src/Drivers/Usart/usart.c ****         huart->Init.OverSampling = UART_OVERSAMPLING_16;
 208:Core/Src/Drivers/Usart/usart.c ****         if (HAL_UART_Init(huart) != HAL_OK)
 209:Core/Src/Drivers/Usart/usart.c ****         {
 210:Core/Src/Drivers/Usart/usart.c ****             // Error_Handler();
 211:Core/Src/Drivers/Usart/usart.c ****         }
 212:Core/Src/Drivers/Usart/usart.c ****     }
 213:Core/Src/Drivers/Usart/usart.c ****     else if(huart->Instance==USART3)
 150              		.loc 1 213 10 is_stmt 1 view .LVU39
 151              		.loc 1 213 12 is_stmt 0 view .LVU40
 152 000a 104A     		ldr	r2, .L16+4
 153 000c 9342     		cmp	r3, r2
 154 000e 0ED0     		beq	.L15
 155              	.LVL14:
 156              	.L10:
 214:Core/Src/Drivers/Usart/usart.c ****     {
 215:Core/Src/Drivers/Usart/usart.c ****         huart->Init.BaudRate = 576000;
 216:Core/Src/Drivers/Usart/usart.c ****         huart->Init.WordLength = UART_WORDLENGTH_8B;
 217:Core/Src/Drivers/Usart/usart.c ****         huart->Init.StopBits = UART_STOPBITS_1;
 218:Core/Src/Drivers/Usart/usart.c ****         huart->Init.Parity = UART_PARITY_NONE;
 219:Core/Src/Drivers/Usart/usart.c ****         huart->Init.Mode = UART_MODE_TX_RX;
 220:Core/Src/Drivers/Usart/usart.c ****         huart->Init.HwFlowCtl = UART_HWCONTROL_NONE;
 221:Core/Src/Drivers/Usart/usart.c ****         huart->Init.OverSampling = UART_OVERSAMPLING_16;
 222:Core/Src/Drivers/Usart/usart.c ****         if (HAL_UART_Init(huart) != HAL_OK)
 223:Core/Src/Drivers/Usart/usart.c ****         {
 224:Core/Src/Drivers/Usart/usart.c ****             // Error_Handler();
 225:Core/Src/Drivers/Usart/usart.c ****         }
 226:Core/Src/Drivers/Usart/usart.c **** 
 227:Core/Src/Drivers/Usart/usart.c ****         // huart3.Instance = USART3;
 228:Core/Src/Drivers/Usart/usart.c ****         // huart3.Init.BaudRate = 921600;
 229:Core/Src/Drivers/Usart/usart.c ****         // huart3.Init.WordLength = UART_WORDLENGTH_8B;
 230:Core/Src/Drivers/Usart/usart.c ****         // huart3.Init.StopBits = UART_STOPBITS_1;
 231:Core/Src/Drivers/Usart/usart.c ****         // huart3.Init.Parity = UART_PARITY_NONE;
 232:Core/Src/Drivers/Usart/usart.c ****         // huart3.Init.Mode = UART_MODE_TX_RX;
 233:Core/Src/Drivers/Usart/usart.c ****         // huart3.Init.HwFlowCtl = UART_HWCONTROL_NONE;
 234:Core/Src/Drivers/Usart/usart.c ****         // huart3.Init.OverSampling = UART_OVERSAMPLING_16;
 235:Core/Src/Drivers/Usart/usart.c ****     }
 236:Core/Src/Drivers/Usart/usart.c **** 
 237:Core/Src/Drivers/Usart/usart.c **** }...
 157              		.loc 1 237 1 view .LVU41
 158 0010 08BD     		pop	{r3, pc}
ARM GAS  C:\Users\ACER\AppData\Local\Temp\cc1EOreK.s 			page 8


 159              	.LVL15:
 160              	.L14:
 201:Core/Src/Drivers/Usart/usart.c ****         huart->Init.BaudRate = 115200;
 161              		.loc 1 201 9 is_stmt 1 view .LVU42
 201:Core/Src/Drivers/Usart/usart.c ****         huart->Init.BaudRate = 115200;
 162              		.loc 1 201 30 is_stmt 0 view .LVU43
 163 0012 4FF4E133 		mov	r3, #115200
 164 0016 4360     		str	r3, [r0, #4]
 202:Core/Src/Drivers/Usart/usart.c ****         huart->Init.WordLength = UART_WORDLENGTH_8B;
 165              		.loc 1 202 9 is_stmt 1 view .LVU44
 202:Core/Src/Drivers/Usart/usart.c ****         huart->Init.WordLength = UART_WORDLENGTH_8B;
 166              		.loc 1 202 32 is_stmt 0 view .LVU45
 167 0018 0023     		movs	r3, #0
 168 001a 8360     		str	r3, [r0, #8]
 203:Core/Src/Drivers/Usart/usart.c ****         huart->Init.StopBits = UART_STOPBITS_1;
 169              		.loc 1 203 9 is_stmt 1 view .LVU46
 203:Core/Src/Drivers/Usart/usart.c ****         huart->Init.StopBits = UART_STOPBITS_1;
 170              		.loc 1 203 30 is_stmt 0 view .LVU47
 171 001c C360     		str	r3, [r0, #12]
 204:Core/Src/Drivers/Usart/usart.c ****         huart->Init.Parity = UART_PARITY_NONE;
 172              		.loc 1 204 9 is_stmt 1 view .LVU48
 204:Core/Src/Drivers/Usart/usart.c ****         huart->Init.Parity = UART_PARITY_NONE;
 173              		.loc 1 204 28 is_stmt 0 view .LVU49
 174 001e 0361     		str	r3, [r0, #16]
 205:Core/Src/Drivers/Usart/usart.c ****         huart->Init.Mode = UART_MODE_TX_RX;
 175              		.loc 1 205 9 is_stmt 1 view .LVU50
 205:Core/Src/Drivers/Usart/usart.c ****         huart->Init.Mode = UART_MODE_TX_RX;
 176              		.loc 1 205 26 is_stmt 0 view .LVU51
 177 0020 0C22     		movs	r2, #12
 178 0022 4261     		str	r2, [r0, #20]
 206:Core/Src/Drivers/Usart/usart.c ****         huart->Init.HwFlowCtl = UART_HWCONTROL_NONE;
 179              		.loc 1 206 9 is_stmt 1 view .LVU52
 206:Core/Src/Drivers/Usart/usart.c ****         huart->Init.HwFlowCtl = UART_HWCONTROL_NONE;
 180              		.loc 1 206 31 is_stmt 0 view .LVU53
 181 0024 8361     		str	r3, [r0, #24]
 207:Core/Src/Drivers/Usart/usart.c ****         huart->Init.OverSampling = UART_OVERSAMPLING_16;
 182              		.loc 1 207 9 is_stmt 1 view .LVU54
 207:Core/Src/Drivers/Usart/usart.c ****         huart->Init.OverSampling = UART_OVERSAMPLING_16;
 183              		.loc 1 207 34 is_stmt 0 view .LVU55
 184 0026 C361     		str	r3, [r0, #28]
 208:Core/Src/Drivers/Usart/usart.c ****         if (HAL_UART_Init(huart) != HAL_OK)
 185              		.loc 1 208 9 is_stmt 1 view .LVU56
 208:Core/Src/Drivers/Usart/usart.c ****         if (HAL_UART_Init(huart) != HAL_OK)
 186              		.loc 1 208 13 is_stmt 0 view .LVU57
 187 0028 FFF7FEFF 		bl	HAL_UART_Init
 188              	.LVL16:
 211:Core/Src/Drivers/Usart/usart.c ****         }
 189              		.loc 1 211 9 is_stmt 1 view .LVU58
 190 002c F0E7     		b	.L10
 191              	.LVL17:
 192              	.L15:
 215:Core/Src/Drivers/Usart/usart.c ****         huart->Init.BaudRate = 576000;
 193              		.loc 1 215 9 view .LVU59
 215:Core/Src/Drivers/Usart/usart.c ****         huart->Init.BaudRate = 576000;
 194              		.loc 1 215 30 is_stmt 0 view .LVU60
 195 002e 084B     		ldr	r3, .L16+8
 196 0030 4360     		str	r3, [r0, #4]
ARM GAS  C:\Users\ACER\AppData\Local\Temp\cc1EOreK.s 			page 9


 216:Core/Src/Drivers/Usart/usart.c ****         huart->Init.WordLength = UART_WORDLENGTH_8B;
 197              		.loc 1 216 9 is_stmt 1 view .LVU61
 216:Core/Src/Drivers/Usart/usart.c ****         huart->Init.WordLength = UART_WORDLENGTH_8B;
 198              		.loc 1 216 32 is_stmt 0 view .LVU62
 199 0032 0023     		movs	r3, #0
 200 0034 8360     		str	r3, [r0, #8]
 217:Core/Src/Drivers/Usart/usart.c ****         huart->Init.StopBits = UART_STOPBITS_1;
 201              		.loc 1 217 9 is_stmt 1 view .LVU63
 217:Core/Src/Drivers/Usart/usart.c ****         huart->Init.StopBits = UART_STOPBITS_1;
 202              		.loc 1 217 30 is_stmt 0 view .LVU64
 203 0036 C360     		str	r3, [r0, #12]
 218:Core/Src/Drivers/Usart/usart.c ****         huart->Init.Parity = UART_PARITY_NONE;
 204              		.loc 1 218 9 is_stmt 1 view .LVU65
 218:Core/Src/Drivers/Usart/usart.c ****         huart->Init.Parity = UART_PARITY_NONE;
 205              		.loc 1 218 28 is_stmt 0 view .LVU66
 206 0038 0361     		str	r3, [r0, #16]
 219:Core/Src/Drivers/Usart/usart.c ****         huart->Init.Mode = UART_MODE_TX_RX;
 207              		.loc 1 219 9 is_stmt 1 view .LVU67
 219:Core/Src/Drivers/Usart/usart.c ****         huart->Init.Mode = UART_MODE_TX_RX;
 208              		.loc 1 219 26 is_stmt 0 view .LVU68
 209 003a 0C22     		movs	r2, #12
 210 003c 4261     		str	r2, [r0, #20]
 220:Core/Src/Drivers/Usart/usart.c ****         huart->Init.HwFlowCtl = UART_HWCONTROL_NONE;
 211              		.loc 1 220 9 is_stmt 1 view .LVU69
 220:Core/Src/Drivers/Usart/usart.c ****         huart->Init.HwFlowCtl = UART_HWCONTROL_NONE;
 212              		.loc 1 220 31 is_stmt 0 view .LVU70
 213 003e 8361     		str	r3, [r0, #24]
 221:Core/Src/Drivers/Usart/usart.c ****         huart->Init.OverSampling = UART_OVERSAMPLING_16;
 214              		.loc 1 221 9 is_stmt 1 view .LVU71
 221:Core/Src/Drivers/Usart/usart.c ****         huart->Init.OverSampling = UART_OVERSAMPLING_16;
 215              		.loc 1 221 34 is_stmt 0 view .LVU72
 216 0040 C361     		str	r3, [r0, #28]
 222:Core/Src/Drivers/Usart/usart.c ****         if (HAL_UART_Init(huart) != HAL_OK)
 217              		.loc 1 222 9 is_stmt 1 view .LVU73
 222:Core/Src/Drivers/Usart/usart.c ****         if (HAL_UART_Init(huart) != HAL_OK)
 218              		.loc 1 222 13 is_stmt 0 view .LVU74
 219 0042 FFF7FEFF 		bl	HAL_UART_Init
 220              	.LVL18:
 225:Core/Src/Drivers/Usart/usart.c ****         }
 221              		.loc 1 225 9 is_stmt 1 view .LVU75
 222              		.loc 1 237 1 is_stmt 0 view .LVU76
 223 0046 E3E7     		b	.L10
 224              	.L17:
 225              		.align	2
 226              	.L16:
 227 0048 00440040 		.word	1073759232
 228 004c 00480040 		.word	1073760256
 229 0050 00CA0800 		.word	576000
 230              		.cfi_endproc
 231              	.LFE178:
 233              		.section	.text.HAL_UART_TxCpltCallback,"ax",%progbits
 234              		.align	1
 235              		.global	HAL_UART_TxCpltCallback
 236              		.syntax unified
 237              		.thumb
 238              		.thumb_func
 240              	HAL_UART_TxCpltCallback:
ARM GAS  C:\Users\ACER\AppData\Local\Temp\cc1EOreK.s 			page 10


 241              	.LVL19:
 242              	.LFB172:
  45:Core/Src/Drivers/Usart/usart.c **** {
 243              		.loc 1 45 1 is_stmt 1 view -0
 244              		.cfi_startproc
 245              		@ args = 0, pretend = 0, frame = 8
 246              		@ frame_needed = 0, uses_anonymous_args = 0
  45:Core/Src/Drivers/Usart/usart.c **** {
 247              		.loc 1 45 1 is_stmt 0 view .LVU78
 248 0000 00B5     		push	{lr}
 249              	.LCFI2:
 250              		.cfi_def_cfa_offset 4
 251              		.cfi_offset 14, -4
 252 0002 83B0     		sub	sp, sp, #12
 253              	.LCFI3:
 254              		.cfi_def_cfa_offset 16
  46:Core/Src/Drivers/Usart/usart.c ****     BaseType_t xHigherPriorityTaskWoken = pdFALSE;
 255              		.loc 1 46 5 is_stmt 1 view .LVU79
  46:Core/Src/Drivers/Usart/usart.c ****     BaseType_t xHigherPriorityTaskWoken = pdFALSE;
 256              		.loc 1 46 16 is_stmt 0 view .LVU80
 257 0004 0023     		movs	r3, #0
 258 0006 0193     		str	r3, [sp, #4]
  48:Core/Src/Drivers/Usart/usart.c ****     if(huart->Instance == USART2)
 259              		.loc 1 48 5 is_stmt 1 view .LVU81
  48:Core/Src/Drivers/Usart/usart.c ****     if(huart->Instance == USART2)
 260              		.loc 1 48 13 is_stmt 0 view .LVU82
 261 0008 0368     		ldr	r3, [r0]
  48:Core/Src/Drivers/Usart/usart.c ****     if(huart->Instance == USART2)
 262              		.loc 1 48 7 view .LVU83
 263 000a 124A     		ldr	r2, .L25
 264 000c 9342     		cmp	r3, r2
 265 000e 11D0     		beq	.L23
  53:Core/Src/Drivers/Usart/usart.c ****     else if(huart->Instance == USART3)
 266              		.loc 1 53 10 is_stmt 1 view .LVU84
  53:Core/Src/Drivers/Usart/usart.c ****     else if(huart->Instance == USART3)
 267              		.loc 1 53 12 is_stmt 0 view .LVU85
 268 0010 114A     		ldr	r2, .L25+4
 269 0012 9342     		cmp	r3, r2
 270 0014 16D0     		beq	.L24
 271              	.LVL20:
 272              	.L20:
  59:Core/Src/Drivers/Usart/usart.c ****     portEND_SWITCHING_ISR(xHigherPriorityTaskWoken);
 273              		.loc 1 59 5 is_stmt 1 view .LVU86
  59:Core/Src/Drivers/Usart/usart.c ****     portEND_SWITCHING_ISR(xHigherPriorityTaskWoken);
 274              		.loc 1 59 5 view .LVU87
 275 0016 019B     		ldr	r3, [sp, #4]
 276 0018 4BB1     		cbz	r3, .L18
  59:Core/Src/Drivers/Usart/usart.c ****     portEND_SWITCHING_ISR(xHigherPriorityTaskWoken);
 277              		.loc 1 59 5 discriminator 1 view .LVU88
 278 001a 4FF0E023 		mov	r3, #-536813568
 279 001e 4FF08052 		mov	r2, #268435456
 280 0022 C3F8042D 		str	r2, [r3, #3332]
  59:Core/Src/Drivers/Usart/usart.c ****     portEND_SWITCHING_ISR(xHigherPriorityTaskWoken);
 281              		.loc 1 59 5 discriminator 1 view .LVU89
 282              		.syntax unified
 283              	@ 59 "Core/Src/Drivers/Usart/usart.c" 1
 284 0026 BFF34F8F 		dsb
ARM GAS  C:\Users\ACER\AppData\Local\Temp\cc1EOreK.s 			page 11


 285              	@ 0 "" 2
  59:Core/Src/Drivers/Usart/usart.c ****     portEND_SWITCHING_ISR(xHigherPriorityTaskWoken);
 286              		.loc 1 59 5 discriminator 1 view .LVU90
 287              	@ 59 "Core/Src/Drivers/Usart/usart.c" 1
 288 002a BFF36F8F 		isb
 289              	@ 0 "" 2
  59:Core/Src/Drivers/Usart/usart.c ****     portEND_SWITCHING_ISR(xHigherPriorityTaskWoken);
 290              		.loc 1 59 5 discriminator 3 view .LVU91
  59:Core/Src/Drivers/Usart/usart.c ****     portEND_SWITCHING_ISR(xHigherPriorityTaskWoken);
 291              		.loc 1 59 5 discriminator 3 view .LVU92
 292              		.thumb
 293              		.syntax unified
 294              	.L18:
  60:Core/Src/Drivers/Usart/usart.c **** }
 295              		.loc 1 60 1 is_stmt 0 view .LVU93
 296 002e 03B0     		add	sp, sp, #12
 297              	.LCFI4:
 298              		.cfi_remember_state
 299              		.cfi_def_cfa_offset 4
 300              		@ sp needed
 301 0030 5DF804FB 		ldr	pc, [sp], #4
 302              	.LVL21:
 303              	.L23:
 304              	.LCFI5:
 305              		.cfi_restore_state
 306              	.LBB4:
  50:Core/Src/Drivers/Usart/usart.c ****         static const Event motor_sended_event = {COMMAND_SENDED_SIG};
 307              		.loc 1 50 9 is_stmt 1 view .LVU94
  51:Core/Src/Drivers/Usart/usart.c ****         ao_motor_communicator->postFromISR(ao_motor_communicator, &motor_sended_event, &xHigherPrio
 308              		.loc 1 51 9 view .LVU95
  51:Core/Src/Drivers/Usart/usart.c ****         ao_motor_communicator->postFromISR(ao_motor_communicator, &motor_sended_event, &xHigherPrio
 309              		.loc 1 51 30 is_stmt 0 view .LVU96
 310 0034 094B     		ldr	r3, .L25+8
 311 0036 1868     		ldr	r0, [r3]
 312              	.LVL22:
  51:Core/Src/Drivers/Usart/usart.c ****         ao_motor_communicator->postFromISR(ao_motor_communicator, &motor_sended_event, &xHigherPrio
 313              		.loc 1 51 30 view .LVU97
 314 0038 D0F8C430 		ldr	r3, [r0, #196]
  51:Core/Src/Drivers/Usart/usart.c ****         ao_motor_communicator->postFromISR(ao_motor_communicator, &motor_sended_event, &xHigherPrio
 315              		.loc 1 51 9 view .LVU98
 316 003c 01AA     		add	r2, sp, #4
 317 003e 0849     		ldr	r1, .L25+12
 318 0040 9847     		blx	r3
 319              	.LVL23:
 320              	.LBE4:
 321 0042 E8E7     		b	.L20
 322              	.LVL24:
 323              	.L24:
 324              	.LBB5:
  55:Core/Src/Drivers/Usart/usart.c ****         static const Event sensor_event = {SENSOR_SENDED_SIG};
 325              		.loc 1 55 9 is_stmt 1 view .LVU99
  56:Core/Src/Drivers/Usart/usart.c ****         ao_computer_communicator->postFromISR(ao_computer_communicator, &sensor_event, &xHigherPrio
 326              		.loc 1 56 9 view .LVU100
  56:Core/Src/Drivers/Usart/usart.c ****         ao_computer_communicator->postFromISR(ao_computer_communicator, &sensor_event, &xHigherPrio
 327              		.loc 1 56 33 is_stmt 0 view .LVU101
 328 0044 074B     		ldr	r3, .L25+16
 329 0046 1868     		ldr	r0, [r3]
ARM GAS  C:\Users\ACER\AppData\Local\Temp\cc1EOreK.s 			page 12


 330              	.LVL25:
  56:Core/Src/Drivers/Usart/usart.c ****         ao_computer_communicator->postFromISR(ao_computer_communicator, &sensor_event, &xHigherPrio
 331              		.loc 1 56 33 view .LVU102
 332 0048 D0F8C430 		ldr	r3, [r0, #196]
  56:Core/Src/Drivers/Usart/usart.c ****         ao_computer_communicator->postFromISR(ao_computer_communicator, &sensor_event, &xHigherPrio
 333              		.loc 1 56 9 view .LVU103
 334 004c 01AA     		add	r2, sp, #4
 335 004e 0649     		ldr	r1, .L25+20
 336 0050 9847     		blx	r3
 337              	.LVL26:
 338 0052 E0E7     		b	.L20
 339              	.L26:
 340              		.align	2
 341              	.L25:
 342 0054 00440040 		.word	1073759232
 343 0058 00480040 		.word	1073760256
 344 005c 00000000 		.word	ao_motor_communicator
 345 0060 00000000 		.word	motor_sended_event.7
 346 0064 00000000 		.word	ao_computer_communicator
 347 0068 00000000 		.word	sensor_event.6
 348              	.LBE5:
 349              		.cfi_endproc
 350              	.LFE172:
 352              		.section	.text.HAL_UART_RxCpltCallback,"ax",%progbits
 353              		.align	1
 354              		.global	HAL_UART_RxCpltCallback
 355              		.syntax unified
 356              		.thumb
 357              		.thumb_func
 359              	HAL_UART_RxCpltCallback:
 360              	.LVL27:
 361              	.LFB173:
  67:Core/Src/Drivers/Usart/usart.c **** {
 362              		.loc 1 67 1 is_stmt 1 view -0
 363              		.cfi_startproc
 364              		@ args = 0, pretend = 0, frame = 8
 365              		@ frame_needed = 0, uses_anonymous_args = 0
  67:Core/Src/Drivers/Usart/usart.c **** {
 366              		.loc 1 67 1 is_stmt 0 view .LVU105
 367 0000 30B5     		push	{r4, r5, lr}
 368              	.LCFI6:
 369              		.cfi_def_cfa_offset 12
 370              		.cfi_offset 4, -12
 371              		.cfi_offset 5, -8
 372              		.cfi_offset 14, -4
 373 0002 83B0     		sub	sp, sp, #12
 374              	.LCFI7:
 375              		.cfi_def_cfa_offset 24
  68:Core/Src/Drivers/Usart/usart.c ****     BaseType_t xHigherPriorityTaskWoken = pdFALSE;
 376              		.loc 1 68 5 is_stmt 1 view .LVU106
  68:Core/Src/Drivers/Usart/usart.c ****     BaseType_t xHigherPriorityTaskWoken = pdFALSE;
 377              		.loc 1 68 16 is_stmt 0 view .LVU107
 378 0004 0023     		movs	r3, #0
 379 0006 0193     		str	r3, [sp, #4]
  70:Core/Src/Drivers/Usart/usart.c ****     if(huart->Instance == USART3)
 380              		.loc 1 70 5 is_stmt 1 view .LVU108
  70:Core/Src/Drivers/Usart/usart.c ****     if(huart->Instance == USART3)
ARM GAS  C:\Users\ACER\AppData\Local\Temp\cc1EOreK.s 			page 13


 381              		.loc 1 70 13 is_stmt 0 view .LVU109
 382 0008 0268     		ldr	r2, [r0]
  70:Core/Src/Drivers/Usart/usart.c ****     if(huart->Instance == USART3)
 383              		.loc 1 70 7 view .LVU110
 384 000a 2D4B     		ldr	r3, .L38
 385 000c 9A42     		cmp	r2, r3
 386 000e 0DD0     		beq	.L35
 387              	.LVL28:
 388              	.L28:
 117:Core/Src/Drivers/Usart/usart.c ****     portEND_SWITCHING_ISR(xHigherPriorityTaskWoken);
 389              		.loc 1 117 5 is_stmt 1 view .LVU111
 117:Core/Src/Drivers/Usart/usart.c ****     portEND_SWITCHING_ISR(xHigherPriorityTaskWoken);
 390              		.loc 1 117 5 view .LVU112
 391 0010 019B     		ldr	r3, [sp, #4]
 392 0012 4BB1     		cbz	r3, .L27
 117:Core/Src/Drivers/Usart/usart.c ****     portEND_SWITCHING_ISR(xHigherPriorityTaskWoken);
 393              		.loc 1 117 5 discriminator 1 view .LVU113
 394 0014 4FF0E023 		mov	r3, #-536813568
 395 0018 4FF08052 		mov	r2, #268435456
 396 001c C3F8042D 		str	r2, [r3, #3332]
 117:Core/Src/Drivers/Usart/usart.c ****     portEND_SWITCHING_ISR(xHigherPriorityTaskWoken);
 397              		.loc 1 117 5 discriminator 1 view .LVU114
 398              		.syntax unified
 399              	@ 117 "Core/Src/Drivers/Usart/usart.c" 1
 400 0020 BFF34F8F 		dsb
 401              	@ 0 "" 2
 117:Core/Src/Drivers/Usart/usart.c ****     portEND_SWITCHING_ISR(xHigherPriorityTaskWoken);
 402              		.loc 1 117 5 discriminator 1 view .LVU115
 403              	@ 117 "Core/Src/Drivers/Usart/usart.c" 1
 404 0024 BFF36F8F 		isb
 405              	@ 0 "" 2
 117:Core/Src/Drivers/Usart/usart.c ****     portEND_SWITCHING_ISR(xHigherPriorityTaskWoken);
 406              		.loc 1 117 5 discriminator 3 view .LVU116
 117:Core/Src/Drivers/Usart/usart.c ****     portEND_SWITCHING_ISR(xHigherPriorityTaskWoken);
 407              		.loc 1 117 5 discriminator 3 view .LVU117
 408              		.thumb
 409              		.syntax unified
 410              	.L27:
 118:Core/Src/Drivers/Usart/usart.c **** }
 411              		.loc 1 118 1 is_stmt 0 view .LVU118
 412 0028 03B0     		add	sp, sp, #12
 413              	.LCFI8:
 414              		.cfi_remember_state
 415              		.cfi_def_cfa_offset 12
 416              		@ sp needed
 417 002a 30BD     		pop	{r4, r5, pc}
 418              	.LVL29:
 419              	.L35:
 420              	.LCFI9:
 421              		.cfi_restore_state
 118:Core/Src/Drivers/Usart/usart.c **** }
 422              		.loc 1 118 1 view .LVU119
 423 002c 0446     		mov	r4, r0
 424              	.LBB6:
  72:Core/Src/Drivers/Usart/usart.c ****         static RecivedMessage recived_message = {.length = 0}; 
 425              		.loc 1 72 9 is_stmt 1 view .LVU120
  73:Core/Src/Drivers/Usart/usart.c ****         static uint8_t is_data_comming = 0;
ARM GAS  C:\Users\ACER\AppData\Local\Temp\cc1EOreK.s 			page 14


 426              		.loc 1 73 9 view .LVU121
  74:Core/Src/Drivers/Usart/usart.c ****         static char byte_data;
 427              		.loc 1 74 9 view .LVU122
  75:Core/Src/Drivers/Usart/usart.c ****         static const uint8_t max_length = 4;
 428              		.loc 1 75 9 view .LVU123
  76:Core/Src/Drivers/Usart/usart.c ****         byte_data = rx_byte_data; 
 429              		.loc 1 76 9 view .LVU124
  76:Core/Src/Drivers/Usart/usart.c ****         byte_data = rx_byte_data; 
 430              		.loc 1 76 19 is_stmt 0 view .LVU125
 431 002e 254B     		ldr	r3, .L38+4
 432 0030 1B78     		ldrb	r3, [r3]	@ zero_extendqisi2
 433 0032 254A     		ldr	r2, .L38+8
 434 0034 1370     		strb	r3, [r2]
  78:Core/Src/Drivers/Usart/usart.c ****         if(is_data_comming == 1) /*Have recived 'S'*/
 435              		.loc 1 78 9 is_stmt 1 view .LVU126
  78:Core/Src/Drivers/Usart/usart.c ****         if(is_data_comming == 1) /*Have recived 'S'*/
 436              		.loc 1 78 28 is_stmt 0 view .LVU127
 437 0036 254A     		ldr	r2, .L38+12
 438 0038 1278     		ldrb	r2, [r2]	@ zero_extendqisi2
  78:Core/Src/Drivers/Usart/usart.c ****         if(is_data_comming == 1) /*Have recived 'S'*/
 439              		.loc 1 78 11 view .LVU128
 440 003a 012A     		cmp	r2, #1
 441 003c 07D0     		beq	.L36
 106:Core/Src/Drivers/Usart/usart.c ****             if(byte_data == 'S') /*Witnessed double 'S'*/
 442              		.loc 1 106 13 is_stmt 1 view .LVU129
 106:Core/Src/Drivers/Usart/usart.c ****             if(byte_data == 'S') /*Witnessed double 'S'*/
 443              		.loc 1 106 15 is_stmt 0 view .LVU130
 444 003e 532B     		cmp	r3, #83
 445 0040 34D0     		beq	.L37
 446              	.LVL30:
 447              	.L31:
 114:Core/Src/Drivers/Usart/usart.c ****         HAL_UART_Receive_IT(huart, &rx_byte_data, 1);
 448              		.loc 1 114 9 is_stmt 1 view .LVU131
 449 0042 0122     		movs	r2, #1
 450 0044 1F49     		ldr	r1, .L38+4
 451 0046 2046     		mov	r0, r4
 452 0048 FFF7FEFF 		bl	HAL_UART_Receive_IT
 453              	.LVL31:
 454 004c E0E7     		b	.L28
 455              	.LVL32:
 456              	.L36:
  81:Core/Src/Drivers/Usart/usart.c ****             if(byte_data != 'S' && byte_data != 10) /*Not 'S' and '\n'*/
 457              		.loc 1 81 13 view .LVU132
  81:Core/Src/Drivers/Usart/usart.c ****             if(byte_data != 'S' && byte_data != 10) /*Not 'S' and '\n'*/
 458              		.loc 1 81 15 is_stmt 0 view .LVU133
 459 004e 532B     		cmp	r3, #83
 460 0050 0ED0     		beq	.L30
  81:Core/Src/Drivers/Usart/usart.c ****             if(byte_data != 'S' && byte_data != 10) /*Not 'S' and '\n'*/
 461              		.loc 1 81 33 discriminator 1 view .LVU134
 462 0052 0A2B     		cmp	r3, #10
 463 0054 0CD0     		beq	.L30
  83:Core/Src/Drivers/Usart/usart.c ****                 recived_message.message[recived_message.length] = byte_data;
 464              		.loc 1 83 17 is_stmt 1 view .LVU135
  83:Core/Src/Drivers/Usart/usart.c ****                 recived_message.message[recived_message.length] = byte_data;
 465              		.loc 1 83 56 is_stmt 0 view .LVU136
 466 0056 1E49     		ldr	r1, .L38+16
 467 0058 CA79     		ldrb	r2, [r1, #7]	@ zero_extendqisi2
ARM GAS  C:\Users\ACER\AppData\Local\Temp\cc1EOreK.s 			page 15


  83:Core/Src/Drivers/Usart/usart.c ****                 recived_message.message[recived_message.length] = byte_data;
 468              		.loc 1 83 65 view .LVU137
 469 005a 8B54     		strb	r3, [r1, r2]
  84:Core/Src/Drivers/Usart/usart.c ****                 recived_message.length++;
 470              		.loc 1 84 17 is_stmt 1 view .LVU138
  84:Core/Src/Drivers/Usart/usart.c ****                 recived_message.length++;
 471              		.loc 1 84 39 is_stmt 0 view .LVU139
 472 005c 531C     		adds	r3, r2, #1
 473 005e DBB2     		uxtb	r3, r3
 474 0060 CB71     		strb	r3, [r1, #7]
  85:Core/Src/Drivers/Usart/usart.c ****                 if(recived_message.length > max_length)
 475              		.loc 1 85 17 is_stmt 1 view .LVU140
  85:Core/Src/Drivers/Usart/usart.c ****                 if(recived_message.length > max_length)
 476              		.loc 1 85 19 is_stmt 0 view .LVU141
 477 0062 042B     		cmp	r3, #4
 478 0064 EDD9     		bls	.L31
  87:Core/Src/Drivers/Usart/usart.c ****                     recived_message.length = 0;
 479              		.loc 1 87 21 is_stmt 1 view .LVU142
  87:Core/Src/Drivers/Usart/usart.c ****                     recived_message.length = 0;
 480              		.loc 1 87 44 is_stmt 0 view .LVU143
 481 0066 0023     		movs	r3, #0
 482 0068 CB71     		strb	r3, [r1, #7]
  88:Core/Src/Drivers/Usart/usart.c ****                     is_data_comming = 0;
 483              		.loc 1 88 21 is_stmt 1 view .LVU144
  88:Core/Src/Drivers/Usart/usart.c ****                     is_data_comming = 0;
 484              		.loc 1 88 37 is_stmt 0 view .LVU145
 485 006a 184A     		ldr	r2, .L38+12
 486 006c 1370     		strb	r3, [r2]
 487 006e E8E7     		b	.L31
 488              	.L30:
  91:Core/Src/Drivers/Usart/usart.c ****             else if(byte_data == 10)  /*End of Line '\n'*/
 489              		.loc 1 91 18 is_stmt 1 view .LVU146
  91:Core/Src/Drivers/Usart/usart.c ****             else if(byte_data == 10)  /*End of Line '\n'*/
 490              		.loc 1 91 20 is_stmt 0 view .LVU147
 491 0070 0A2B     		cmp	r3, #10
 492 0072 E6D1     		bne	.L31
 493              	.LBB7:
  93:Core/Src/Drivers/Usart/usart.c ****                 static PWC pulse_width_command;
 494              		.loc 1 93 17 is_stmt 1 view .LVU148
  94:Core/Src/Drivers/Usart/usart.c ****                 static int16_t d;
 495              		.loc 1 94 17 view .LVU149
  95:Core/Src/Drivers/Usart/usart.c ****                 static const Event pwc_evt = {PWC_TRIGGER_SIG};
 496              		.loc 1 95 17 view .LVU150
  96:Core/Src/Drivers/Usart/usart.c ****                 d = ExtractMessage(&recived_message);
 497              		.loc 1 96 17 view .LVU151
  96:Core/Src/Drivers/Usart/usart.c ****                 d = ExtractMessage(&recived_message);
 498              		.loc 1 96 21 is_stmt 0 view .LVU152
 499 0074 164D     		ldr	r5, .L38+16
 500 0076 2846     		mov	r0, r5
 501              	.LVL33:
  96:Core/Src/Drivers/Usart/usart.c ****                 d = ExtractMessage(&recived_message);
 502              		.loc 1 96 21 view .LVU153
 503 0078 FFF7FEFF 		bl	ExtractMessage
 504              	.LVL34:
  96:Core/Src/Drivers/Usart/usart.c ****                 d = ExtractMessage(&recived_message);
 505              		.loc 1 96 19 discriminator 1 view .LVU154
 506 007c 154B     		ldr	r3, .L38+20
ARM GAS  C:\Users\ACER\AppData\Local\Temp\cc1EOreK.s 			page 16


 507 007e 1880     		strh	r0, [r3]	@ movhi
  97:Core/Src/Drivers/Usart/usart.c ****                 pulse_width_command.d = d;
 508              		.loc 1 97 17 is_stmt 1 view .LVU155
  97:Core/Src/Drivers/Usart/usart.c ****                 pulse_width_command.d = d;
 509              		.loc 1 97 39 is_stmt 0 view .LVU156
 510 0080 1549     		ldr	r1, .L38+24
 511 0082 0880     		strh	r0, [r1]	@ movhi
  98:Core/Src/Drivers/Usart/usart.c ****                 xQueueOverwriteFromISR(motor_communicator->pwc_sub, &pulse_width_command, &xHigherP
 512              		.loc 1 98 17 is_stmt 1 view .LVU157
 513 0084 154B     		ldr	r3, .L38+28
 514 0086 1868     		ldr	r0, [r3]
 515 0088 0223     		movs	r3, #2
 516 008a 01AA     		add	r2, sp, #4
 517 008c D0F8CC00 		ldr	r0, [r0, #204]
 518 0090 FFF7FEFF 		bl	xQueueGenericSendFromISR
 519              	.LVL35:
  99:Core/Src/Drivers/Usart/usart.c ****                 ao_motor_communicator->postFromISR(ao_motor_communicator, &pwc_evt, &xHigherPriorit
 520              		.loc 1 99 17 view .LVU158
  99:Core/Src/Drivers/Usart/usart.c ****                 ao_motor_communicator->postFromISR(ao_motor_communicator, &pwc_evt, &xHigherPriorit
 521              		.loc 1 99 38 is_stmt 0 view .LVU159
 522 0094 124B     		ldr	r3, .L38+32
 523 0096 1868     		ldr	r0, [r3]
 524 0098 D0F8C430 		ldr	r3, [r0, #196]
  99:Core/Src/Drivers/Usart/usart.c ****                 ao_motor_communicator->postFromISR(ao_motor_communicator, &pwc_evt, &xHigherPriorit
 525              		.loc 1 99 17 view .LVU160
 526 009c 01AA     		add	r2, sp, #4
 527 009e 1149     		ldr	r1, .L38+36
 528 00a0 9847     		blx	r3
 529              	.LVL36:
 100:Core/Src/Drivers/Usart/usart.c ****                 recived_message.length = 0;
 530              		.loc 1 100 17 is_stmt 1 view .LVU161
 100:Core/Src/Drivers/Usart/usart.c ****                 recived_message.length = 0;
 531              		.loc 1 100 40 is_stmt 0 view .LVU162
 532 00a2 0023     		movs	r3, #0
 533 00a4 EB71     		strb	r3, [r5, #7]
 101:Core/Src/Drivers/Usart/usart.c ****                 is_data_comming = 0;
 534              		.loc 1 101 17 is_stmt 1 view .LVU163
 101:Core/Src/Drivers/Usart/usart.c ****                 is_data_comming = 0;
 535              		.loc 1 101 33 is_stmt 0 view .LVU164
 536 00a6 094A     		ldr	r2, .L38+12
 537 00a8 1370     		strb	r3, [r2]
 538 00aa CAE7     		b	.L31
 539              	.LVL37:
 540              	.L37:
 101:Core/Src/Drivers/Usart/usart.c ****                 is_data_comming = 0;
 541              		.loc 1 101 33 view .LVU165
 542              	.LBE7:
 108:Core/Src/Drivers/Usart/usart.c ****                 if(recived_message.length != 0) recived_message.length = 0;
 543              		.loc 1 108 17 is_stmt 1 view .LVU166
 108:Core/Src/Drivers/Usart/usart.c ****                 if(recived_message.length != 0) recived_message.length = 0;
 544              		.loc 1 108 35 is_stmt 0 view .LVU167
 545 00ac 084B     		ldr	r3, .L38+16
 546 00ae DB79     		ldrb	r3, [r3, #7]	@ zero_extendqisi2
 108:Core/Src/Drivers/Usart/usart.c ****                 if(recived_message.length != 0) recived_message.length = 0;
 547              		.loc 1 108 19 view .LVU168
 548 00b0 13B1     		cbz	r3, .L32
 108:Core/Src/Drivers/Usart/usart.c ****                 if(recived_message.length != 0) recived_message.length = 0;
ARM GAS  C:\Users\ACER\AppData\Local\Temp\cc1EOreK.s 			page 17


 549              		.loc 1 108 49 is_stmt 1 discriminator 1 view .LVU169
 108:Core/Src/Drivers/Usart/usart.c ****                 if(recived_message.length != 0) recived_message.length = 0;
 550              		.loc 1 108 72 is_stmt 0 discriminator 1 view .LVU170
 551 00b2 074B     		ldr	r3, .L38+16
 552 00b4 0022     		movs	r2, #0
 553 00b6 DA71     		strb	r2, [r3, #7]
 554              	.L32:
 109:Core/Src/Drivers/Usart/usart.c ****                 is_data_comming = 1;
 555              		.loc 1 109 17 is_stmt 1 view .LVU171
 109:Core/Src/Drivers/Usart/usart.c ****                 is_data_comming = 1;
 556              		.loc 1 109 33 is_stmt 0 view .LVU172
 557 00b8 044B     		ldr	r3, .L38+12
 558 00ba 0122     		movs	r2, #1
 559 00bc 1A70     		strb	r2, [r3]
 560 00be C0E7     		b	.L31
 561              	.L39:
 562              		.align	2
 563              	.L38:
 564 00c0 00480040 		.word	1073760256
 565 00c4 00000000 		.word	rx_byte_data
 566 00c8 00000000 		.word	byte_data.5
 567 00cc 00000000 		.word	is_data_comming.4
 568 00d0 00000000 		.word	recived_message.3
 569 00d4 00000000 		.word	d.2
 570 00d8 00000000 		.word	pulse_width_command.1
 571 00dc 00000000 		.word	motor_communicator
 572 00e0 00000000 		.word	ao_motor_communicator
 573 00e4 00000000 		.word	pwc_evt.0
 574              	.LBE6:
 575              		.cfi_endproc
 576              	.LFE173:
 578              		.section	.text.USART2_IRQHandler,"ax",%progbits
 579              		.align	1
 580              		.global	USART2_IRQHandler
 581              		.syntax unified
 582              		.thumb
 583              		.thumb_func
 585              	USART2_IRQHandler:
 586              	.LFB174:
 124:Core/Src/Drivers/Usart/usart.c **** {
 587              		.loc 1 124 1 is_stmt 1 view -0
 588              		.cfi_startproc
 589              		@ args = 0, pretend = 0, frame = 0
 590              		@ frame_needed = 0, uses_anonymous_args = 0
 591 0000 08B5     		push	{r3, lr}
 592              	.LCFI10:
 593              		.cfi_def_cfa_offset 8
 594              		.cfi_offset 3, -8
 595              		.cfi_offset 14, -4
 125:Core/Src/Drivers/Usart/usart.c ****     HAL_UART_IRQHandler(&huart2);
 596              		.loc 1 125 5 view .LVU174
 597 0002 0248     		ldr	r0, .L42
 598 0004 FFF7FEFF 		bl	HAL_UART_IRQHandler
 599              	.LVL38:
 126:Core/Src/Drivers/Usart/usart.c **** }
 600              		.loc 1 126 1 is_stmt 0 view .LVU175
 601 0008 08BD     		pop	{r3, pc}
ARM GAS  C:\Users\ACER\AppData\Local\Temp\cc1EOreK.s 			page 18


 602              	.L43:
 603 000a 00BF     		.align	2
 604              	.L42:
 605 000c 00000000 		.word	huart2
 606              		.cfi_endproc
 607              	.LFE174:
 609              		.section	.text.USART3_IRQHandler,"ax",%progbits
 610              		.align	1
 611              		.global	USART3_IRQHandler
 612              		.syntax unified
 613              		.thumb
 614              		.thumb_func
 616              	USART3_IRQHandler:
 617              	.LFB175:
 132:Core/Src/Drivers/Usart/usart.c **** {
 618              		.loc 1 132 1 is_stmt 1 view -0
 619              		.cfi_startproc
 620              		@ args = 0, pretend = 0, frame = 0
 621              		@ frame_needed = 0, uses_anonymous_args = 0
 622 0000 08B5     		push	{r3, lr}
 623              	.LCFI11:
 624              		.cfi_def_cfa_offset 8
 625              		.cfi_offset 3, -8
 626              		.cfi_offset 14, -4
 133:Core/Src/Drivers/Usart/usart.c ****     HAL_UART_IRQHandler(&huart3);
 627              		.loc 1 133 5 view .LVU177
 628 0002 0248     		ldr	r0, .L46
 629 0004 FFF7FEFF 		bl	HAL_UART_IRQHandler
 630              	.LVL39:
 134:Core/Src/Drivers/Usart/usart.c **** }
 631              		.loc 1 134 1 is_stmt 0 view .LVU178
 632 0008 08BD     		pop	{r3, pc}
 633              	.L47:
 634 000a 00BF     		.align	2
 635              	.L46:
 636 000c 00000000 		.word	huart3
 637              		.cfi_endproc
 638              	.LFE175:
 640              		.section	.text.Driver_USART_Init,"ax",%progbits
 641              		.align	1
 642              		.global	Driver_USART_Init
 643              		.syntax unified
 644              		.thumb
 645              		.thumb_func
 647              	Driver_USART_Init:
 648              	.LFB176:
 141:Core/Src/Drivers/Usart/usart.c **** {
 649              		.loc 1 141 1 is_stmt 1 view -0
 650              		.cfi_startproc
 651              		@ args = 0, pretend = 0, frame = 0
 652              		@ frame_needed = 0, uses_anonymous_args = 0
 653 0000 10B5     		push	{r4, lr}
 654              	.LCFI12:
 655              		.cfi_def_cfa_offset 8
 656              		.cfi_offset 4, -8
 657              		.cfi_offset 14, -4
 142:Core/Src/Drivers/Usart/usart.c ****     huart2.Instance = USART2;
ARM GAS  C:\Users\ACER\AppData\Local\Temp\cc1EOreK.s 			page 19


 658              		.loc 1 142 5 view .LVU180
 142:Core/Src/Drivers/Usart/usart.c ****     huart2.Instance = USART2;
 659              		.loc 1 142 21 is_stmt 0 view .LVU181
 660 0002 0648     		ldr	r0, .L50
 661 0004 064B     		ldr	r3, .L50+4
 662 0006 0360     		str	r3, [r0]
 143:Core/Src/Drivers/Usart/usart.c ****     huart3.Instance = USART3;
 663              		.loc 1 143 5 is_stmt 1 view .LVU182
 143:Core/Src/Drivers/Usart/usart.c ****     huart3.Instance = USART3;
 664              		.loc 1 143 21 is_stmt 0 view .LVU183
 665 0008 064C     		ldr	r4, .L50+8
 666 000a 03F58063 		add	r3, r3, #1024
 667 000e 2360     		str	r3, [r4]
 144:Core/Src/Drivers/Usart/usart.c ****     UART_Init(&huart2);
 668              		.loc 1 144 5 is_stmt 1 view .LVU184
 669 0010 FFF7FEFF 		bl	UART_Init
 670              	.LVL40:
 145:Core/Src/Drivers/Usart/usart.c ****     UART_Init(&huart3);
 671              		.loc 1 145 5 view .LVU185
 672 0014 2046     		mov	r0, r4
 673 0016 FFF7FEFF 		bl	UART_Init
 674              	.LVL41:
 146:Core/Src/Drivers/Usart/usart.c **** }
 675              		.loc 1 146 1 is_stmt 0 view .LVU186
 676 001a 10BD     		pop	{r4, pc}
 677              	.L51:
 678              		.align	2
 679              	.L50:
 680 001c 00000000 		.word	huart2
 681 0020 00440040 		.word	1073759232
 682 0024 00000000 		.word	huart3
 683              		.cfi_endproc
 684              	.LFE176:
 686              		.section	.text.HAL_UART_MspInit,"ax",%progbits
 687              		.align	1
 688              		.global	HAL_UART_MspInit
 689              		.syntax unified
 690              		.thumb
 691              		.thumb_func
 693              	HAL_UART_MspInit:
 694              	.LVL42:
 695              	.LFB177:
 150:Core/Src/Drivers/Usart/usart.c **** {
 696              		.loc 1 150 1 is_stmt 1 view -0
 697              		.cfi_startproc
 698              		@ args = 0, pretend = 0, frame = 40
 699              		@ frame_needed = 0, uses_anonymous_args = 0
 150:Core/Src/Drivers/Usart/usart.c **** {
 700              		.loc 1 150 1 is_stmt 0 view .LVU188
 701 0000 10B5     		push	{r4, lr}
 702              	.LCFI13:
 703              		.cfi_def_cfa_offset 8
 704              		.cfi_offset 4, -8
 705              		.cfi_offset 14, -4
 706 0002 8AB0     		sub	sp, sp, #40
 707              	.LCFI14:
 708              		.cfi_def_cfa_offset 48
ARM GAS  C:\Users\ACER\AppData\Local\Temp\cc1EOreK.s 			page 20


 151:Core/Src/Drivers/Usart/usart.c ****     GPIO_InitTypeDef GPIO_InitStruct = {0};
 709              		.loc 1 151 5 is_stmt 1 view .LVU189
 151:Core/Src/Drivers/Usart/usart.c ****     GPIO_InitTypeDef GPIO_InitStruct = {0};
 710              		.loc 1 151 22 is_stmt 0 view .LVU190
 711 0004 0023     		movs	r3, #0
 712 0006 0593     		str	r3, [sp, #20]
 713 0008 0693     		str	r3, [sp, #24]
 714 000a 0793     		str	r3, [sp, #28]
 715 000c 0893     		str	r3, [sp, #32]
 716 000e 0993     		str	r3, [sp, #36]
 152:Core/Src/Drivers/Usart/usart.c ****     if(huart->Instance==USART2)
 717              		.loc 1 152 5 is_stmt 1 view .LVU191
 152:Core/Src/Drivers/Usart/usart.c ****     if(huart->Instance==USART2)
 718              		.loc 1 152 13 is_stmt 0 view .LVU192
 719 0010 0368     		ldr	r3, [r0]
 152:Core/Src/Drivers/Usart/usart.c ****     if(huart->Instance==USART2)
 720              		.loc 1 152 7 view .LVU193
 721 0012 2F4A     		ldr	r2, .L58
 722 0014 9342     		cmp	r3, r2
 723 0016 04D0     		beq	.L56
 173:Core/Src/Drivers/Usart/usart.c ****     else if(huart->Instance==USART3)
 724              		.loc 1 173 10 is_stmt 1 view .LVU194
 173:Core/Src/Drivers/Usart/usart.c ****     else if(huart->Instance==USART3)
 725              		.loc 1 173 12 is_stmt 0 view .LVU195
 726 0018 2E4A     		ldr	r2, .L58+4
 727 001a 9342     		cmp	r3, r2
 728 001c 2CD0     		beq	.L57
 729              	.LVL43:
 730              	.L52:
 194:Core/Src/Drivers/Usart/usart.c **** }
 731              		.loc 1 194 1 view .LVU196
 732 001e 0AB0     		add	sp, sp, #40
 733              	.LCFI15:
 734              		.cfi_remember_state
 735              		.cfi_def_cfa_offset 8
 736              		@ sp needed
 737 0020 10BD     		pop	{r4, pc}
 738              	.LVL44:
 739              	.L56:
 740              	.LCFI16:
 741              		.cfi_restore_state
 155:Core/Src/Drivers/Usart/usart.c ****         __HAL_RCC_USART2_CLK_ENABLE();
 742              		.loc 1 155 9 is_stmt 1 view .LVU197
 743              	.LBB8:
 155:Core/Src/Drivers/Usart/usart.c ****         __HAL_RCC_USART2_CLK_ENABLE();
 744              		.loc 1 155 9 view .LVU198
 745 0022 0024     		movs	r4, #0
 746 0024 0194     		str	r4, [sp, #4]
 155:Core/Src/Drivers/Usart/usart.c ****         __HAL_RCC_USART2_CLK_ENABLE();
 747              		.loc 1 155 9 view .LVU199
 748 0026 2C4B     		ldr	r3, .L58+8
 749 0028 1A6C     		ldr	r2, [r3, #64]
 750 002a 42F40032 		orr	r2, r2, #131072
 751 002e 1A64     		str	r2, [r3, #64]
 155:Core/Src/Drivers/Usart/usart.c ****         __HAL_RCC_USART2_CLK_ENABLE();
 752              		.loc 1 155 9 view .LVU200
 753 0030 1A6C     		ldr	r2, [r3, #64]
ARM GAS  C:\Users\ACER\AppData\Local\Temp\cc1EOreK.s 			page 21


 754 0032 02F40032 		and	r2, r2, #131072
 755 0036 0192     		str	r2, [sp, #4]
 155:Core/Src/Drivers/Usart/usart.c ****         __HAL_RCC_USART2_CLK_ENABLE();
 756              		.loc 1 155 9 view .LVU201
 757 0038 019A     		ldr	r2, [sp, #4]
 758              	.LBE8:
 155:Core/Src/Drivers/Usart/usart.c ****         __HAL_RCC_USART2_CLK_ENABLE();
 759              		.loc 1 155 9 view .LVU202
 156:Core/Src/Drivers/Usart/usart.c ****         __HAL_RCC_GPIOA_CLK_ENABLE();
 760              		.loc 1 156 9 view .LVU203
 761              	.LBB9:
 156:Core/Src/Drivers/Usart/usart.c ****         __HAL_RCC_GPIOA_CLK_ENABLE();
 762              		.loc 1 156 9 view .LVU204
 763 003a 0294     		str	r4, [sp, #8]
 156:Core/Src/Drivers/Usart/usart.c ****         __HAL_RCC_GPIOA_CLK_ENABLE();
 764              		.loc 1 156 9 view .LVU205
 765 003c 1A6B     		ldr	r2, [r3, #48]
 766 003e 42F00102 		orr	r2, r2, #1
 767 0042 1A63     		str	r2, [r3, #48]
 156:Core/Src/Drivers/Usart/usart.c ****         __HAL_RCC_GPIOA_CLK_ENABLE();
 768              		.loc 1 156 9 view .LVU206
 769 0044 1B6B     		ldr	r3, [r3, #48]
 770 0046 03F00103 		and	r3, r3, #1
 771 004a 0293     		str	r3, [sp, #8]
 156:Core/Src/Drivers/Usart/usart.c ****         __HAL_RCC_GPIOA_CLK_ENABLE();
 772              		.loc 1 156 9 view .LVU207
 773 004c 029B     		ldr	r3, [sp, #8]
 774              	.LBE9:
 156:Core/Src/Drivers/Usart/usart.c ****         __HAL_RCC_GPIOA_CLK_ENABLE();
 775              		.loc 1 156 9 view .LVU208
 162:Core/Src/Drivers/Usart/usart.c ****         GPIO_InitStruct.Pin = GPIO_PIN_2|GPIO_PIN_3;
 776              		.loc 1 162 9 view .LVU209
 162:Core/Src/Drivers/Usart/usart.c ****         GPIO_InitStruct.Pin = GPIO_PIN_2|GPIO_PIN_3;
 777              		.loc 1 162 29 is_stmt 0 view .LVU210
 778 004e 0C23     		movs	r3, #12
 779 0050 0593     		str	r3, [sp, #20]
 163:Core/Src/Drivers/Usart/usart.c ****         GPIO_InitStruct.Mode = GPIO_MODE_AF_PP;
 780              		.loc 1 163 9 is_stmt 1 view .LVU211
 163:Core/Src/Drivers/Usart/usart.c ****         GPIO_InitStruct.Mode = GPIO_MODE_AF_PP;
 781              		.loc 1 163 30 is_stmt 0 view .LVU212
 782 0052 0223     		movs	r3, #2
 783 0054 0693     		str	r3, [sp, #24]
 164:Core/Src/Drivers/Usart/usart.c ****         GPIO_InitStruct.Pull = GPIO_NOPULL;
 784              		.loc 1 164 9 is_stmt 1 view .LVU213
 165:Core/Src/Drivers/Usart/usart.c ****         GPIO_InitStruct.Speed = GPIO_SPEED_FREQ_VERY_HIGH;
 785              		.loc 1 165 9 view .LVU214
 165:Core/Src/Drivers/Usart/usart.c ****         GPIO_InitStruct.Speed = GPIO_SPEED_FREQ_VERY_HIGH;
 786              		.loc 1 165 31 is_stmt 0 view .LVU215
 787 0056 0323     		movs	r3, #3
 788 0058 0893     		str	r3, [sp, #32]
 166:Core/Src/Drivers/Usart/usart.c ****         GPIO_InitStruct.Alternate = GPIO_AF7_USART2;
 789              		.loc 1 166 9 is_stmt 1 view .LVU216
 166:Core/Src/Drivers/Usart/usart.c ****         GPIO_InitStruct.Alternate = GPIO_AF7_USART2;
 790              		.loc 1 166 35 is_stmt 0 view .LVU217
 791 005a 0723     		movs	r3, #7
 792 005c 0993     		str	r3, [sp, #36]
 167:Core/Src/Drivers/Usart/usart.c ****         HAL_GPIO_Init(GPIOA, &GPIO_InitStruct);
ARM GAS  C:\Users\ACER\AppData\Local\Temp\cc1EOreK.s 			page 22


 793              		.loc 1 167 9 is_stmt 1 view .LVU218
 794 005e 05A9     		add	r1, sp, #20
 795 0060 1E48     		ldr	r0, .L58+12
 796              	.LVL45:
 167:Core/Src/Drivers/Usart/usart.c ****         HAL_GPIO_Init(GPIOA, &GPIO_InitStruct);
 797              		.loc 1 167 9 is_stmt 0 view .LVU219
 798 0062 FFF7FEFF 		bl	HAL_GPIO_Init
 799              	.LVL46:
 170:Core/Src/Drivers/Usart/usart.c ****         HAL_NVIC_SetPriority(USART2_IRQn, 9, 0);
 800              		.loc 1 170 9 is_stmt 1 view .LVU220
 801 0066 2246     		mov	r2, r4
 802 0068 0921     		movs	r1, #9
 803 006a 2620     		movs	r0, #38
 804 006c FFF7FEFF 		bl	HAL_NVIC_SetPriority
 805              	.LVL47:
 171:Core/Src/Drivers/Usart/usart.c ****         HAL_NVIC_EnableIRQ(USART2_IRQn);
 806              		.loc 1 171 9 view .LVU221
 807 0070 2620     		movs	r0, #38
 808 0072 FFF7FEFF 		bl	HAL_NVIC_EnableIRQ
 809              	.LVL48:
 810 0076 D2E7     		b	.L52
 811              	.LVL49:
 812              	.L57:
 176:Core/Src/Drivers/Usart/usart.c ****         __HAL_RCC_USART3_CLK_ENABLE();
 813              		.loc 1 176 9 view .LVU222
 814              	.LBB10:
 176:Core/Src/Drivers/Usart/usart.c ****         __HAL_RCC_USART3_CLK_ENABLE();
 815              		.loc 1 176 9 view .LVU223
 816 0078 0024     		movs	r4, #0
 817 007a 0394     		str	r4, [sp, #12]
 176:Core/Src/Drivers/Usart/usart.c ****         __HAL_RCC_USART3_CLK_ENABLE();
 818              		.loc 1 176 9 view .LVU224
 819 007c 164B     		ldr	r3, .L58+8
 820 007e 1A6C     		ldr	r2, [r3, #64]
 821 0080 42F48022 		orr	r2, r2, #262144
 822 0084 1A64     		str	r2, [r3, #64]
 176:Core/Src/Drivers/Usart/usart.c ****         __HAL_RCC_USART3_CLK_ENABLE();
 823              		.loc 1 176 9 view .LVU225
 824 0086 1A6C     		ldr	r2, [r3, #64]
 825 0088 02F48022 		and	r2, r2, #262144
 826 008c 0392     		str	r2, [sp, #12]
 176:Core/Src/Drivers/Usart/usart.c ****         __HAL_RCC_USART3_CLK_ENABLE();
 827              		.loc 1 176 9 view .LVU226
 828 008e 039A     		ldr	r2, [sp, #12]
 829              	.LBE10:
 176:Core/Src/Drivers/Usart/usart.c ****         __HAL_RCC_USART3_CLK_ENABLE();
 830              		.loc 1 176 9 view .LVU227
 177:Core/Src/Drivers/Usart/usart.c ****         __HAL_RCC_GPIOB_CLK_ENABLE();
 831              		.loc 1 177 9 view .LVU228
 832              	.LBB11:
 177:Core/Src/Drivers/Usart/usart.c ****         __HAL_RCC_GPIOB_CLK_ENABLE();
 833              		.loc 1 177 9 view .LVU229
 834 0090 0494     		str	r4, [sp, #16]
 177:Core/Src/Drivers/Usart/usart.c ****         __HAL_RCC_GPIOB_CLK_ENABLE();
 835              		.loc 1 177 9 view .LVU230
 836 0092 1A6B     		ldr	r2, [r3, #48]
 837 0094 42F00202 		orr	r2, r2, #2
ARM GAS  C:\Users\ACER\AppData\Local\Temp\cc1EOreK.s 			page 23


 838 0098 1A63     		str	r2, [r3, #48]
 177:Core/Src/Drivers/Usart/usart.c ****         __HAL_RCC_GPIOB_CLK_ENABLE();
 839              		.loc 1 177 9 view .LVU231
 840 009a 1B6B     		ldr	r3, [r3, #48]
 841 009c 03F00203 		and	r3, r3, #2
 842 00a0 0493     		str	r3, [sp, #16]
 177:Core/Src/Drivers/Usart/usart.c ****         __HAL_RCC_GPIOB_CLK_ENABLE();
 843              		.loc 1 177 9 view .LVU232
 844 00a2 049B     		ldr	r3, [sp, #16]
 845              	.LBE11:
 177:Core/Src/Drivers/Usart/usart.c ****         __HAL_RCC_GPIOB_CLK_ENABLE();
 846              		.loc 1 177 9 view .LVU233
 183:Core/Src/Drivers/Usart/usart.c ****         GPIO_InitStruct.Pin = GPIO_PIN_10|GPIO_PIN_11;
 847              		.loc 1 183 9 view .LVU234
 183:Core/Src/Drivers/Usart/usart.c ****         GPIO_InitStruct.Pin = GPIO_PIN_10|GPIO_PIN_11;
 848              		.loc 1 183 29 is_stmt 0 view .LVU235
 849 00a4 4FF44063 		mov	r3, #3072
 850 00a8 0593     		str	r3, [sp, #20]
 184:Core/Src/Drivers/Usart/usart.c ****         GPIO_InitStruct.Mode = GPIO_MODE_AF_PP;
 851              		.loc 1 184 9 is_stmt 1 view .LVU236
 184:Core/Src/Drivers/Usart/usart.c ****         GPIO_InitStruct.Mode = GPIO_MODE_AF_PP;
 852              		.loc 1 184 30 is_stmt 0 view .LVU237
 853 00aa 0223     		movs	r3, #2
 854 00ac 0693     		str	r3, [sp, #24]
 185:Core/Src/Drivers/Usart/usart.c ****         GPIO_InitStruct.Pull = GPIO_NOPULL;
 855              		.loc 1 185 9 is_stmt 1 view .LVU238
 186:Core/Src/Drivers/Usart/usart.c ****         GPIO_InitStruct.Speed = GPIO_SPEED_FREQ_VERY_HIGH;
 856              		.loc 1 186 9 view .LVU239
 186:Core/Src/Drivers/Usart/usart.c ****         GPIO_InitStruct.Speed = GPIO_SPEED_FREQ_VERY_HIGH;
 857              		.loc 1 186 31 is_stmt 0 view .LVU240
 858 00ae 0323     		movs	r3, #3
 859 00b0 0893     		str	r3, [sp, #32]
 187:Core/Src/Drivers/Usart/usart.c ****         GPIO_InitStruct.Alternate = GPIO_AF7_USART3;
 860              		.loc 1 187 9 is_stmt 1 view .LVU241
 187:Core/Src/Drivers/Usart/usart.c ****         GPIO_InitStruct.Alternate = GPIO_AF7_USART3;
 861              		.loc 1 187 35 is_stmt 0 view .LVU242
 862 00b2 0723     		movs	r3, #7
 863 00b4 0993     		str	r3, [sp, #36]
 188:Core/Src/Drivers/Usart/usart.c ****         HAL_GPIO_Init(GPIOB, &GPIO_InitStruct);
 864              		.loc 1 188 9 is_stmt 1 view .LVU243
 865 00b6 05A9     		add	r1, sp, #20
 866 00b8 0948     		ldr	r0, .L58+16
 867              	.LVL50:
 188:Core/Src/Drivers/Usart/usart.c ****         HAL_GPIO_Init(GPIOB, &GPIO_InitStruct);
 868              		.loc 1 188 9 is_stmt 0 view .LVU244
 869 00ba FFF7FEFF 		bl	HAL_GPIO_Init
 870              	.LVL51:
 191:Core/Src/Drivers/Usart/usart.c ****         HAL_NVIC_SetPriority(USART3_IRQn, 10, 0);
 871              		.loc 1 191 9 is_stmt 1 view .LVU245
 872 00be 2246     		mov	r2, r4
 873 00c0 0A21     		movs	r1, #10
 874 00c2 2720     		movs	r0, #39
 875 00c4 FFF7FEFF 		bl	HAL_NVIC_SetPriority
 876              	.LVL52:
 192:Core/Src/Drivers/Usart/usart.c ****         HAL_NVIC_EnableIRQ(USART3_IRQn);
 877              		.loc 1 192 9 view .LVU246
 878 00c8 2720     		movs	r0, #39
ARM GAS  C:\Users\ACER\AppData\Local\Temp\cc1EOreK.s 			page 24


 879 00ca FFF7FEFF 		bl	HAL_NVIC_EnableIRQ
 880              	.LVL53:
 194:Core/Src/Drivers/Usart/usart.c **** }
 881              		.loc 1 194 1 is_stmt 0 view .LVU247
 882 00ce A6E7     		b	.L52
 883              	.L59:
 884              		.align	2
 885              	.L58:
 886 00d0 00440040 		.word	1073759232
 887 00d4 00480040 		.word	1073760256
 888 00d8 00380240 		.word	1073887232
 889 00dc 00000240 		.word	1073872896
 890 00e0 00040240 		.word	1073873920
 891              		.cfi_endproc
 892              	.LFE177:
 894              		.section	.rodata.pwc_evt.0,"a"
 895              		.align	2
 898              	pwc_evt.0:
 899 0000 0300     		.short	3
 900              		.section	.bss.pulse_width_command.1,"aw",%nobits
 901              		.align	2
 904              	pulse_width_command.1:
 905 0000 0000     		.space	2
 906              		.section	.bss.d.2,"aw",%nobits
 907              		.align	1
 910              	d.2:
 911 0000 0000     		.space	2
 912              		.section	.bss.recived_message.3,"aw",%nobits
 913              		.align	2
 916              	recived_message.3:
 917 0000 00000000 		.space	8
 917      00000000 
 918              		.section	.bss.is_data_comming.4,"aw",%nobits
 921              	is_data_comming.4:
 922 0000 00       		.space	1
 923              		.section	.bss.byte_data.5,"aw",%nobits
 926              	byte_data.5:
 927 0000 00       		.space	1
 928              		.section	.rodata.sensor_event.6,"a"
 929              		.align	2
 932              	sensor_event.6:
 933 0000 0400     		.short	4
 934              		.section	.rodata.motor_sended_event.7,"a"
 935              		.align	2
 938              	motor_sended_event.7:
 939 0000 0400     		.short	4
 940              		.section	.rodata.TEN_POWER,"a"
 941              		.align	2
 944              	TEN_POWER:
 945 0000 01000000 		.word	1
 946 0004 0A000000 		.word	10
 947 0008 64000000 		.word	100
 948 000c E8030000 		.word	1000
 949              		.global	huart3
 950              		.section	.bss.huart3,"aw",%nobits
 951              		.align	2
 954              	huart3:
ARM GAS  C:\Users\ACER\AppData\Local\Temp\cc1EOreK.s 			page 25


 955 0000 00000000 		.space	68
 955      00000000 
 955      00000000 
 955      00000000 
 955      00000000 
 956              		.global	huart2
 957              		.section	.bss.huart2,"aw",%nobits
 958              		.align	2
 961              	huart2:
 962 0000 00000000 		.space	68
 962      00000000 
 962      00000000 
 962      00000000 
 962      00000000 
 963              		.text
 964              	.Letext0:
 965              		.file 2 "Drivers/CMSIS/Device/ST/STM32F4xx/Include/stm32f407xx.h"
 966              		.file 3 "D:/Software/Arm Toolchain/arm-gnu-toolchain-13.2.rel1-mingw-w64-i686-arm-none-eabi/arm-gn
 967              		.file 4 "D:/Software/Arm Toolchain/arm-gnu-toolchain-13.2.rel1-mingw-w64-i686-arm-none-eabi/arm-gn
 968              		.file 5 "Drivers/STM32F4xx_HAL_Driver/Inc/stm32f4xx_hal_def.h"
 969              		.file 6 "Drivers/STM32F4xx_HAL_Driver/Inc/stm32f4xx_hal_gpio.h"
 970              		.file 7 "Drivers/STM32F4xx_HAL_Driver/Inc/stm32f4xx_hal_dma.h"
 971              		.file 8 "Drivers/STM32F4xx_HAL_Driver/Inc/stm32f4xx_hal_uart.h"
 972              		.file 9 "ThirdParty/FreeRTOS/portable/GCC/ARM_CM4F/portmacro.h"
 973              		.file 10 "ThirdParty/FreeRTOS/include/FreeRTOS.h"
 974              		.file 11 "ThirdParty/FreeRTOS/include/task.h"
 975              		.file 12 "ThirdParty/FreeRTOS/include/queue.h"
 976              		.file 13 "Core/Src/Middleware/Active_Object/active_object.h"
 977              		.file 14 "Core/Src/Middleware/Topic/topic.h"
 978              		.file 15 "Core/Src/Application/Motor_Communicator/motor_communicator.h"
 979              		.file 16 "Core/Src/Application/Computer_Communicator/computer_communicator.h"
 980              		.file 17 "Drivers/STM32F4xx_HAL_Driver/Inc/stm32f4xx_hal_cortex.h"
ARM GAS  C:\Users\ACER\AppData\Local\Temp\cc1EOreK.s 			page 26


DEFINED SYMBOLS
                            *ABS*:00000000 usart.c
C:\Users\ACER\AppData\Local\Temp\cc1EOreK.s:21     .text.ExtractMessage:00000000 $t
C:\Users\ACER\AppData\Local\Temp\cc1EOreK.s:26     .text.ExtractMessage:00000000 ExtractMessage
C:\Users\ACER\AppData\Local\Temp\cc1EOreK.s:120    .text.ExtractMessage:00000044 $d
C:\Users\ACER\AppData\Local\Temp\cc1EOreK.s:944    .rodata.TEN_POWER:00000000 TEN_POWER
C:\Users\ACER\AppData\Local\Temp\cc1EOreK.s:125    .text.UART_Init:00000000 $t
C:\Users\ACER\AppData\Local\Temp\cc1EOreK.s:130    .text.UART_Init:00000000 UART_Init
C:\Users\ACER\AppData\Local\Temp\cc1EOreK.s:227    .text.UART_Init:00000048 $d
C:\Users\ACER\AppData\Local\Temp\cc1EOreK.s:234    .text.HAL_UART_TxCpltCallback:00000000 $t
C:\Users\ACER\AppData\Local\Temp\cc1EOreK.s:240    .text.HAL_UART_TxCpltCallback:00000000 HAL_UART_TxCpltCallback
C:\Users\ACER\AppData\Local\Temp\cc1EOreK.s:342    .text.HAL_UART_TxCpltCallback:00000054 $d
C:\Users\ACER\AppData\Local\Temp\cc1EOreK.s:938    .rodata.motor_sended_event.7:00000000 motor_sended_event.7
C:\Users\ACER\AppData\Local\Temp\cc1EOreK.s:932    .rodata.sensor_event.6:00000000 sensor_event.6
C:\Users\ACER\AppData\Local\Temp\cc1EOreK.s:353    .text.HAL_UART_RxCpltCallback:00000000 $t
C:\Users\ACER\AppData\Local\Temp\cc1EOreK.s:359    .text.HAL_UART_RxCpltCallback:00000000 HAL_UART_RxCpltCallback
C:\Users\ACER\AppData\Local\Temp\cc1EOreK.s:564    .text.HAL_UART_RxCpltCallback:000000c0 $d
C:\Users\ACER\AppData\Local\Temp\cc1EOreK.s:926    .bss.byte_data.5:00000000 byte_data.5
C:\Users\ACER\AppData\Local\Temp\cc1EOreK.s:921    .bss.is_data_comming.4:00000000 is_data_comming.4
C:\Users\ACER\AppData\Local\Temp\cc1EOreK.s:916    .bss.recived_message.3:00000000 recived_message.3
C:\Users\ACER\AppData\Local\Temp\cc1EOreK.s:910    .bss.d.2:00000000 d.2
C:\Users\ACER\AppData\Local\Temp\cc1EOreK.s:904    .bss.pulse_width_command.1:00000000 pulse_width_command.1
C:\Users\ACER\AppData\Local\Temp\cc1EOreK.s:898    .rodata.pwc_evt.0:00000000 pwc_evt.0
C:\Users\ACER\AppData\Local\Temp\cc1EOreK.s:579    .text.USART2_IRQHandler:00000000 $t
C:\Users\ACER\AppData\Local\Temp\cc1EOreK.s:585    .text.USART2_IRQHandler:00000000 USART2_IRQHandler
C:\Users\ACER\AppData\Local\Temp\cc1EOreK.s:605    .text.USART2_IRQHandler:0000000c $d
C:\Users\ACER\AppData\Local\Temp\cc1EOreK.s:961    .bss.huart2:00000000 huart2
C:\Users\ACER\AppData\Local\Temp\cc1EOreK.s:610    .text.USART3_IRQHandler:00000000 $t
C:\Users\ACER\AppData\Local\Temp\cc1EOreK.s:616    .text.USART3_IRQHandler:00000000 USART3_IRQHandler
C:\Users\ACER\AppData\Local\Temp\cc1EOreK.s:636    .text.USART3_IRQHandler:0000000c $d
C:\Users\ACER\AppData\Local\Temp\cc1EOreK.s:954    .bss.huart3:00000000 huart3
C:\Users\ACER\AppData\Local\Temp\cc1EOreK.s:641    .text.Driver_USART_Init:00000000 $t
C:\Users\ACER\AppData\Local\Temp\cc1EOreK.s:647    .text.Driver_USART_Init:00000000 Driver_USART_Init
C:\Users\ACER\AppData\Local\Temp\cc1EOreK.s:680    .text.Driver_USART_Init:0000001c $d
C:\Users\ACER\AppData\Local\Temp\cc1EOreK.s:687    .text.HAL_UART_MspInit:00000000 $t
C:\Users\ACER\AppData\Local\Temp\cc1EOreK.s:693    .text.HAL_UART_MspInit:00000000 HAL_UART_MspInit
C:\Users\ACER\AppData\Local\Temp\cc1EOreK.s:886    .text.HAL_UART_MspInit:000000d0 $d
C:\Users\ACER\AppData\Local\Temp\cc1EOreK.s:895    .rodata.pwc_evt.0:00000000 $d
C:\Users\ACER\AppData\Local\Temp\cc1EOreK.s:901    .bss.pulse_width_command.1:00000000 $d
C:\Users\ACER\AppData\Local\Temp\cc1EOreK.s:907    .bss.d.2:00000000 $d
C:\Users\ACER\AppData\Local\Temp\cc1EOreK.s:913    .bss.recived_message.3:00000000 $d
C:\Users\ACER\AppData\Local\Temp\cc1EOreK.s:922    .bss.is_data_comming.4:00000000 $d
C:\Users\ACER\AppData\Local\Temp\cc1EOreK.s:927    .bss.byte_data.5:00000000 $d
C:\Users\ACER\AppData\Local\Temp\cc1EOreK.s:929    .rodata.sensor_event.6:00000000 $d
C:\Users\ACER\AppData\Local\Temp\cc1EOreK.s:935    .rodata.motor_sended_event.7:00000000 $d
C:\Users\ACER\AppData\Local\Temp\cc1EOreK.s:941    .rodata.TEN_POWER:00000000 $d
C:\Users\ACER\AppData\Local\Temp\cc1EOreK.s:951    .bss.huart3:00000000 $d
C:\Users\ACER\AppData\Local\Temp\cc1EOreK.s:958    .bss.huart2:00000000 $d

UNDEFINED SYMBOLS
HAL_UART_Init
ao_motor_communicator
ao_computer_communicator
HAL_UART_Receive_IT
xQueueGenericSendFromISR
rx_byte_data
motor_communicator
ARM GAS  C:\Users\ACER\AppData\Local\Temp\cc1EOreK.s 			page 27


HAL_UART_IRQHandler
HAL_GPIO_Init
HAL_NVIC_SetPriority
HAL_NVIC_EnableIRQ
